-- Catapult System Level Synthesis: Report                                              
-- -------------------------------- ---------------------------------------------------
-- Version:                         2011a.41 Production Release                         
-- Build Date:                      Thu Apr  7 20:28:55 PDT 2011                        
                                                                                        
-- Generated by:                    ss@DESKTOP-UB05SU4                                  
-- Generated date:                  Sat Apr 20 18:41:42 +0430 2019                      

Solution Settings: Convolotion.v12
  Current state: extract
  Project: Catapult
  
  Design Input Files Specified
    $PROJECT_HOME/ESL_CA2.c
      $MGC_HOME/shared/include/ac_int.h
      $MGC_HOME/shared/include/ac_fixed.h
  
  Processes/Blocks in Design
    Process           Real Operation(s) count Latency Throughput Reset Length II Comments 
    ----------------- ----------------------- ------- ---------- ------------ -- --------
    /Convolotion/core                      79 6041085    6041601            0  0          
    Design Total:                          79 6041085    6041601            0  0          
    
  Bill Of Materials (Datapath)
    Component Name                         Area Score Area(DSP_block_9-bit_elems) Area(LUTs) Delay Post Alloc Post Assign 
    -------------------------------------- ---------- --------------------------- ---------- ----- ---------- -----------
    [Lib: mgc_Altera-Cyclone-II-6_beh_psr]                                                                                
    mgc_add(2,0,1,1,3)                          3.000                       0.000      3.000 0.809          2           2 
    mgc_add(2,0,2,0,3)                          3.353                       0.000      3.353 0.971          3           4 
    mgc_add(3,0,3,0,4)                          4.343                       0.000      4.343 1.039          2           1 
    mgc_add(8,0,5,0,9)                          9.307                       0.000      9.307 1.422          1           1 
    mgc_add(9,0,3,1,11)                        10.000                       0.000     10.000 1.105          3           3 
    mgc_and(1,2)                                0.730                       0.000      0.730 0.409          0           5 
    mgc_and(1,3)                                1.054                       0.000      1.054 0.648          0           1 
    mgc_and(1,4)                                1.379                       0.000      1.379 0.818          0           1 
    mgc_and(2,2)                                1.460                       0.000      1.460 0.409          0           2 
    mgc_and(6,2)                                4.379                       0.000      4.379 0.409          0           1 
    mgc_and(9,2)                                6.568                       0.000      6.568 0.409          0           2 
    mgc_mul(5,0,8,0,12)                       340.285                       2.000     10.285 2.858          1           1 
    mgc_mux(1,1,2)                              0.919                       0.000      0.919 0.947          2           3 
    mgc_mux(1,4,16)                            10.065                       0.000     10.065 2.684          1           1 
    mgc_mux(10,1,2)                             9.194                       0.000      9.194 0.947          0           1 
    mgc_mux(2,1,2)                              1.839                       0.000      1.839 0.947          0           5 
    mgc_mux(2,4,16)                            20.129                       0.000     20.129 2.684          1           1 
    mgc_mux(6,1,2)                              5.517                       0.000      5.517 0.947          1           1 
    mgc_mux(9,1,2)                              8.275                       0.000      8.275 0.947          0           4 
    mgc_nand(1,2)                               0.730                       0.000      0.730 0.398          0           1 
    mgc_nor(1,2)                                0.730                       0.000      0.730 0.409          0          12 
    mgc_nor(1,3)                                1.054                       0.000      1.054 0.648          0           2 
    mgc_nor(1,7)                                2.353                       0.000      2.353 1.148          0           1 
    mgc_not(1)                                  0.000                       0.000      0.000 0.000          0          12 
    mgc_not(2)                                  0.000                       0.000      0.000 0.000          0           1 
    mgc_or(1,2)                                 0.730                       0.000      0.730 0.398          0           2 
    mgc_or(1,3)                                 1.054                       0.000      1.054 0.631          0           5 
    mgc_or(1,4)                                 1.379                       0.000      1.379 0.796          0           3 
    mgc_or(8,2)                                 5.839                       0.000      5.839 0.398          1           1 
    mgc_reg_pos(1,0,0,1,1,0,0)                  0.000                       0.000      0.000 0.000          0           5 
    mgc_reg_pos(10,0,0,1,1,0,0)                 0.000                       0.000      0.000 0.000          0           1 
    mgc_reg_pos(2,0,0,1,1,0,0)                  0.000                       0.000      0.000 0.000          0           3 
    mgc_reg_pos(6,0,0,1,1,0,0)                  0.000                       0.000      0.000 0.000          0           1 
    mgc_reg_pos(9,0,0,1,1,0,0)                  0.000                       0.000      0.000 0.000          0           2 
    [Lib: ram_Altera-Cyclone-II-6_RAMSB]                                                                                  
    singleport(1,262144,8,18,0,1,0,0,0,1,1      0.000                       0.000      0.000 0.010          1           0 
    singleport(2,262144,8,18,0,1,0,0,0,1,1      0.000                       0.000      0.000 0.010          1           0 
                                                                                                                          
    TOTAL AREA (After Assignment):            550.478                       2.000    220.000                              
    
  Area Scores
                      Post-Scheduling  Post-DP & FSM Post-Assignment 
    ----------------- --------------- -------------- ---------------
    Total Area Score:    447.7          782.3           553.5        
    Total Reg:             0.0            0.0             0.0        
                                                                     
    DataPath:            447.7 (100%)   779.3 (100%)    550.5  (99%) 
      MUX:                37.5   (8%)   238.0  (31%)     90.0  (16%) 
      FUNC:              404.3  (90%)   491.0  (63%)    403.3  (73%) 
      LOGIC:               5.8   (1%)    50.2   (6%)     57.2  (10%) 
      BUFFER:              0.0            0.0             0.0        
      MEM:                 0.0            0.0             0.0        
      ROM:                 0.0            0.0             0.0        
      REG:                 0.0            0.0             0.0        
                                                                     
    
    FSM:                   0.0            3.0   (0%)      3.0   (1%) 
      FSM-REG:             0.0            0.0             0.0        
      FSM-COMB:            0.0            3.0 (100%)      3.0 (100%) 
                                                                     
    
  Register-to-Variable Mappings
    Register                   Size(bits) Gated Register CG Opt Done Variables                                             
    -------------------------- ---------- -------------- ----------- -----------------------------------------------------
    Drow#1.sva                         10                            Drow#1.sva                                            
    Dcolumn#1.sva#2                     9                            Dcolumn#1.sva#2                                       
    reg#1                               9                            Drow#4.sva                                            
                                                                     for:for-1:acc#3.psp.sva                               
    Result.reg#1                        6                            Result.sg1#1.lpi#4                                    
                                                                     Result.sg1#1.lpi#4.dfm                                
                                                                     Result.sg1#2.lpi#4                                    
                                                                     Result.sg1#2.lpi#4.dfm                                
                                                                     Result.sg1.lpi#4                                      
                                                                     Result.sg1.lpi#4.dfm                                  
    for:for:for:for:else.reg            2                            for:for:for:for:else:mux#2.itm                        
                                                                     for:for:for:for:else:mux#4.itm                        
                                                                     for:for:for:for:else:mux.itm                          
    reg#2                               2                            Krow#1.sva                                            
                                                                     Krow#2.sva                                            
                                                                     Krow#3.sva                                            
                                                                     Krow#3.sva#1                                          
                                                                     Krow#1.sva#1                                          
                                                                     Krow#2.sva#1                                          
    reg#3                               2                            Kcolumn#1.sva                                         
                                                                     Kcolumn#2.sva                                         
                                                                     Kcolumn#3.sva                                         
    Result.reg                          1                            Result.sg2#1.lpi#4                                    
                                                                     Result.sg2#1.lpi#4.dfm                                
                                                                     Result.sg2#2.lpi#4                                    
                                                                     Result.sg2#2.lpi#4.dfm                                
                                                                     Result.sg2.lpi#4                                      
                                                                     Result.sg2.lpi#4.dfm                                  
    for.reg                             1                            for:for-1:for:for:slc.itm                             
                                                                     for:for-2:for:for:slc.itm                             
                                                                     for:for-3:for:for:slc.itm                             
    for:for:for:for.reg                 1                            for:for:for:for:lor#4.lpi#4.dfm.st                    
                                                                     for:for:for:for:lor#5.lpi#4.dfm.st                    
                                                                     for:for:for:for:lor.lpi#4.dfm.st                      
    for:for:for:for:else.reg#1          1                            for:for:for:for:else:mux#1.itm                        
                                                                     for:for:for:for:else:mux#3.itm                        
                                                                     for:for:for:for:else:mux#5.itm                        
    reg#4                               1                            Result#1.lpi#4                                        
                                                                     Result#1.lpi#4.dfm                                    
                                                                     Result#2.lpi#4                                        
                                                                     Result#2.lpi#4.dfm                                    
                                                                     Result#3.lpi#4                                        
                                                                     Result#3.lpi#4.dfm                                    
                                                                                                                           
    Total:                             45              0           0 (Total Gating Ratio: 0.00, CG Opt Gating Ratio: 0.00) 
    
  Timing Report
    Critical Path
      Max Delay:  9.433273000000002
      Slack:      10.566726999999998
      
      Path                                                                                Startpoint                                       Endpoint                           Delay  Slack   
      ----------------------------------------------------------------------------------- ------------------------------------------------ ---------------------------------- ------ -------
      1                                                                                   Convolotion/in:rsc:singleport.data_out           Convolotion:core/reg(Result.reg)   9.4333 10.5667 
                                                                                                                                                                                             
        Instance                                                                          Component                                                                           Delta  Delay   
        --------                                                                          ---------                                                                           -----  -----   
        Convolotion/in:rsc:singleport.data_out                                                                                                                                3.4000 3.4000  
        Convolotion:core/in:rsc:singleport.data_out                                                                                                                           0.0000 3.4000  
        Convolotion:core/for:for-1:for:for:else:mul#2                                     mgc_mul_5_0_8_0_12                                                                  2.8582 6.2582  
        Convolotion:core/for:for-1:for:for:else:mul#2.itm                                                                                                                     0.0000 6.2582  
        Convolotion:core/for:for-1:for:for:else:slc(for:for:for:for:else:mul#1.sdt)#1                                                                                         0.0000 6.2582  
        Convolotion:core/for:for-1:for:for:else:slc(for:for:for:for:else:mul#1.sdt)#1.itm                                                                                     0.0000 6.2582  
        Convolotion:core/for:for-1:for:for:else:acc#4                                     mgc_add_8_0_5_0_9                                                                   1.4216 7.6797  
        Convolotion:core/slc.sat#1.sva                                                                                                                                        0.0000 7.6797  
        Convolotion:core/slc(slc.sat#1.sva)                                                                                                                                   0.0000 7.6797  
        Convolotion:core/slc(slc.sat#1.sva).itm                                                                                                                               0.0000 7.6797  
        Convolotion:core/or#84                                                            mgc_or_8_2                                                                          0.3979 8.0776  
        Convolotion:core/for:for:for:for:else:ac_fixed:cctor#1.sva                                                                                                            0.0000 8.0776  
        Convolotion:core/slc(for:for:for:for:else:ac_fixed:cctor#1.sva)#2                                                                                                     0.0000 8.0776  
        Convolotion:core/slc(for:for:for:for:else:ac_fixed:cctor#1.sva)#2.itm                                                                                                 0.0000 8.0776  
        Convolotion:core/mux#12                                                           mgc_mux_1_1_2                                                                       0.9467 9.0244  
        Convolotion:core/mux#12.itm                                                                                                                                           0.0000 9.0244  
        Convolotion:core/and#50                                                           mgc_and_1_2                                                                         0.4089 9.4333  
        Convolotion:core/and#50.itm                                                                                                                                           0.0000 9.4333  
        Convolotion:core/reg(Result.reg)                                                  mgc_reg_pos_1_0_0_1_1_0_0                                                           0.0000 9.4333  
                                                                                                                                                                                             
      2                                                                                   Convolotion/in:rsc:singleport.data_out           Convolotion:core/reg(Result.reg#1) 9.4333 10.5667 
                                                                                                                                                                                             
        Instance                                                                          Component                                                                           Delta  Delay   
        --------                                                                          ---------                                                                           -----  -----   
        Convolotion/in:rsc:singleport.data_out                                                                                                                                3.4000 3.4000  
        Convolotion:core/in:rsc:singleport.data_out                                                                                                                           0.0000 3.4000  
        Convolotion:core/for:for-1:for:for:else:mul#2                                     mgc_mul_5_0_8_0_12                                                                  2.8582 6.2582  
        Convolotion:core/for:for-1:for:for:else:mul#2.itm                                                                                                                     0.0000 6.2582  
        Convolotion:core/for:for-1:for:for:else:slc(for:for:for:for:else:mul#1.sdt)#1                                                                                         0.0000 6.2582  
        Convolotion:core/for:for-1:for:for:else:slc(for:for:for:for:else:mul#1.sdt)#1.itm                                                                                     0.0000 6.2582  
        Convolotion:core/for:for-1:for:for:else:acc#4                                     mgc_add_8_0_5_0_9                                                                   1.4216 7.6797  
        Convolotion:core/slc.sat#1.sva                                                                                                                                        0.0000 7.6797  
        Convolotion:core/slc(slc.sat#1.sva)                                                                                                                                   0.0000 7.6797  
        Convolotion:core/slc(slc.sat#1.sva).itm                                                                                                                               0.0000 7.6797  
        Convolotion:core/or#84                                                            mgc_or_8_2                                                                          0.3979 8.0776  
        Convolotion:core/for:for:for:for:else:ac_fixed:cctor#1.sva                                                                                                            0.0000 8.0776  
        Convolotion:core/slc(for:for:for:for:else:ac_fixed:cctor#1.sva)#1                                                                                                     0.0000 8.0776  
        Convolotion:core/slc(for:for:for:for:else:ac_fixed:cctor#1.sva)#1.itm                                                                                                 0.0000 8.0776  
        Convolotion:core/mux#11                                                           mgc_mux_6_1_2                                                                       0.9467 9.0244  
        Convolotion:core/mux#11.itm                                                                                                                                           0.0000 9.0244  
        Convolotion:core/and#49                                                           mgc_and_6_2                                                                         0.4089 9.4333  
        Convolotion:core/and#49.itm                                                                                                                                           0.0000 9.4333  
        Convolotion:core/reg(Result.reg#1)                                                mgc_reg_pos_6_0_0_1_1_0_0                                                           0.0000 9.4333  
                                                                                                                                                                                             
      3                                                                                   Convolotion/in:rsc:singleport.data_out           Convolotion:core/reg(Result.reg#1) 9.4333 10.5667 
                                                                                                                                                                                             
        Instance                                                                          Component                                                                           Delta  Delay   
        --------                                                                          ---------                                                                           -----  -----   
        Convolotion/in:rsc:singleport.data_out                                                                                                                                3.4000 3.4000  
        Convolotion:core/in:rsc:singleport.data_out                                                                                                                           0.0000 3.4000  
        Convolotion:core/for:for-1:for:for:else:mul#2                                     mgc_mul_5_0_8_0_12                                                                  2.8582 6.2582  
        Convolotion:core/for:for-1:for:for:else:mul#2.itm                                                                                                                     0.0000 6.2582  
        Convolotion:core/for:for-1:for:for:else:slc(for:for:for:for:else:mul#1.sdt)#1                                                                                         0.0000 6.2582  
        Convolotion:core/for:for-1:for:for:else:slc(for:for:for:for:else:mul#1.sdt)#1.itm                                                                                     0.0000 6.2582  
        Convolotion:core/for:for-1:for:for:else:acc#4                                     mgc_add_8_0_5_0_9                                                                   1.4216 7.6797  
        Convolotion:core/slc.sat#1.sva                                                                                                                                        0.0000 7.6797  
        Convolotion:core/slc(slc.sat#1.sva)#2                                                                                                                                 0.0000 7.6797  
        Convolotion:core/slc(slc.sat#1.sva)#2.itm                                                                                                                             0.0000 7.6797  
        Convolotion:core/exs#12                                                                                                                                               0.0000 7.6797  
        Convolotion:core/exs#12.itm                                                                                                                                           0.0000 7.6797  
        Convolotion:core/or#84                                                            mgc_or_8_2                                                                          0.3979 8.0776  
        Convolotion:core/for:for:for:for:else:ac_fixed:cctor#1.sva                                                                                                            0.0000 8.0776  
        Convolotion:core/slc(for:for:for:for:else:ac_fixed:cctor#1.sva)#1                                                                                                     0.0000 8.0776  
        Convolotion:core/slc(for:for:for:for:else:ac_fixed:cctor#1.sva)#1.itm                                                                                                 0.0000 8.0776  
        Convolotion:core/mux#11                                                           mgc_mux_6_1_2                                                                       0.9467 9.0244  
        Convolotion:core/mux#11.itm                                                                                                                                           0.0000 9.0244  
        Convolotion:core/and#49                                                           mgc_and_6_2                                                                         0.4089 9.4333  
        Convolotion:core/and#49.itm                                                                                                                                           0.0000 9.4333  
        Convolotion:core/reg(Result.reg#1)                                                mgc_reg_pos_6_0_0_1_1_0_0                                                           0.0000 9.4333  
                                                                                                                                                                                             
      4                                                                                   Convolotion/in:rsc:singleport.data_out           Convolotion:core/reg(reg#4)        9.4333 10.5667 
                                                                                                                                                                                             
        Instance                                                                          Component                                                                           Delta  Delay   
        --------                                                                          ---------                                                                           -----  -----   
        Convolotion/in:rsc:singleport.data_out                                                                                                                                3.4000 3.4000  
        Convolotion:core/in:rsc:singleport.data_out                                                                                                                           0.0000 3.4000  
        Convolotion:core/for:for-1:for:for:else:mul#2                                     mgc_mul_5_0_8_0_12                                                                  2.8582 6.2582  
        Convolotion:core/for:for-1:for:for:else:mul#2.itm                                                                                                                     0.0000 6.2582  
        Convolotion:core/for:for-1:for:for:else:slc(for:for:for:for:else:mul#1.sdt)#1                                                                                         0.0000 6.2582  
        Convolotion:core/for:for-1:for:for:else:slc(for:for:for:for:else:mul#1.sdt)#1.itm                                                                                     0.0000 6.2582  
        Convolotion:core/for:for-1:for:for:else:acc#4                                     mgc_add_8_0_5_0_9                                                                   1.4216 7.6797  
        Convolotion:core/slc.sat#1.sva                                                                                                                                        0.0000 7.6797  
        Convolotion:core/slc(slc.sat#1.sva)                                                                                                                                   0.0000 7.6797  
        Convolotion:core/slc(slc.sat#1.sva).itm                                                                                                                               0.0000 7.6797  
        Convolotion:core/or#84                                                            mgc_or_8_2                                                                          0.3979 8.0776  
        Convolotion:core/for:for:for:for:else:ac_fixed:cctor#1.sva                                                                                                            0.0000 8.0776  
        Convolotion:core/slc(for:for:for:for:else:ac_fixed:cctor#1.sva)                                                                                                       0.0000 8.0776  
        Convolotion:core/slc(for:for:for:for:else:ac_fixed:cctor#1.sva).itm                                                                                                   0.0000 8.0776  
        Convolotion:core/mux#15                                                           mgc_mux_1_1_2                                                                       0.9467 9.0244  
        Convolotion:core/mux#15.itm                                                                                                                                           0.0000 9.0244  
        Convolotion:core/and#54                                                           mgc_and_1_2                                                                         0.4089 9.4333  
        Convolotion:core/and#54.itm                                                                                                                                           0.0000 9.4333  
        Convolotion:core/reg(reg#4)                                                       mgc_reg_pos_1_0_0_1_1_0_0                                                           0.0000 9.4333  
                                                                                                                                                                                             
      5                                                                                   Convolotion/in:rsc:singleport.data_out           Convolotion:core/reg(reg#4)        9.4333 10.5667 
                                                                                                                                                                                             
        Instance                                                                          Component                                                                           Delta  Delay   
        --------                                                                          ---------                                                                           -----  -----   
        Convolotion/in:rsc:singleport.data_out                                                                                                                                3.4000 3.4000  
        Convolotion:core/in:rsc:singleport.data_out                                                                                                                           0.0000 3.4000  
        Convolotion:core/for:for-1:for:for:else:mul#2                                     mgc_mul_5_0_8_0_12                                                                  2.8582 6.2582  
        Convolotion:core/for:for-1:for:for:else:mul#2.itm                                                                                                                     0.0000 6.2582  
        Convolotion:core/for:for-1:for:for:else:slc(for:for:for:for:else:mul#1.sdt)#1                                                                                         0.0000 6.2582  
        Convolotion:core/for:for-1:for:for:else:slc(for:for:for:for:else:mul#1.sdt)#1.itm                                                                                     0.0000 6.2582  
        Convolotion:core/for:for-1:for:for:else:acc#4                                     mgc_add_8_0_5_0_9                                                                   1.4216 7.6797  
        Convolotion:core/slc.sat#1.sva                                                                                                                                        0.0000 7.6797  
        Convolotion:core/slc(slc.sat#1.sva)#2                                                                                                                                 0.0000 7.6797  
        Convolotion:core/slc(slc.sat#1.sva)#2.itm                                                                                                                             0.0000 7.6797  
        Convolotion:core/exs#12                                                                                                                                               0.0000 7.6797  
        Convolotion:core/exs#12.itm                                                                                                                                           0.0000 7.6797  
        Convolotion:core/or#84                                                            mgc_or_8_2                                                                          0.3979 8.0776  
        Convolotion:core/for:for:for:for:else:ac_fixed:cctor#1.sva                                                                                                            0.0000 8.0776  
        Convolotion:core/slc(for:for:for:for:else:ac_fixed:cctor#1.sva)                                                                                                       0.0000 8.0776  
        Convolotion:core/slc(for:for:for:for:else:ac_fixed:cctor#1.sva).itm                                                                                                   0.0000 8.0776  
        Convolotion:core/mux#15                                                           mgc_mux_1_1_2                                                                       0.9467 9.0244  
        Convolotion:core/mux#15.itm                                                                                                                                           0.0000 9.0244  
        Convolotion:core/and#54                                                           mgc_and_1_2                                                                         0.4089 9.4333  
        Convolotion:core/and#54.itm                                                                                                                                           0.0000 9.4333  
        Convolotion:core/reg(reg#4)                                                       mgc_reg_pos_1_0_0_1_1_0_0                                                           0.0000 9.4333  
                                                                                                                                                                                             
      6                                                                                   Convolotion:core/reg(for:for:for:for:else.reg)   Convolotion:core/reg(reg#4)        6.0333 13.9667 
                                                                                                                                                                                             
        Instance                                                                          Component                                                                           Delta  Delay   
        --------                                                                          ---------                                                                           -----  -----   
        Convolotion:core/reg(for:for:for:for:else.reg)                                    mgc_reg_pos_2_0_0_1_1_0_0                                                           0.0000 0.0000  
        Convolotion:core/for:for:for:for:else.reg                                                                                                                             0.0000 0.0000  
        Convolotion:core/conc#37                                                                                                                                              0.0000 0.0000  
        Convolotion:core/conc#37.itm                                                                                                                                          0.0000 0.0000  
        Convolotion:core/for:for-1:for:for:else:mul#2                                     mgc_mul_5_0_8_0_12                                                                  2.8582 2.8582  
        Convolotion:core/for:for-1:for:for:else:mul#2.itm                                                                                                                     0.0000 2.8582  
        Convolotion:core/for:for-1:for:for:else:slc(for:for:for:for:else:mul#1.sdt)#1                                                                                         0.0000 2.8582  
        Convolotion:core/for:for-1:for:for:else:slc(for:for:for:for:else:mul#1.sdt)#1.itm                                                                                     0.0000 2.8582  
        Convolotion:core/for:for-1:for:for:else:acc#4                                     mgc_add_8_0_5_0_9                                                                   1.4216 4.2797  
        Convolotion:core/slc.sat#1.sva                                                                                                                                        0.0000 4.2797  
        Convolotion:core/slc(slc.sat#1.sva)#2                                                                                                                                 0.0000 4.2797  
        Convolotion:core/slc(slc.sat#1.sva)#2.itm                                                                                                                             0.0000 4.2797  
        Convolotion:core/exs#12                                                                                                                                               0.0000 4.2797  
        Convolotion:core/exs#12.itm                                                                                                                                           0.0000 4.2797  
        Convolotion:core/or#84                                                            mgc_or_8_2                                                                          0.3979 4.6776  
        Convolotion:core/for:for:for:for:else:ac_fixed:cctor#1.sva                                                                                                            0.0000 4.6776  
        Convolotion:core/slc(for:for:for:for:else:ac_fixed:cctor#1.sva)                                                                                                       0.0000 4.6776  
        Convolotion:core/slc(for:for:for:for:else:ac_fixed:cctor#1.sva).itm                                                                                                   0.0000 4.6776  
        Convolotion:core/mux#15                                                           mgc_mux_1_1_2                                                                       0.9467 5.6244  
        Convolotion:core/mux#15.itm                                                                                                                                           0.0000 5.6244  
        Convolotion:core/and#54                                                           mgc_and_1_2                                                                         0.4089 6.0333  
        Convolotion:core/and#54.itm                                                                                                                                           0.0000 6.0333  
        Convolotion:core/reg(reg#4)                                                       mgc_reg_pos_1_0_0_1_1_0_0                                                           0.0000 6.0333  
                                                                                                                                                                                             
      7                                                                                   Convolotion:core/reg(for:for:for:for:else.reg#1) Convolotion:core/reg(reg#4)        6.0333 13.9667 
                                                                                                                                                                                             
        Instance                                                                          Component                                                                           Delta  Delay   
        --------                                                                          ---------                                                                           -----  -----   
        Convolotion:core/reg(for:for:for:for:else.reg#1)                                  mgc_reg_pos_1_0_0_1_1_0_0                                                           0.0000 0.0000  
        Convolotion:core/for:for:for:for:else.reg#1                                                                                                                           0.0000 0.0000  
        Convolotion:core/for:for-1:for:for:else:exs#7                                                                                                                         0.0000 0.0000  
        Convolotion:core/for:for-1:for:for:else:exs#7.itm                                                                                                                     0.0000 0.0000  
        Convolotion:core/conc#37                                                                                                                                              0.0000 0.0000  
        Convolotion:core/conc#37.itm                                                                                                                                          0.0000 0.0000  
        Convolotion:core/for:for-1:for:for:else:mul#2                                     mgc_mul_5_0_8_0_12                                                                  2.8582 2.8582  
        Convolotion:core/for:for-1:for:for:else:mul#2.itm                                                                                                                     0.0000 2.8582  
        Convolotion:core/for:for-1:for:for:else:slc(for:for:for:for:else:mul#1.sdt)#1                                                                                         0.0000 2.8582  
        Convolotion:core/for:for-1:for:for:else:slc(for:for:for:for:else:mul#1.sdt)#1.itm                                                                                     0.0000 2.8582  
        Convolotion:core/for:for-1:for:for:else:acc#4                                     mgc_add_8_0_5_0_9                                                                   1.4216 4.2797  
        Convolotion:core/slc.sat#1.sva                                                                                                                                        0.0000 4.2797  
        Convolotion:core/slc(slc.sat#1.sva)#2                                                                                                                                 0.0000 4.2797  
        Convolotion:core/slc(slc.sat#1.sva)#2.itm                                                                                                                             0.0000 4.2797  
        Convolotion:core/exs#12                                                                                                                                               0.0000 4.2797  
        Convolotion:core/exs#12.itm                                                                                                                                           0.0000 4.2797  
        Convolotion:core/or#84                                                            mgc_or_8_2                                                                          0.3979 4.6776  
        Convolotion:core/for:for:for:for:else:ac_fixed:cctor#1.sva                                                                                                            0.0000 4.6776  
        Convolotion:core/slc(for:for:for:for:else:ac_fixed:cctor#1.sva)                                                                                                       0.0000 4.6776  
        Convolotion:core/slc(for:for:for:for:else:ac_fixed:cctor#1.sva).itm                                                                                                   0.0000 4.6776  
        Convolotion:core/mux#15                                                           mgc_mux_1_1_2                                                                       0.9467 5.6244  
        Convolotion:core/mux#15.itm                                                                                                                                           0.0000 5.6244  
        Convolotion:core/and#54                                                           mgc_and_1_2                                                                         0.4089 6.0333  
        Convolotion:core/and#54.itm                                                                                                                                           0.0000 6.0333  
        Convolotion:core/reg(reg#4)                                                       mgc_reg_pos_1_0_0_1_1_0_0                                                           0.0000 6.0333  
                                                                                                                                                                                             
      8                                                                                   Convolotion:core/reg(reg#2)                      Convolotion/in:rsc:singleport.re   5.7784 14.2216 
                                                                                                                                                                                             
        Instance                                                                          Component                                                                           Delta  Delay   
        --------                                                                          ---------                                                                           -----  -----   
        Convolotion:core/reg(reg#2)                                                       mgc_reg_pos_2_0_0_1_1_0_0                                                           0.0000 0.0000  
        Convolotion:core/reg#2                                                                                                                                                0.0000 0.0000  
        Convolotion:core/for:for:for:for:acc#12                                           mgc_add_2_0_1_1_3                                                                   0.8086 0.8086  
        Convolotion:core/for:for:for:for:acc#12.itm                                                                                                                           0.0000 0.8086  
        Convolotion:core/mux#25                                                           mgc_mux_2_1_2                                                                       0.9468 1.7554  
        Convolotion:core/mux#25.itm                                                                                                                                           0.0000 1.7554  
        Convolotion:core/exs#18                                                                                                                                               0.0000 1.7554  
        Convolotion:core/exs.itm#1                                                                                                                                            0.0000 1.7554  
        Convolotion:core/for:mgc_Altera-Cyclone-II-6_beh_psr.mgc_add(9,0,3,1,11)          mgc_add_9_0_3_1_11                                                                  1.1052 2.8605  
        Convolotion:core/z.out#2                                                                                                                                              0.0000 2.8605  
        Convolotion:core/slc(conv2.sva)#1                                                                                                                                     0.0000 2.8605  
        Convolotion:core/slc(conv2.sva)#1.itm                                                                                                                                 0.0000 2.8605  
        Convolotion:core/for:for-3:for:for:oelse#2:not                                    mgc_not_2                                                                           0.0000 2.8605  
        Convolotion:core/for:for-3:for:for:oelse#2:not.itm                                                                                                                    0.0000 2.8605  
        Convolotion:core/for:for-3:for:for:oelse#2:acc                                    mgc_add_2_0_2_0_3                                                                   0.9715 3.8320  
        Convolotion:core/for:for-3:for:for:oelse#2:acc.itm                                                                                                                    0.0000 3.8320  
        Convolotion:core/for:for-3:for:for:oelse#2:slc#1                                                                                                                      0.0000 3.8320  
        Convolotion:core/for:for-3:for:for:oelse#2:slc#1.itm                                                                                                                  0.0000 3.8320  
        Convolotion:core/nor#12                                                           mgc_nor_1_2                                                                         0.4089 4.2409  
        Convolotion:core/nor#12.itm                                                                                                                                           0.0000 4.2409  
        Convolotion:core/and#30                                                           mgc_and_1_2                                                                         0.4089 4.6498  
        Convolotion:core/and#30.itm                                                                                                                                           0.0000 4.6498  
        Convolotion:core/or#47                                                            mgc_or_1_3                                                                          0.6307 5.2805  
        Convolotion:core/or#47.itm                                                                                                                                            0.0000 5.2805  
        Convolotion:core/nand#1                                                           mgc_nand_1_2                                                                        0.3979 5.6784  
        Convolotion:core/in:rsc:singleport.re                                                                                                                                 0.0000 5.6784  
        Convolotion/in:rsc:singleport.re.reg                                                                                                                                  0.0000 5.6784  
        Convolotion/asn(in:rsc:singleport.re)                                                                                                                                 0.0000 5.6784  
        Convolotion/in:rsc:singleport.re                                                                                                                                      0.1000 5.7784  
                                                                                                                                                                                             
      9                                                                                   Convolotion:core/Convolotion:core:fsm:inst       Convolotion/in:rsc:singleport.re   5.6004 14.3996 
                                                                                                                                                                                             
        Instance                                                                          Component                                                                           Delta  Delay   
        --------                                                                          ---------                                                                           -----  -----   
        Convolotion:core/Convolotion:core:fsm:inst                                        Convolotion:core:fsm                                                                0.0000 0.0000  
        Convolotion:core/fsm_output                                                                                                                                           0.0000 0.0000  
        Convolotion:core/slc(fsm_output)#86                                                                                                                                   0.0000 0.0000  
        Convolotion:core/slc(fsm_output)#86.itm                                                                                                                               0.0000 0.0000  
        Convolotion:core/or#79                                                            mgc_or_1_3                                                                          0.6307 0.6307  
        Convolotion:core/or#79.itm                                                                                                                                            0.0000 0.6307  
        Convolotion:core/mux#25                                                           mgc_mux_2_1_2                                                                       0.9468 1.5774  
        Convolotion:core/mux#25.itm                                                                                                                                           0.0000 1.5774  
        Convolotion:core/exs#18                                                                                                                                               0.0000 1.5774  
        Convolotion:core/exs.itm#1                                                                                                                                            0.0000 1.5774  
        Convolotion:core/for:mgc_Altera-Cyclone-II-6_beh_psr.mgc_add(9,0,3,1,11)          mgc_add_9_0_3_1_11                                                                  1.1052 2.6826  
        Convolotion:core/z.out#2                                                                                                                                              0.0000 2.6826  
        Convolotion:core/slc(conv2.sva)#1                                                                                                                                     0.0000 2.6826  
        Convolotion:core/slc(conv2.sva)#1.itm                                                                                                                                 0.0000 2.6826  
        Convolotion:core/for:for-3:for:for:oelse#2:not                                    mgc_not_2                                                                           0.0000 2.6826  
        Convolotion:core/for:for-3:for:for:oelse#2:not.itm                                                                                                                    0.0000 2.6826  
        Convolotion:core/for:for-3:for:for:oelse#2:acc                                    mgc_add_2_0_2_0_3                                                                   0.9715 3.6541  
        Convolotion:core/for:for-3:for:for:oelse#2:acc.itm                                                                                                                    0.0000 3.6541  
        Convolotion:core/for:for-3:for:for:oelse#2:slc#1                                                                                                                      0.0000 3.6541  
        Convolotion:core/for:for-3:for:for:oelse#2:slc#1.itm                                                                                                                  0.0000 3.6541  
        Convolotion:core/nor#12                                                           mgc_nor_1_2                                                                         0.4089 4.0629  
        Convolotion:core/nor#12.itm                                                                                                                                           0.0000 4.0629  
        Convolotion:core/and#30                                                           mgc_and_1_2                                                                         0.4089 4.4718  
        Convolotion:core/and#30.itm                                                                                                                                           0.0000 4.4718  
        Convolotion:core/or#47                                                            mgc_or_1_3                                                                          0.6307 5.1025  
        Convolotion:core/or#47.itm                                                                                                                                            0.0000 5.1025  
        Convolotion:core/nand#1                                                           mgc_nand_1_2                                                                        0.3979 5.5004  
        Convolotion:core/in:rsc:singleport.re                                                                                                                                 0.0000 5.5004  
        Convolotion/in:rsc:singleport.re.reg                                                                                                                                  0.0000 5.5004  
        Convolotion/asn(in:rsc:singleport.re)                                                                                                                                 0.0000 5.5004  
        Convolotion/in:rsc:singleport.re                                                                                                                                      0.1000 5.6004  
                                                                                                                                                                                             
      10                                                                                  Convolotion:core/Convolotion:core:fsm:inst       Convolotion/in:rsc:singleport.re   5.6004 14.3996 
                                                                                                                                                                                             
        Instance                                                                          Component                                                                           Delta  Delay   
        --------                                                                          ---------                                                                           -----  -----   
        Convolotion:core/Convolotion:core:fsm:inst                                        Convolotion:core:fsm                                                                0.0000 0.0000  
        Convolotion:core/fsm_output                                                                                                                                           0.0000 0.0000  
        Convolotion:core/slc(fsm_output)#91                                                                                                                                   0.0000 0.0000  
        Convolotion:core/slc(fsm_output)#91.itm                                                                                                                               0.0000 0.0000  
        Convolotion:core/or#79                                                            mgc_or_1_3                                                                          0.6307 0.6307  
        Convolotion:core/or#79.itm                                                                                                                                            0.0000 0.6307  
        Convolotion:core/mux#25                                                           mgc_mux_2_1_2                                                                       0.9468 1.5774  
        Convolotion:core/mux#25.itm                                                                                                                                           0.0000 1.5774  
        Convolotion:core/exs#18                                                                                                                                               0.0000 1.5774  
        Convolotion:core/exs.itm#1                                                                                                                                            0.0000 1.5774  
        Convolotion:core/for:mgc_Altera-Cyclone-II-6_beh_psr.mgc_add(9,0,3,1,11)          mgc_add_9_0_3_1_11                                                                  1.1052 2.6826  
        Convolotion:core/z.out#2                                                                                                                                              0.0000 2.6826  
        Convolotion:core/slc(conv2.sva)#1                                                                                                                                     0.0000 2.6826  
        Convolotion:core/slc(conv2.sva)#1.itm                                                                                                                                 0.0000 2.6826  
        Convolotion:core/for:for-3:for:for:oelse#2:not                                    mgc_not_2                                                                           0.0000 2.6826  
        Convolotion:core/for:for-3:for:for:oelse#2:not.itm                                                                                                                    0.0000 2.6826  
        Convolotion:core/for:for-3:for:for:oelse#2:acc                                    mgc_add_2_0_2_0_3                                                                   0.9715 3.6541  
        Convolotion:core/for:for-3:for:for:oelse#2:acc.itm                                                                                                                    0.0000 3.6541  
        Convolotion:core/for:for-3:for:for:oelse#2:slc#1                                                                                                                      0.0000 3.6541  
        Convolotion:core/for:for-3:for:for:oelse#2:slc#1.itm                                                                                                                  0.0000 3.6541  
        Convolotion:core/nor#12                                                           mgc_nor_1_2                                                                         0.4089 4.0629  
        Convolotion:core/nor#12.itm                                                                                                                                           0.0000 4.0629  
        Convolotion:core/and#30                                                           mgc_and_1_2                                                                         0.4089 4.4718  
        Convolotion:core/and#30.itm                                                                                                                                           0.0000 4.4718  
        Convolotion:core/or#47                                                            mgc_or_1_3                                                                          0.6307 5.1025  
        Convolotion:core/or#47.itm                                                                                                                                            0.0000 5.1025  
        Convolotion:core/nand#1                                                           mgc_nand_1_2                                                                        0.3979 5.5004  
        Convolotion:core/in:rsc:singleport.re                                                                                                                                 0.0000 5.5004  
        Convolotion/in:rsc:singleport.re.reg                                                                                                                                  0.0000 5.5004  
        Convolotion/asn(in:rsc:singleport.re)                                                                                                                                 0.0000 5.5004  
        Convolotion/in:rsc:singleport.re                                                                                                                                      0.1000 5.6004  
                                                                                                                                                                                             
      
    Register Input and Register-to-Output Slack
      Clock period or pin-to-reg delay constraint (clk): 20.0
      Clock uncertainty constraint (clk)               : 0.0
      
      Instance                                         Port                                   Slack (Delay) Messages 
      ------------------------------------------------ ------------------------------------ ------- ------- --------
      Convolotion:core/reg(Result.reg#1)               and#49.itm                           10.5667  9.4333          
      Convolotion:core/reg(Result.reg)                 and#50.itm                           10.5667  9.4333          
      Convolotion:core/reg(Dcolumn#1.sva#2)            and.itm                              15.7838  4.2162          
      Convolotion:core/reg(reg#1)                      and#56.itm                           15.7838  4.2162          
      Convolotion:core/reg(reg#2)                      and#57.itm                           16.0955  3.9045          
      Convolotion:core/reg(reg#3)                      and#58.itm                           16.0955  3.9045          
      Convolotion:core/reg(reg#4)                      and#54.itm                           10.5667  9.4333          
      Convolotion:core/reg(for:for:for:for:else.reg#1) for:for:for:for:else:mux#1.itm       15.3726  4.6274          
      Convolotion:core/reg(for.reg)                    slc(for:for-1:for:for:acc#8.pdr).itm 16.4119  3.5881          
      Convolotion:core/reg(for:for:for:for:else.reg)   for:for:for:for:else:mux.itm         15.3726  4.6274          
      Convolotion:core/reg(for:for:for:for.reg)        mux#17.itm                           14.4254  5.5746          
      Convolotion:core/reg(Drow#1.sva)                 mux#4.itm                            16.1927  3.8073          
      Convolotion                                      in:rsc:singleport.data_in            19.8000  0.2000          
      Convolotion                                      in:rsc:singleport.addr               15.8343  4.1657          
      Convolotion                                      in:rsc:singleport.re                 14.1216  5.8784          
      Convolotion                                      in:rsc:singleport.we                 19.8000  0.2000          
      Convolotion                                      out:rsc:singleport.data_in           19.8000  0.2000          
      Convolotion                                      out:rsc:singleport.addr              18.8532  1.1468          
      Convolotion                                      out:rsc:singleport.re                19.8000  0.2000          
      Convolotion                                      out:rsc:singleport.we                19.1519  0.8481          
      
  Operator Bitwidth Summary
    Operation Size (bits) Count 
    --------- ----------- -----
    add                         
    -                  11     3 
    -                   9     1 
    -                   4     1 
    -                   3     6 
    and                         
    -                   4     1 
    -                   3     1 
    -                   2    10 
    mul                         
    -                  12     1 
    mux                         
    -                   4     2 
    -                   1    14 
    nand                        
    -                   2     1 
    nor                         
    -                   7     1 
    -                   3     2 
    -                   2    12 
    not                         
    -                   2     1 
    -                   1    12 
    or                          
    -                   4     3 
    -                   3     5 
    -                   2     3 
    reg                         
    -                  10     1 
    -                   9     2 
    -                   6     1 
    -                   2     3 
    -                   1     5 
    
  End of Report
