-- Catapult System Level Synthesis: Report                                              
-- -------------------------------- ---------------------------------------------------
-- Version:                         2011a.41 Production Release                         
-- Build Date:                      Thu Apr  7 20:28:55 PDT 2011                        
                                                                                        
-- Generated by:                    ss@DESKTOP-UB05SU4                                  
-- Generated date:                  Fri Apr 19 10:04:38 +0430 2019                      

Solution Settings: Convolotion.v1
  Current state: extract
  Project: Catapult
  
  Design Input Files Specified
    $PROJECT_HOME/ESL_CA2.c
      $MGC_HOME/shared/include/ac_int.h
      $MGC_HOME/shared/include/ac_fixed.h
  
  Processes/Blocks in Design
    Process           Real Operation(s) count Latency Throughput Reset Length II Comments 
    ----------------- ----------------------- ------- ---------- ------------ -- --------
    /Convolotion/core                      31 5767165    5767683            0  0          
    Design Total:                          31 5767165    5767683            0  0          
    
  Bill Of Materials (Datapath)
    Component Name                         Area Score Area(DSP_block_9-bit_elems) Area(LUTs) Delay Post Alloc Post Assign 
    -------------------------------------- ---------- --------------------------- ---------- ----- ---------- -----------
    [Lib: mgc_Altera-Cyclone-II-6_beh_psr]                                                                                
    mgc_add(2,0,1,0,2)                          3.357                       0.000      3.357 1.026          0           1 
    mgc_add(2,0,1,1,3)                          3.000                       0.000      3.000 0.809          2           2 
    mgc_add(2,0,2,0,2)                          3.353                       0.000      3.353 0.971          2           2 
    mgc_add(2,0,2,0,3)                          3.353                       0.000      3.353 0.971          1           2 
    mgc_add(3,0,3,0,4)                          4.343                       0.000      4.343 1.039          2           0 
    mgc_add(8,0,5,0,9)                          9.307                       0.000      9.307 1.422          1           1 
    mgc_add(9,0,3,1,11)                        10.000                       0.000     10.000 1.105          3           3 
    mgc_and(1,2)                                0.730                       0.000      0.730 0.409          0          20 
    mgc_and(1,3)                                1.054                       0.000      1.054 0.648          0           1 
    mgc_and(1,4)                                1.379                       0.000      1.379 0.818          0           1 
    mgc_and(2,2)                                1.460                       0.000      1.460 0.409          0           2 
    mgc_and(6,2)                                4.379                       0.000      4.379 0.409          0           1 
    mgc_and(9,2)                                6.568                       0.000      6.568 0.409          0           2 
    mgc_mul(5,0,8,0,12)                       340.285                       2.000     10.285 2.858          1           1 
    mgc_mux(1,1,2)                              0.919                       0.000      0.919 0.947          2           2 
    mgc_mux(1,4,16)                            10.065                       0.000     10.065 2.684          1           1 
    mgc_mux(2,1,2)                              1.839                       0.000      1.839 0.947          0           5 
    mgc_mux(2,4,16)                            20.129                       0.000     20.129 2.684          1           1 
    mgc_mux(6,1,2)                              5.517                       0.000      5.517 0.947          1           1 
    mgc_mux(8,1,2)                              7.355                       0.000      7.355 0.947          0           1 
    mgc_mux(9,1,2)                              8.275                       0.000      8.275 0.947          0           2 
    mgc_nor(1,2)                                0.730                       0.000      0.730 0.409          0           4 
    mgc_nor(1,3)                                1.054                       0.000      1.054 0.648          0           1 
    mgc_nor(1,5)                                1.704                       0.000      1.704 0.949          0           1 
    mgc_not(1)                                  0.000                       0.000      0.000 0.000          0          21 
    mgc_not(2)                                  0.000                       0.000      0.000 0.000          0           1 
    mgc_or(1,2)                                 0.730                       0.000      0.730 0.398          0           7 
    mgc_or(1,3)                                 1.054                       0.000      1.054 0.631          0           5 
    mgc_or(1,4)                                 1.379                       0.000      1.379 0.796          0           1 
    mgc_or(8,2)                                 5.839                       0.000      5.839 0.398          1           1 
    mgc_reg_pos(1,0,0,1,1,0,0)                  0.000                       0.000      0.000 0.000          0           9 
    mgc_reg_pos(1,0,0,1,1,1,1)                  0.000                       0.000      0.000 0.000          0           9 
    mgc_reg_pos(2,0,0,1,1,1,1)                  0.000                       0.000      0.000 0.000          0           3 
    mgc_reg_pos(6,0,0,1,1,1,1)                  0.000                       0.000      0.000 0.000          0           1 
    mgc_reg_pos(8,0,0,1,1,0,0)                  0.000                       0.000      0.000 0.000          0           1 
    mgc_reg_pos(9,0,0,1,1,1,1)                  0.000                       0.000      0.000 0.000          0           2 
    mgc_xor(1,3)                                1.050                       0.000      1.050 0.693          0           8 
    [Lib: mgc_ioport]                                                                                                     
    mgc_bsync_rdy(5,1,0)                        0.000                       0.000      0.000 0.000          1           1 
    mgc_bsync_rv(4,1,1)                         0.000                       0.000      0.000 0.000          1           1 
    [Lib: ram_Altera-Cyclone-II-6_RAMSB]                                                                                  
    singleport(1,262144,8,18,0,1,0,0,0,1,1      0.000                       0.000      0.000 0.010          1           0 
    singleport(2,262144,8,18,0,1,0,0,0,1,1      0.000                       0.000      0.000 0.010          1           0 
                                                                                                                          
    TOTAL AREA (After Assignment):            542.148                       2.000    212.000                              
    
  Area Scores
                      Post-Scheduling  Post-DP & FSM Post-Assignment 
    ----------------- --------------- -------------- ---------------
    Total Area Score:    447.7          657.9           543.1        
    Total Reg:             0.0            0.0             0.0        
                                                                     
    DataPath:            447.7 (100%)   656.9 (100%)    542.1 (100%) 
      MUX:                37.5   (8%)   165.5  (25%)     70.6  (13%) 
      FUNC:              404.3  (90%)   431.0  (66%)    402.4  (74%) 
      LOGIC:               5.8   (1%)    60.4   (9%)     69.1  (13%) 
      BUFFER:              0.0            0.0             0.0        
      MEM:                 0.0            0.0             0.0        
      ROM:                 0.0            0.0             0.0        
      REG:                 0.0            0.0             0.0        
                                                                     
    
    FSM:                   0.0            1.0   (0%)      1.0   (0%) 
      FSM-REG:             0.0            0.0             0.0        
      FSM-COMB:            0.0            1.0 (100%)      1.0 (100%) 
                                                                     
    
  Register-to-Variable Mappings
    Register                                 Size(bits) Gated Register CG Opt Done Variables                                             
    ---------------------------------------- ---------- -------------- ----------- -----------------------------------------------------
    Dcolumn#1.sva#2                                   9         Y                  Dcolumn#1.sva#2                                       
    Drow#1.sva#2                                      9         Y                  Drow#1.sva#2                                          
    in:rsc:singleport.data_out.bfwt                   8                            in:rsc:singleport.data_out.bfwt                       
    Result.sg1.lpi#4.reg                              6         Y                  Result.sg1.lpi#4                                      
                                                                                   Result.sg1.lpi#4.dfm                                  
    Kcolumn#1.sva                                     2         Y                  Kcolumn#1.sva                                         
    Krow#1.reg                                        2         Y                  Krow#1.sva                                            
                                                                                   Krow#1.sva#1                                          
    for:for:for:for:else:mux.itm                      2         Y                  for:for:for:for:else:mux.itm                          
    Result#1.lpi#4.reg                                1         Y                  Result#1.lpi#4                                        
                                                                                   Result#1.lpi#4.dfm                                    
    Result.sg2.lpi#4.reg                              1         Y                  Result.sg2.lpi#4                                      
                                                                                   Result.sg2.lpi#4.dfm                                  
    __done:sync:mgc_bsync_rdy.bcwt                    1                            __done:sync:mgc_bsync_rdy.bcwt                        
    __done:sync:mgc_bsync_rdy.icwt                    1                            __done:sync:mgc_bsync_rdy.icwt                        
    __start:sync:mgc_bsync_rv.bcwt                    1                            __start:sync:mgc_bsync_rv.bcwt                        
    __start:sync:mgc_bsync_rv.icwt                    1                            __start:sync:mgc_bsync_rv.icwt                        
    core.wten                                         1                            core.wten                                             
    for:for:for:for:else:mux#1.itm                    1         Y                  for:for:for:for:else:mux#1.itm                        
    for:for:for:for:lor.lpi#4.dfm.st                  1         Y                  for:for:for:for:lor.lpi#4.dfm.st                      
    for:for:for:for:slc.itm                           1         Y                  for:for:for:for:slc.itm                               
    in:rsc:singleport.bcwt#1                          1                            in:rsc:singleport.bcwt#1                              
    in:rsc:singleport.icwt#1                          1                            in:rsc:singleport.icwt#1                              
    out:rsc:singleport.bcwt                           1                            out:rsc:singleport.bcwt                               
    out:rsc:singleport.icwt                           1                            out:rsc:singleport.icwt                               
    reg(__done:sync:mgc_bsync_rdy.iswt0).cse          1         Y                  reg(__done:sync:mgc_bsync_rdy.iswt0).cse              
    reg(__start:sync:mgc_bsync_rv.iswt0).cse          1         Y                  reg(__start:sync:mgc_bsync_rv.iswt0).cse              
    reg(in:rsc:singleport.re.core.psct).cse           1         Y                  reg(in:rsc:singleport.re.core.psct).cse               
    reg(out:rsc:singleport.we.core.psct).cse          1         Y                  reg(out:rsc:singleport.we.core.psct).cse              
                                                                                                                                         
    Total:                                           56             39           0 (Total Gating Ratio: 0.70, CG Opt Gating Ratio: 0.00) 
    
  Timing Report
    Critical Path
      Max Delay:  10.380023
      Slack:      9.619977
      
      Path                                                                            Startpoint                                               Endpoint                                   Delay   Slack   
      ------------------------------------------------------------------------------- -------------------------------------------------------- ------------------------------------------ ------- -------
      1                                                                               Convolotion/in:rsc:singleport.data_out                   Convolotion:core/reg(Result.sg2.lpi#4.reg) 10.3800 9.6200  
                                                                                                                                                                                                          
        Instance                                                                      Component                                                                                           Delta   Delay   
        --------                                                                      ---------                                                                                           -----   -----   
        Convolotion/in:rsc:singleport.data_out                                                                                                                                            3.4000  3.4000  
        Convolotion:core/in:rsc:singleport.data_out                                                                                                                                       0.0000  3.4000  
        Convolotion:core/mux                                                          mgc_mux_8_1_2                                                                                       0.9468  4.3468  
        Convolotion:core/in:rsc:singleport.data_out.mxwt                                                                                                                                  0.0000  4.3468  
        Convolotion:core/for:for:for:for:else:mul#1                                   mgc_mul_5_0_8_0_12                                                                                  2.8582  7.2049  
        Convolotion:core/for:for:for:for:else:mul#1.itm                                                                                                                                   0.0000  7.2049  
        Convolotion:core/for:for:for:for:else:slc(for:for:for:for:else:mul#1.sdt)                                                                                                         0.0000  7.2049  
        Convolotion:core/for:for:for:for:else:slc(for:for:for:for:else:mul#1.sdt).itm                                                                                                     0.0000  7.2049  
        Convolotion:core/for:for:for:for:else:acc#4                                   mgc_add_8_0_5_0_9                                                                                   1.4216  8.6265  
        Convolotion:core/slc.sat.sva                                                                                                                                                      0.0000  8.6265  
        Convolotion:core/slc(slc.sat.sva)                                                                                                                                                 0.0000  8.6265  
        Convolotion:core/slc(slc.sat.sva).itm                                                                                                                                             0.0000  8.6265  
        Convolotion:core/for:for:for:for:else:or                                      mgc_or_8_2                                                                                          0.3979  9.0244  
        Convolotion:core/for:for:for:for:else:ac_fixed:cctor.sva                                                                                                                          0.0000  9.0244  
        Convolotion:core/slc(for:for:for:for:else:ac_fixed:cctor.sva)#2                                                                                                                   0.0000  9.0244  
        Convolotion:core/slc(for:for:for:for:else:ac_fixed:cctor.sva)#2.itm                                                                                                               0.0000  9.0244  
        Convolotion:core/mux#17                                                       mgc_mux_1_1_2                                                                                       0.9467  9.9711  
        Convolotion:core/mux#17.itm                                                                                                                                                       0.0000  9.9711  
        Convolotion:core/and#28                                                       mgc_and_1_2                                                                                         0.4089  10.3800 
        Convolotion:core/and#28.itm                                                                                                                                                       0.0000  10.3800 
        Convolotion:core/reg(Result.sg2.lpi#4.reg)                                    mgc_reg_pos_1_0_0_1_1_1_1                                                                           0.0000  10.3800 
                                                                                                                                                                                                          
      2                                                                               Convolotion/in:rsc:singleport.data_out                   Convolotion:core/reg(Result.sg1.lpi#4.reg) 10.3800 9.6200  
                                                                                                                                                                                                          
        Instance                                                                      Component                                                                                           Delta   Delay   
        --------                                                                      ---------                                                                                           -----   -----   
        Convolotion/in:rsc:singleport.data_out                                                                                                                                            3.4000  3.4000  
        Convolotion:core/in:rsc:singleport.data_out                                                                                                                                       0.0000  3.4000  
        Convolotion:core/mux                                                          mgc_mux_8_1_2                                                                                       0.9468  4.3468  
        Convolotion:core/in:rsc:singleport.data_out.mxwt                                                                                                                                  0.0000  4.3468  
        Convolotion:core/for:for:for:for:else:mul#1                                   mgc_mul_5_0_8_0_12                                                                                  2.8582  7.2049  
        Convolotion:core/for:for:for:for:else:mul#1.itm                                                                                                                                   0.0000  7.2049  
        Convolotion:core/for:for:for:for:else:slc(for:for:for:for:else:mul#1.sdt)                                                                                                         0.0000  7.2049  
        Convolotion:core/for:for:for:for:else:slc(for:for:for:for:else:mul#1.sdt).itm                                                                                                     0.0000  7.2049  
        Convolotion:core/for:for:for:for:else:acc#4                                   mgc_add_8_0_5_0_9                                                                                   1.4216  8.6265  
        Convolotion:core/slc.sat.sva                                                                                                                                                      0.0000  8.6265  
        Convolotion:core/slc(slc.sat.sva)                                                                                                                                                 0.0000  8.6265  
        Convolotion:core/slc(slc.sat.sva).itm                                                                                                                                             0.0000  8.6265  
        Convolotion:core/for:for:for:for:else:or                                      mgc_or_8_2                                                                                          0.3979  9.0244  
        Convolotion:core/for:for:for:for:else:ac_fixed:cctor.sva                                                                                                                          0.0000  9.0244  
        Convolotion:core/slc(for:for:for:for:else:ac_fixed:cctor.sva)#1                                                                                                                   0.0000  9.0244  
        Convolotion:core/slc(for:for:for:for:else:ac_fixed:cctor.sva)#1.itm                                                                                                               0.0000  9.0244  
        Convolotion:core/mux#16                                                       mgc_mux_6_1_2                                                                                       0.9467  9.9711  
        Convolotion:core/mux#16.itm                                                                                                                                                       0.0000  9.9711  
        Convolotion:core/and#27                                                       mgc_and_6_2                                                                                         0.4089  10.3800 
        Convolotion:core/and#27.itm                                                                                                                                                       0.0000  10.3800 
        Convolotion:core/reg(Result.sg1.lpi#4.reg)                                    mgc_reg_pos_6_0_0_1_1_1_1                                                                           0.0000  10.3800 
                                                                                                                                                                                                          
      3                                                                               Convolotion/in:rsc:singleport.data_out                   Convolotion:core/reg(Result.sg1.lpi#4.reg) 10.3800 9.6200  
                                                                                                                                                                                                          
        Instance                                                                      Component                                                                                           Delta   Delay   
        --------                                                                      ---------                                                                                           -----   -----   
        Convolotion/in:rsc:singleport.data_out                                                                                                                                            3.4000  3.4000  
        Convolotion:core/in:rsc:singleport.data_out                                                                                                                                       0.0000  3.4000  
        Convolotion:core/mux                                                          mgc_mux_8_1_2                                                                                       0.9468  4.3468  
        Convolotion:core/in:rsc:singleport.data_out.mxwt                                                                                                                                  0.0000  4.3468  
        Convolotion:core/for:for:for:for:else:mul#1                                   mgc_mul_5_0_8_0_12                                                                                  2.8582  7.2049  
        Convolotion:core/for:for:for:for:else:mul#1.itm                                                                                                                                   0.0000  7.2049  
        Convolotion:core/for:for:for:for:else:slc(for:for:for:for:else:mul#1.sdt)                                                                                                         0.0000  7.2049  
        Convolotion:core/for:for:for:for:else:slc(for:for:for:for:else:mul#1.sdt).itm                                                                                                     0.0000  7.2049  
        Convolotion:core/for:for:for:for:else:acc#4                                   mgc_add_8_0_5_0_9                                                                                   1.4216  8.6265  
        Convolotion:core/slc.sat.sva                                                                                                                                                      0.0000  8.6265  
        Convolotion:core/slc(slc.sat.sva)#1                                                                                                                                               0.0000  8.6265  
        Convolotion:core/slc(slc.sat.sva)#1.itm                                                                                                                                           0.0000  8.6265  
        Convolotion:core/for:for:for:for:else:exs                                                                                                                                         0.0000  8.6265  
        Convolotion:core/for:for:for:for:else:exs.itm                                                                                                                                     0.0000  8.6265  
        Convolotion:core/for:for:for:for:else:or                                      mgc_or_8_2                                                                                          0.3979  9.0244  
        Convolotion:core/for:for:for:for:else:ac_fixed:cctor.sva                                                                                                                          0.0000  9.0244  
        Convolotion:core/slc(for:for:for:for:else:ac_fixed:cctor.sva)#1                                                                                                                   0.0000  9.0244  
        Convolotion:core/slc(for:for:for:for:else:ac_fixed:cctor.sva)#1.itm                                                                                                               0.0000  9.0244  
        Convolotion:core/mux#16                                                       mgc_mux_6_1_2                                                                                       0.9467  9.9711  
        Convolotion:core/mux#16.itm                                                                                                                                                       0.0000  9.9711  
        Convolotion:core/and#27                                                       mgc_and_6_2                                                                                         0.4089  10.3800 
        Convolotion:core/and#27.itm                                                                                                                                                       0.0000  10.3800 
        Convolotion:core/reg(Result.sg1.lpi#4.reg)                                    mgc_reg_pos_6_0_0_1_1_1_1                                                                           0.0000  10.3800 
                                                                                                                                                                                                          
      4                                                                               Convolotion/in:rsc:singleport.data_out                   Convolotion:core/reg(Result#1.lpi#4.reg)   10.3800 9.6200  
                                                                                                                                                                                                          
        Instance                                                                      Component                                                                                           Delta   Delay   
        --------                                                                      ---------                                                                                           -----   -----   
        Convolotion/in:rsc:singleport.data_out                                                                                                                                            3.4000  3.4000  
        Convolotion:core/in:rsc:singleport.data_out                                                                                                                                       0.0000  3.4000  
        Convolotion:core/mux                                                          mgc_mux_8_1_2                                                                                       0.9468  4.3468  
        Convolotion:core/in:rsc:singleport.data_out.mxwt                                                                                                                                  0.0000  4.3468  
        Convolotion:core/for:for:for:for:else:mul#1                                   mgc_mul_5_0_8_0_12                                                                                  2.8582  7.2049  
        Convolotion:core/for:for:for:for:else:mul#1.itm                                                                                                                                   0.0000  7.2049  
        Convolotion:core/for:for:for:for:else:slc(for:for:for:for:else:mul#1.sdt)                                                                                                         0.0000  7.2049  
        Convolotion:core/for:for:for:for:else:slc(for:for:for:for:else:mul#1.sdt).itm                                                                                                     0.0000  7.2049  
        Convolotion:core/for:for:for:for:else:acc#4                                   mgc_add_8_0_5_0_9                                                                                   1.4216  8.6265  
        Convolotion:core/slc.sat.sva                                                                                                                                                      0.0000  8.6265  
        Convolotion:core/slc(slc.sat.sva)                                                                                                                                                 0.0000  8.6265  
        Convolotion:core/slc(slc.sat.sva).itm                                                                                                                                             0.0000  8.6265  
        Convolotion:core/for:for:for:for:else:or                                      mgc_or_8_2                                                                                          0.3979  9.0244  
        Convolotion:core/for:for:for:for:else:ac_fixed:cctor.sva                                                                                                                          0.0000  9.0244  
        Convolotion:core/slc(for:for:for:for:else:ac_fixed:cctor.sva)                                                                                                                     0.0000  9.0244  
        Convolotion:core/slc(for:for:for:for:else:ac_fixed:cctor.sva).itm                                                                                                                 0.0000  9.0244  
        Convolotion:core/mux#15                                                       mgc_mux_1_1_2                                                                                       0.9467  9.9711  
        Convolotion:core/mux#15.itm                                                                                                                                                       0.0000  9.9711  
        Convolotion:core/and#26                                                       mgc_and_1_2                                                                                         0.4089  10.3800 
        Convolotion:core/and#26.itm                                                                                                                                                       0.0000  10.3800 
        Convolotion:core/reg(Result#1.lpi#4.reg)                                      mgc_reg_pos_1_0_0_1_1_1_1                                                                           0.0000  10.3800 
                                                                                                                                                                                                          
      5                                                                               Convolotion/in:rsc:singleport.data_out                   Convolotion:core/reg(Result#1.lpi#4.reg)   10.3800 9.6200  
                                                                                                                                                                                                          
        Instance                                                                      Component                                                                                           Delta   Delay   
        --------                                                                      ---------                                                                                           -----   -----   
        Convolotion/in:rsc:singleport.data_out                                                                                                                                            3.4000  3.4000  
        Convolotion:core/in:rsc:singleport.data_out                                                                                                                                       0.0000  3.4000  
        Convolotion:core/mux                                                          mgc_mux_8_1_2                                                                                       0.9468  4.3468  
        Convolotion:core/in:rsc:singleport.data_out.mxwt                                                                                                                                  0.0000  4.3468  
        Convolotion:core/for:for:for:for:else:mul#1                                   mgc_mul_5_0_8_0_12                                                                                  2.8582  7.2049  
        Convolotion:core/for:for:for:for:else:mul#1.itm                                                                                                                                   0.0000  7.2049  
        Convolotion:core/for:for:for:for:else:slc(for:for:for:for:else:mul#1.sdt)                                                                                                         0.0000  7.2049  
        Convolotion:core/for:for:for:for:else:slc(for:for:for:for:else:mul#1.sdt).itm                                                                                                     0.0000  7.2049  
        Convolotion:core/for:for:for:for:else:acc#4                                   mgc_add_8_0_5_0_9                                                                                   1.4216  8.6265  
        Convolotion:core/slc.sat.sva                                                                                                                                                      0.0000  8.6265  
        Convolotion:core/slc(slc.sat.sva)#1                                                                                                                                               0.0000  8.6265  
        Convolotion:core/slc(slc.sat.sva)#1.itm                                                                                                                                           0.0000  8.6265  
        Convolotion:core/for:for:for:for:else:exs                                                                                                                                         0.0000  8.6265  
        Convolotion:core/for:for:for:for:else:exs.itm                                                                                                                                     0.0000  8.6265  
        Convolotion:core/for:for:for:for:else:or                                      mgc_or_8_2                                                                                          0.3979  9.0244  
        Convolotion:core/for:for:for:for:else:ac_fixed:cctor.sva                                                                                                                          0.0000  9.0244  
        Convolotion:core/slc(for:for:for:for:else:ac_fixed:cctor.sva)                                                                                                                     0.0000  9.0244  
        Convolotion:core/slc(for:for:for:for:else:ac_fixed:cctor.sva).itm                                                                                                                 0.0000  9.0244  
        Convolotion:core/mux#15                                                       mgc_mux_1_1_2                                                                                       0.9467  9.9711  
        Convolotion:core/mux#15.itm                                                                                                                                                       0.0000  9.9711  
        Convolotion:core/and#26                                                       mgc_and_1_2                                                                                         0.4089  10.3800 
        Convolotion:core/and#26.itm                                                                                                                                                       0.0000  10.3800 
        Convolotion:core/reg(Result#1.lpi#4.reg)                                      mgc_reg_pos_1_0_0_1_1_1_1                                                                           0.0000  10.3800 
                                                                                                                                                                                                          
      6                                                                               Convolotion:core:wait_ctrl/reg(in:rsc:singleport.bcwt#1) Convolotion:core/reg(Result#1.lpi#4.reg)   6.9800  13.0200 
                                                                                                                                                                                                          
        Instance                                                                      Component                                                                                           Delta   Delay   
        --------                                                                      ---------                                                                                           -----   -----   
        Convolotion:core:wait_ctrl/reg(in:rsc:singleport.bcwt#1)                      mgc_reg_pos_1_0_0_1_1_0_0                                                                           0.0000  0.0000  
        Convolotion:core:wait_ctrl/in:rsc:singleport.bcwt#1                                                                                                                               0.0000  0.0000  
        Convolotion:core/in:rsc:singleport.bcwt#1                                                                                                                                         0.0000  0.0000  
        Convolotion:core/mux                                                          mgc_mux_8_1_2                                                                                       0.9468  0.9468  
        Convolotion:core/in:rsc:singleport.data_out.mxwt                                                                                                                                  0.0000  0.9468  
        Convolotion:core/for:for:for:for:else:mul#1                                   mgc_mul_5_0_8_0_12                                                                                  2.8582  3.8049  
        Convolotion:core/for:for:for:for:else:mul#1.itm                                                                                                                                   0.0000  3.8049  
        Convolotion:core/for:for:for:for:else:slc(for:for:for:for:else:mul#1.sdt)                                                                                                         0.0000  3.8049  
        Convolotion:core/for:for:for:for:else:slc(for:for:for:for:else:mul#1.sdt).itm                                                                                                     0.0000  3.8049  
        Convolotion:core/for:for:for:for:else:acc#4                                   mgc_add_8_0_5_0_9                                                                                   1.4216  5.2265  
        Convolotion:core/slc.sat.sva                                                                                                                                                      0.0000  5.2265  
        Convolotion:core/slc(slc.sat.sva)#1                                                                                                                                               0.0000  5.2265  
        Convolotion:core/slc(slc.sat.sva)#1.itm                                                                                                                                           0.0000  5.2265  
        Convolotion:core/for:for:for:for:else:exs                                                                                                                                         0.0000  5.2265  
        Convolotion:core/for:for:for:for:else:exs.itm                                                                                                                                     0.0000  5.2265  
        Convolotion:core/for:for:for:for:else:or                                      mgc_or_8_2                                                                                          0.3979  5.6244  
        Convolotion:core/for:for:for:for:else:ac_fixed:cctor.sva                                                                                                                          0.0000  5.6244  
        Convolotion:core/slc(for:for:for:for:else:ac_fixed:cctor.sva)                                                                                                                     0.0000  5.6244  
        Convolotion:core/slc(for:for:for:for:else:ac_fixed:cctor.sva).itm                                                                                                                 0.0000  5.6244  
        Convolotion:core/mux#15                                                       mgc_mux_1_1_2                                                                                       0.9467  6.5711  
        Convolotion:core/mux#15.itm                                                                                                                                                       0.0000  6.5711  
        Convolotion:core/and#26                                                       mgc_and_1_2                                                                                         0.4089  6.9800  
        Convolotion:core/and#26.itm                                                                                                                                                       0.0000  6.9800  
        Convolotion:core/reg(Result#1.lpi#4.reg)                                      mgc_reg_pos_1_0_0_1_1_1_1                                                                           0.0000  6.9800  
                                                                                                                                                                                                          
      7                                                                               Convolotion:core/reg(in:rsc:singleport.data_out.bfwt)    Convolotion:core/reg(Result#1.lpi#4.reg)   6.9800  13.0200 
                                                                                                                                                                                                          
        Instance                                                                      Component                                                                                           Delta   Delay   
        --------                                                                      ---------                                                                                           -----   -----   
        Convolotion:core/reg(in:rsc:singleport.data_out.bfwt)                         mgc_reg_pos_8_0_0_1_1_0_0                                                                           0.0000  0.0000  
        Convolotion:core/in:rsc:singleport.data_out.bfwt                                                                                                                                  0.0000  0.0000  
        Convolotion:core/mux                                                          mgc_mux_8_1_2                                                                                       0.9468  0.9468  
        Convolotion:core/in:rsc:singleport.data_out.mxwt                                                                                                                                  0.0000  0.9468  
        Convolotion:core/for:for:for:for:else:mul#1                                   mgc_mul_5_0_8_0_12                                                                                  2.8582  3.8049  
        Convolotion:core/for:for:for:for:else:mul#1.itm                                                                                                                                   0.0000  3.8049  
        Convolotion:core/for:for:for:for:else:slc(for:for:for:for:else:mul#1.sdt)                                                                                                         0.0000  3.8049  
        Convolotion:core/for:for:for:for:else:slc(for:for:for:for:else:mul#1.sdt).itm                                                                                                     0.0000  3.8049  
        Convolotion:core/for:for:for:for:else:acc#4                                   mgc_add_8_0_5_0_9                                                                                   1.4216  5.2265  
        Convolotion:core/slc.sat.sva                                                                                                                                                      0.0000  5.2265  
        Convolotion:core/slc(slc.sat.sva)#1                                                                                                                                               0.0000  5.2265  
        Convolotion:core/slc(slc.sat.sva)#1.itm                                                                                                                                           0.0000  5.2265  
        Convolotion:core/for:for:for:for:else:exs                                                                                                                                         0.0000  5.2265  
        Convolotion:core/for:for:for:for:else:exs.itm                                                                                                                                     0.0000  5.2265  
        Convolotion:core/for:for:for:for:else:or                                      mgc_or_8_2                                                                                          0.3979  5.6244  
        Convolotion:core/for:for:for:for:else:ac_fixed:cctor.sva                                                                                                                          0.0000  5.6244  
        Convolotion:core/slc(for:for:for:for:else:ac_fixed:cctor.sva)                                                                                                                     0.0000  5.6244  
        Convolotion:core/slc(for:for:for:for:else:ac_fixed:cctor.sva).itm                                                                                                                 0.0000  5.6244  
        Convolotion:core/mux#15                                                       mgc_mux_1_1_2                                                                                       0.9467  6.5711  
        Convolotion:core/mux#15.itm                                                                                                                                                       0.0000  6.5711  
        Convolotion:core/and#26                                                       mgc_and_1_2                                                                                         0.4089  6.9800  
        Convolotion:core/and#26.itm                                                                                                                                                       0.0000  6.9800  
        Convolotion:core/reg(Result#1.lpi#4.reg)                                      mgc_reg_pos_1_0_0_1_1_1_1                                                                           0.0000  6.9800  
                                                                                                                                                                                                          
      8                                                                               Convolotion:core/reg(for:for:for:for:else:mux.itm)       Convolotion:core/reg(Result#1.lpi#4.reg)   6.0333  13.9667 
                                                                                                                                                                                                          
        Instance                                                                      Component                                                                                           Delta   Delay   
        --------                                                                      ---------                                                                                           -----   -----   
        Convolotion:core/reg(for:for:for:for:else:mux.itm)                            mgc_reg_pos_2_0_0_1_1_1_1                                                                           0.0000  0.0000  
        Convolotion:core/for:for:for:for:else:mux.itm                                                                                                                                     0.0000  0.0000  
        Convolotion:core/conc                                                                                                                                                             0.0000  0.0000  
        Convolotion:core/conc.itm                                                                                                                                                         0.0000  0.0000  
        Convolotion:core/for:for:for:for:else:mul#1                                   mgc_mul_5_0_8_0_12                                                                                  2.8582  2.8582  
        Convolotion:core/for:for:for:for:else:mul#1.itm                                                                                                                                   0.0000  2.8582  
        Convolotion:core/for:for:for:for:else:slc(for:for:for:for:else:mul#1.sdt)                                                                                                         0.0000  2.8582  
        Convolotion:core/for:for:for:for:else:slc(for:for:for:for:else:mul#1.sdt).itm                                                                                                     0.0000  2.8582  
        Convolotion:core/for:for:for:for:else:acc#4                                   mgc_add_8_0_5_0_9                                                                                   1.4216  4.2797  
        Convolotion:core/slc.sat.sva                                                                                                                                                      0.0000  4.2797  
        Convolotion:core/slc(slc.sat.sva)#1                                                                                                                                               0.0000  4.2797  
        Convolotion:core/slc(slc.sat.sva)#1.itm                                                                                                                                           0.0000  4.2797  
        Convolotion:core/for:for:for:for:else:exs                                                                                                                                         0.0000  4.2797  
        Convolotion:core/for:for:for:for:else:exs.itm                                                                                                                                     0.0000  4.2797  
        Convolotion:core/for:for:for:for:else:or                                      mgc_or_8_2                                                                                          0.3979  4.6776  
        Convolotion:core/for:for:for:for:else:ac_fixed:cctor.sva                                                                                                                          0.0000  4.6776  
        Convolotion:core/slc(for:for:for:for:else:ac_fixed:cctor.sva)                                                                                                                     0.0000  4.6776  
        Convolotion:core/slc(for:for:for:for:else:ac_fixed:cctor.sva).itm                                                                                                                 0.0000  4.6776  
        Convolotion:core/mux#15                                                       mgc_mux_1_1_2                                                                                       0.9467  5.6244  
        Convolotion:core/mux#15.itm                                                                                                                                                       0.0000  5.6244  
        Convolotion:core/and#26                                                       mgc_and_1_2                                                                                         0.4089  6.0333  
        Convolotion:core/and#26.itm                                                                                                                                                       0.0000  6.0333  
        Convolotion:core/reg(Result#1.lpi#4.reg)                                      mgc_reg_pos_1_0_0_1_1_1_1                                                                           0.0000  6.0333  
                                                                                                                                                                                                          
      9                                                                               Convolotion:core/reg(for:for:for:for:else:mux#1.itm)     Convolotion:core/reg(Result#1.lpi#4.reg)   6.0333  13.9667 
                                                                                                                                                                                                          
        Instance                                                                      Component                                                                                           Delta   Delay   
        --------                                                                      ---------                                                                                           -----   -----   
        Convolotion:core/reg(for:for:for:for:else:mux#1.itm)                          mgc_reg_pos_1_0_0_1_1_1_1                                                                           0.0000  0.0000  
        Convolotion:core/for:for:for:for:else:mux#1.itm                                                                                                                                   0.0000  0.0000  
        Convolotion:core/for:for:for:for:else:exs#2                                                                                                                                       0.0000  0.0000  
        Convolotion:core/for:for:for:for:else:exs#2.itm                                                                                                                                   0.0000  0.0000  
        Convolotion:core/conc                                                                                                                                                             0.0000  0.0000  
        Convolotion:core/conc.itm                                                                                                                                                         0.0000  0.0000  
        Convolotion:core/for:for:for:for:else:mul#1                                   mgc_mul_5_0_8_0_12                                                                                  2.8582  2.8582  
        Convolotion:core/for:for:for:for:else:mul#1.itm                                                                                                                                   0.0000  2.8582  
        Convolotion:core/for:for:for:for:else:slc(for:for:for:for:else:mul#1.sdt)                                                                                                         0.0000  2.8582  
        Convolotion:core/for:for:for:for:else:slc(for:for:for:for:else:mul#1.sdt).itm                                                                                                     0.0000  2.8582  
        Convolotion:core/for:for:for:for:else:acc#4                                   mgc_add_8_0_5_0_9                                                                                   1.4216  4.2797  
        Convolotion:core/slc.sat.sva                                                                                                                                                      0.0000  4.2797  
        Convolotion:core/slc(slc.sat.sva)#1                                                                                                                                               0.0000  4.2797  
        Convolotion:core/slc(slc.sat.sva)#1.itm                                                                                                                                           0.0000  4.2797  
        Convolotion:core/for:for:for:for:else:exs                                                                                                                                         0.0000  4.2797  
        Convolotion:core/for:for:for:for:else:exs.itm                                                                                                                                     0.0000  4.2797  
        Convolotion:core/for:for:for:for:else:or                                      mgc_or_8_2                                                                                          0.3979  4.6776  
        Convolotion:core/for:for:for:for:else:ac_fixed:cctor.sva                                                                                                                          0.0000  4.6776  
        Convolotion:core/slc(for:for:for:for:else:ac_fixed:cctor.sva)                                                                                                                     0.0000  4.6776  
        Convolotion:core/slc(for:for:for:for:else:ac_fixed:cctor.sva).itm                                                                                                                 0.0000  4.6776  
        Convolotion:core/mux#15                                                       mgc_mux_1_1_2                                                                                       0.9467  5.6244  
        Convolotion:core/mux#15.itm                                                                                                                                                       0.0000  5.6244  
        Convolotion:core/and#26                                                       mgc_and_1_2                                                                                         0.4089  6.0333  
        Convolotion:core/and#26.itm                                                                                                                                                       0.0000  6.0333  
        Convolotion:core/reg(Result#1.lpi#4.reg)                                      mgc_reg_pos_1_0_0_1_1_1_1                                                                           0.0000  6.0333  
                                                                                                                                                                                                          
      10                                                                              Convolotion:core/reg(Kcolumn#1.sva)                      Convolotion/in:rsc:singleport.re           4.9890  15.0110 
                                                                                                                                                                                                          
        Instance                                                                      Component                                                                                           Delta   Delay   
        --------                                                                      ---------                                                                                           -----   -----   
        Convolotion:core/reg(Kcolumn#1.sva)                                           mgc_reg_pos_2_0_0_1_1_1_1                                                                           0.0000  0.0000  
        Convolotion:core/Kcolumn#1.sva                                                                                                                                                    0.0000  0.0000  
        Convolotion:core/for:for:for:for:acc#7                                        mgc_add_2_0_1_1_3                                                                                   0.8086  0.8086  
        Convolotion:core/for:for:for:for:acc#7.itm                                                                                                                                        0.0000  0.8086  
        Convolotion:core/mux#11                                                       mgc_mux_2_1_2                                                                                       0.9468  1.7554  
        Convolotion:core/mux#11.itm                                                                                                                                                       0.0000  1.7554  
        Convolotion:core/exs#10                                                                                                                                                           0.0000  1.7554  
        Convolotion:core/exs#5.itm#1                                                                                                                                                      0.0000  1.7554  
        Convolotion:core/for:mgc_Altera-Cyclone-II-6_beh_psr.mgc_add(9,0,3,1,11)      mgc_add_9_0_3_1_11                                                                                  1.1052  2.8605  
        Convolotion:core/z.out#3                                                                                                                                                          0.0000  2.8605  
        Convolotion:core/slc(for:for:for:for:acc#1.tmp)#1                                                                                                                                 0.0000  2.8605  
        Convolotion:core/slc(for:for:for:for:acc#1.tmp)#1.itm                                                                                                                             0.0000  2.8605  
        Convolotion:core/nor#5                                                        mgc_nor_1_3                                                                                         0.6481  3.5086  
        Convolotion:core/nor#5.itm                                                                                                                                                        0.0000  3.5086  
        Convolotion:core/and#12                                                       mgc_and_1_3                                                                                         0.6481  4.1567  
        Convolotion:core/and#12.rmff                                                                                                                                                      0.0000  4.1567  
        Convolotion:core:wait_ctrl/in:rsc:singleport.oswt#1.pff                                                                                                                           0.0000  4.1567  
        Convolotion:core:wait_ctrl/and#6                                              mgc_and_1_2                                                                                         0.4089  4.5656  
        Convolotion:core:wait_ctrl/in:rsc:singleport.re.core.sct                                                                                                                          0.0000  4.5656  
        Convolotion:core/in:rsc:singleport.re.core.sct.reg                                                                                                                                0.0000  4.5656  
        Convolotion:core/asn(in:rsc:singleport.re.core.sct)                                                                                                                               0.0000  4.5656  
        Convolotion:core/in:rsc:singleport.re.core.sct                                                                                                                                    0.0000  4.5656  
        Convolotion/in:rsc:singleport.re.core.sct                                                                                                                                         0.3234  4.8890  
        Convolotion/not                                                               mgc_not_1                                                                                           0.0000  4.8890  
        Convolotion/in:rsc:singleport.re                                                                                                                                                  0.1000  4.9890  
                                                                                                                                                                                                          
      
    Register Input and Register-to-Output Slack
      Clock period or pin-to-reg delay constraint (clk): 20.0
      Clock uncertainty constraint (clk)               : 0.0
      
      Instance                                                       Port                               Slack (Delay) Messages 
      -------------------------------------------------------------- -------------------------------- ------- ------- --------
      Convolotion:core/reg(in:rsc:singleport.data_out.bfwt)          in:rsc:singleport.data_out.mxwt   9.6200 10.3800          
      Convolotion:core/reg(Dcolumn#1.sva#2)                          and.itm                          15.7838  4.2162          
      Convolotion:core/reg(__done:sync:mgc_bsync_rdy.iswt0)          and#7.itm                        16.7306  3.2694          
      Convolotion:core/reg(__start:sync:mgc_bsync_rv.iswt0)          nor#7.itm                        18.6527  1.3473          
      Convolotion:core/reg(out:rsc:singleport.we.core.psct)          and#8.rmff                       16.2383  3.7617          
      Convolotion:core/reg(in:rsc:singleport.re.core.psct)           and#12.rmff                      15.4344  4.5656          
      Convolotion:core/reg(Krow#1.reg)                               and#24.itm                       16.7261  3.2739          
      Convolotion:core/reg(Kcolumn#1.sva)                            and#25.itm                       16.7261  3.2739          
      Convolotion:core/reg(Result#1.lpi#4.reg)                       and#26.itm                        9.6200 10.3800          
      Convolotion:core/reg(Result.sg1.lpi#4.reg)                     and#27.itm                        9.6200 10.3800          
      Convolotion:core/reg(Result.sg2.lpi#4.reg)                     and#28.itm                        9.6200 10.3800          
      Convolotion:core/reg(Drow#1.sva#2)                             and#29.itm                       15.7838  4.2162          
      Convolotion:core/reg(for:for:for:for:else:mux#1.itm)           for:for:for:for:else:mux#1.itm#2 15.3726  4.6274          
      Convolotion:core/reg(for:for:for:for:else:mux.itm)             for:for:for:for:else:mux.itm#2   15.3726  4.6274          
      Convolotion:core/reg(for:for:for:for:slc.itm)                  for:for:for:for:slc.itm#1        17.0561  2.9439          
      Convolotion:core/reg(for:for:for:for:lor.lpi#4.dfm.st)         for:for:for:for:if:or#4.itm      16.3436  3.6564          
      Convolotion:core:wait_ctrl/reg(in:rsc:singleport.icwt#1)       xor#2.itm                        18.5004  1.4996          
      Convolotion:core:wait_ctrl/reg(in:rsc:singleport.bcwt#1)       xor#3.itm                        16.2342  3.7658          
      Convolotion:core:wait_ctrl/reg(out:rsc:singleport.icwt)        xor#4.itm                        18.5004  1.4996          
      Convolotion:core:wait_ctrl/reg(out:rsc:singleport.bcwt)        xor#5.itm                        16.2342  3.7658          
      Convolotion:core:wait_ctrl/reg(__start:sync:mgc_bsync_rv.icwt) xor#8.itm                        18.0916  1.9084          
      Convolotion:core:wait_ctrl/reg(__start:sync:mgc_bsync_rv.bcwt) xor#9.itm                        16.2342  3.7658          
      Convolotion:core:wait_ctrl/reg(__done:sync:mgc_bsync_rdy.icwt) xor#10.itm                       18.5004  1.4996          
      Convolotion:core:wait_ctrl/reg(__done:sync:mgc_bsync_rdy.bcwt) xor#11.itm                       16.2342  3.7658          
      Convolotion:core:wait_ctrl/reg(core.wten)                      not#13.itm                       17.3359  2.6641          
      Convolotion                                                    ready                            18.7843  1.2157          
      Convolotion                                                    done                             18.7843  1.2157          
      Convolotion                                                    in:rsc:singleport.data_in        19.8000  0.2000          
      Convolotion                                                    in:rsc:singleport.addr           15.8343  4.1657          
      Convolotion                                                    in:rsc:singleport.re             14.9110  5.0890          
      Convolotion                                                    in:rsc:singleport.we             19.8000  0.2000          
      Convolotion                                                    out:rsc:singleport.data_in       19.8000  0.2000          
      Convolotion                                                    out:rsc:singleport.addr          19.8000  0.2000          
      Convolotion                                                    out:rsc:singleport.re            19.8000  0.2000          
      Convolotion                                                    out:rsc:singleport.we            16.0383  3.9617          
      
  Operator Bitwidth Summary
    Operation  Size (bits) Count 
    ---------- ----------- -----
    add                          
    -                   11     3 
    -                    9     1 
    -                    3     4 
    -                    2     3 
    and                          
    -                    4     1 
    -                    3     1 
    -                    2    25 
    mul                          
    -                   12     1 
    mux                          
    -                    4     2 
    -                    1    11 
    nor                          
    -                    5     1 
    -                    3     1 
    -                    2     4 
    not                          
    -                    2     1 
    -                    1    21 
    or                           
    -                    4     1 
    -                    3     5 
    -                    2     8 
    reg                          
    -                    9     2 
    -                    8     1 
    -                    6     1 
    -                    2     3 
    -                    1    18 
    write_sync                   
    -                    1     2 
    xor                          
    -                    3     8 
    
  End of Report
