-- Catapult System Level Synthesis: Report                                              
-- -------------------------------- ---------------------------------------------------
-- Version:                         2011a.41 Production Release                         
-- Build Date:                      Thu Apr  7 20:28:55 PDT 2011                        
                                                                                        
-- Generated by:                    ss@DESKTOP-UB05SU4                                  
-- Generated date:                  Sat Apr 20 18:22:43 +0430 2019                      

Solution Settings: Convolotion.v5
  Current state: extract
  Project: Catapult
  
  Design Input Files Specified
    $PROJECT_HOME/ESL_CA2.c
      $MGC_HOME/shared/include/ac_int.h
      $MGC_HOME/shared/include/ac_fixed.h
  
  Processes/Blocks in Design
    Process           Real Operation(s) count Latency Throughput Reset Length II Comments 
    ----------------- ----------------------- ------- ---------- ------------ -- --------
    /Convolotion/core                      75 4718590    4718594            0  0          
    Design Total:                          75 4718590    4718594            0  0          
    
  Bill Of Materials (Datapath)
    Component Name                         Area Score Area(DSP_block_9-bit_elems) Area(LUTs) Delay Post Alloc Post Assign 
    -------------------------------------- ---------- --------------------------- ---------- ----- ---------- -----------
    [Lib: mgc_Altera-Cyclone-II-6_beh_psr]                                                                                
    mgc_add(2,0,1,0,2)                          3.357                       0.000      3.357 1.026          0           2 
    mgc_add(2,0,1,1,3)                          3.000                       0.000      3.000 0.809          2           2 
    mgc_add(2,0,2,0,2)                          3.353                       0.000      3.353 0.971          3           3 
    mgc_add(2,0,2,0,3)                          3.353                       0.000      3.353 0.971          1           2 
    mgc_add(3,0,3,0,4)                          4.343                       0.000      4.343 1.039          3           0 
    mgc_add(8,0,5,0,9)                          9.307                       0.000      9.307 1.422          1           0 
    mgc_add(9,0,3,1,11)                        10.000                       0.000     10.000 1.105          5           4 
    mgc_add(9,0,6,1,11)                        10.000                       0.000     10.000 1.052          0           1 
    mgc_and(1,2)                                0.730                       0.000      0.730 0.409          0          29 
    mgc_and(1,3)                                1.054                       0.000      1.054 0.648          0           4 
    mgc_and(10,2)                               7.298                       0.000      7.298 0.409          1           0 
    mgc_and(2,2)                                1.460                       0.000      1.460 0.409          5           3 
    mgc_and(6,2)                                4.379                       0.000      4.379 0.409          2           1 
    mgc_and(9,2)                                6.568                       0.000      6.568 0.409          0           2 
    mgc_mul(5,0,8,0,12)                       340.285                       2.000     10.285 2.858          1           1 
    mgc_mux(1,1,2)                              0.919                       0.000      0.919 0.947         11          16 
    mgc_mux(1,4,16)                            10.065                       0.000     10.065 2.684          1           1 
    mgc_mux(10,1,2)                             9.194                       0.000      9.194 0.947          3           0 
    mgc_mux(2,1,2)                              1.839                       0.000      1.839 0.947          6           4 
    mgc_mux(2,4,16)                            20.129                       0.000     20.129 2.684          1           1 
    mgc_mux(6,1,2)                              5.517                       0.000      5.517 0.947          3           2 
    mgc_mux(9,1,2)                              8.275                       0.000      8.275 0.947          0           3 
    mgc_mux1hot(6,3)                           13.138                       0.000     13.138 1.402          0           1 
    mgc_nand(1,2)                               0.730                       0.000      0.730 0.398          0           6 
    mgc_nand(1,3)                               1.054                       0.000      1.054 0.631          0           1 
    mgc_nand(1,5)                               1.704                       0.000      1.704 0.924          0           1 
    mgc_nand(1,6)                               2.028                       0.000      2.028 1.029          0           1 
    mgc_nor(1,2)                                0.730                       0.000      0.730 0.409          0          17 
    mgc_nor(1,3)                                1.054                       0.000      1.054 0.648          0           1 
    mgc_nor(1,4)                                1.379                       0.000      1.379 0.818          0           1 
    mgc_nor(2,2)                                1.460                       0.000      1.460 0.409          0           4 
    mgc_not(1)                                  0.000                       0.000      0.000 0.000          0          34 
    mgc_not(2)                                  0.000                       0.000      0.000 0.000          0           1 
    mgc_or(1,2)                                 0.730                       0.000      0.730 0.398          0          10 
    mgc_or(1,4)                                 1.379                       0.000      1.379 0.796          0           1 
    mgc_or(2,2)                                 1.460                       0.000      1.460 0.398          0           1 
    mgc_or(8,2)                                 5.839                       0.000      5.839 0.398          1           1 
    mgc_reg_pos(1,0,0,1,1,0,0)                  0.000                       0.000      0.000 0.000          0          12 
    mgc_reg_pos(2,0,0,1,1,0,0)                  0.000                       0.000      0.000 0.000          0           3 
    mgc_reg_pos(6,0,0,1,1,0,0)                  0.000                       0.000      0.000 0.000          0           1 
    mgc_reg_pos(9,0,0,1,1,0,0)                  0.000                       0.000      0.000 0.000          0           4 
    [Lib: ram_Altera-Cyclone-II-6_RAMSB]                                                                                  
    singleport(1,262144,8,18,0,1,0,0,0,1,1      0.000                       0.000      0.000 0.010          1           0 
    singleport(2,262144,8,18,0,1,0,0,0,1,1      0.000                       0.000      0.000 0.010          1           0 
                                                                                                                          
    TOTAL AREA (After Assignment):            614.116                       2.000    284.000                              
    
  Area Scores
                      Post-Scheduling  Post-DP & FSM Post-Assignment 
    ----------------- --------------- -------------- ---------------
    Total Area Score:    556.7          755.3           614.1        
    Total Reg:             0.0            0.0             0.0        
                                                                     
    DataPath:            556.7 (100%)   755.3 (100%)    614.1 (100%) 
      MUX:                95.5  (17%)   219.6  (29%)    101.3  (16%) 
      FUNC:              432.0  (78%)   431.0  (57%)    419.8  (68%) 
      LOGIC:              29.2   (5%)   104.6  (14%)     93.1  (15%) 
      BUFFER:              0.0            0.0             0.0        
      MEM:                 0.0            0.0             0.0        
      ROM:                 0.0            0.0             0.0        
      REG:                 0.0            0.0             0.0        
                                                                     
    
    FSM:                   0.0            0.0             0.0        
      FSM-REG:             0.0            0.0             0.0        
      FSM-COMB:            0.0            0.0             0.0        
                                                                     
    
  Register-to-Variable Mappings
    Register                       Size(bits) Gated Register CG Opt Done Variables                                             
    ------------------------------ ---------- -------------- ----------- -----------------------------------------------------
    Dcolumn#1.sva#2                         9                            Dcolumn#1.sva#2                                       
    Dcolumn:slc(Dcolumn)#1.itm              9                            Dcolumn:slc(Dcolumn)#1.itm                            
    Drow#1.sva#3                            9                            Drow#1.sva#3                                          
    Drow:slc(Drow)#1.itm                    9                            Drow:slc(Drow)#1.itm                                  
    Result.sg1.sva                          6                            Result.sg1.sva                                        
    Kcolumn#1.sva                           2                            Kcolumn#1.sva                                         
    Krow#1.sva                              2                            Krow#1.sva                                            
    for:for:for:for:else:mux.itm            2                            for:for:for:for:else:mux.itm                          
    Result#1.sva                            1                            Result#1.sva                                          
    Result.sg2.sva                          1                            Result.sg2.sva                                        
    exit:for.lpi#1.dfm                      1                            exit:for.lpi#1.dfm                                    
    exit:for:for#1.sva                      1                            exit:for:for#1.sva                                    
    exit:for:for.sva                        1                            exit:for:for.sva                                      
    exit:for:for:for#1.sva                  1                            exit:for:for:for#1.sva                                
    exit:for:for:for.sva                    1                            exit:for:for:for.sva                                  
    for.stage_0                             1                            for.stage_0                                           
    for.stage_0#1                           1                            for.stage_0#1                                         
    for:for:for:for:else:mux#1.itm          1                            for:for:for:for:else:mux#1.itm                        
    for:for:for:for:lor.lpi#1.dfm           1                            for:for:for:for:lor.lpi#1.dfm                         
    reg(Drow#1.sva#1).tmp                   1                            reg(Drow#1.sva#1).tmp                                 
                                                                                                                               
    Total:                                 60              0           0 (Total Gating Ratio: 0.00, CG Opt Gating Ratio: 0.00) 
    
  Timing Report
    Critical Path
      Max Delay:  13.668945
      Slack:      6.331054999999999
      
      Path                                                                                   Startpoint                             Endpoint                                            Delay   Slack   
      -------------------------------------------------------------------------------------- -------------------------------------- --------------------------------------------------- ------- -------
      1                                                                                      Convolotion/in:rsc:singleport.data_out Convolotion:core/reg(Result.sg2.sva)                13.6689 6.3311  
                                                                                                                                                                                                        
        Instance                                                                             Component                                                                                  Delta   Delay   
        --------                                                                             ---------                                                                                  -----   -----   
        Convolotion/in:rsc:singleport.data_out                                                                                                                                          3.4000  3.4000  
        Convolotion:core/in:rsc:singleport.data_out                                                                                                                                     0.0000  3.4000  
        Convolotion:core/for:for:for:for:else:mul#1                                          mgc_mul_5_0_8_0_12                                                                         2.8582  6.2582  
        Convolotion:core/for:for:for:for:else:mul#1.itm                                                                                                                                 0.0000  6.2582  
        Convolotion:core/for:for:for:for:else:slc(for:for:for:for:else:mul#1.sdt)                                                                                                       0.0000  6.2582  
        Convolotion:core/for:for:for:for:else:slc(for:for:for:for:else:mul#1.sdt).itm                                                                                                   0.0000  6.2582  
        Convolotion:core/conc#31                                                                                                                                                        0.0000  6.2582  
        Convolotion:core/conc#31.itm                                                                                                                                                    0.0000  6.2582  
        Convolotion:core/mux#46                                                              mgc_mux_6_1_2                                                                              0.9467  7.2049  
        Convolotion:core/mux#46.itm                                                                                                                                                     0.0000  7.2049  
        Convolotion:core/for:for:for:for:mgc_Altera-Cyclone-II-6_beh_psr.mgc_add(9,0,6,1,11) mgc_add_9_0_6_1_11                                                                         1.0525  8.2574  
        Convolotion:core/z.out                                                                                                                                                          0.0000  8.2574  
        Convolotion:core/slc(slc.sat.sva.pdr)#1                                                                                                                                         0.0000  8.2574  
        Convolotion:core/slc(slc.sat.sva.pdr)#1.itm                                                                                                                                     0.0000  8.2574  
        Convolotion:core/or#71                                                               mgc_or_8_2                                                                                 0.3979  8.6553  
        Convolotion:core/for:for:for:for:else:ac_fixed:cctor.sva                                                                                                                        0.0000  8.6553  
        Convolotion:core/slc(for:for:for:for:else:ac_fixed:cctor.sva)#2                                                                                                                 0.0000  8.6553  
        Convolotion:core/slc(for:for:for:for:else:ac_fixed:cctor.sva)#2.itm                                                                                                             0.0000  8.6553  
        Convolotion:core/mux#21                                                              mgc_mux_1_1_2                                                                              0.9467  9.6020  
        Convolotion:core/Result.sg2.sva.dfm:mx0                                                                                                                                         0.0000  9.6020  
        Convolotion:core/for:for:for:for:and#2                                               mgc_and_1_2                                                                                0.4089  10.0109 
        Convolotion:core/for:for:for:for:and#2.itm                                                                                                                                      0.0000  10.0109 
        Convolotion:core/for:for:for:mux                                                     mgc_mux_1_1_2                                                                              0.9467  10.9577 
        Convolotion:core/for:for:for:mux.itm                                                                                                                                            0.0000  10.9577 
        Convolotion:core/for:for:for:for:and#9                                               mgc_and_1_2                                                                                0.4089  11.3666 
        Convolotion:core/for:for:for:for:and#9.itm                                                                                                                                      0.0000  11.3666 
        Convolotion:core/mux#11                                                              mgc_mux_1_1_2                                                                              0.9467  12.3133 
        Convolotion:core/mux#11.itm                                                                                                                                                     0.0000  12.3133 
        Convolotion:core/mux#28                                                              mgc_mux_1_1_2                                                                              0.9467  13.2601 
        Convolotion:core/mux#28.itm                                                                                                                                                     0.0000  13.2601 
        Convolotion:core/and#57                                                              mgc_and_1_2                                                                                0.4089  13.6689 
        Convolotion:core/and#57.itm                                                                                                                                                     0.0000  13.6689 
        Convolotion:core/reg(Result.sg2.sva)                                                 mgc_reg_pos_1_0_0_1_1_0_0                                                                  0.0000  13.6689 
                                                                                                                                                                                                        
      2                                                                                      Convolotion/in:rsc:singleport.data_out Convolotion:core/reg(Result#1.sva)                  13.6689 6.3311  
                                                                                                                                                                                                        
        Instance                                                                             Component                                                                                  Delta   Delay   
        --------                                                                             ---------                                                                                  -----   -----   
        Convolotion/in:rsc:singleport.data_out                                                                                                                                          3.4000  3.4000  
        Convolotion:core/in:rsc:singleport.data_out                                                                                                                                     0.0000  3.4000  
        Convolotion:core/for:for:for:for:else:mul#1                                          mgc_mul_5_0_8_0_12                                                                         2.8582  6.2582  
        Convolotion:core/for:for:for:for:else:mul#1.itm                                                                                                                                 0.0000  6.2582  
        Convolotion:core/for:for:for:for:else:slc(for:for:for:for:else:mul#1.sdt)                                                                                                       0.0000  6.2582  
        Convolotion:core/for:for:for:for:else:slc(for:for:for:for:else:mul#1.sdt).itm                                                                                                   0.0000  6.2582  
        Convolotion:core/conc#31                                                                                                                                                        0.0000  6.2582  
        Convolotion:core/conc#31.itm                                                                                                                                                    0.0000  6.2582  
        Convolotion:core/mux#46                                                              mgc_mux_6_1_2                                                                              0.9467  7.2049  
        Convolotion:core/mux#46.itm                                                                                                                                                     0.0000  7.2049  
        Convolotion:core/for:for:for:for:mgc_Altera-Cyclone-II-6_beh_psr.mgc_add(9,0,6,1,11) mgc_add_9_0_6_1_11                                                                         1.0525  8.2574  
        Convolotion:core/z.out                                                                                                                                                          0.0000  8.2574  
        Convolotion:core/slc(slc.sat.sva.pdr)#1                                                                                                                                         0.0000  8.2574  
        Convolotion:core/slc(slc.sat.sva.pdr)#1.itm                                                                                                                                     0.0000  8.2574  
        Convolotion:core/or#71                                                               mgc_or_8_2                                                                                 0.3979  8.6553  
        Convolotion:core/for:for:for:for:else:ac_fixed:cctor.sva                                                                                                                        0.0000  8.6553  
        Convolotion:core/slc(for:for:for:for:else:ac_fixed:cctor.sva)                                                                                                                   0.0000  8.6553  
        Convolotion:core/slc(for:for:for:for:else:ac_fixed:cctor.sva).itm                                                                                                               0.0000  8.6553  
        Convolotion:core/mux#19                                                              mgc_mux_1_1_2                                                                              0.9467  9.6020  
        Convolotion:core/Result#1.sva.dfm:mx0                                                                                                                                           0.0000  9.6020  
        Convolotion:core/for:for:for:for:and#4                                               mgc_and_1_2                                                                                0.4089  10.0109 
        Convolotion:core/for:for:for:for:and#4.itm                                                                                                                                      0.0000  10.0109 
        Convolotion:core/for:for:for:mux#2                                                   mgc_mux_1_1_2                                                                              0.9467  10.9577 
        Convolotion:core/for:for:for:mux#2.itm                                                                                                                                          0.0000  10.9577 
        Convolotion:core/for:for:for:for:and#11                                              mgc_and_1_2                                                                                0.4089  11.3666 
        Convolotion:core/for:for:for:for:and#11.itm                                                                                                                                     0.0000  11.3666 
        Convolotion:core/mux#9                                                               mgc_mux_1_1_2                                                                              0.9467  12.3133 
        Convolotion:core/mux#9.itm                                                                                                                                                      0.0000  12.3133 
        Convolotion:core/mux#26                                                              mgc_mux_1_1_2                                                                              0.9467  13.2601 
        Convolotion:core/mux#26.itm                                                                                                                                                     0.0000  13.2601 
        Convolotion:core/and#55                                                              mgc_and_1_2                                                                                0.4089  13.6689 
        Convolotion:core/and#55.itm                                                                                                                                                     0.0000  13.6689 
        Convolotion:core/reg(Result#1.sva)                                                   mgc_reg_pos_1_0_0_1_1_0_0                                                                  0.0000  13.6689 
                                                                                                                                                                                                        
      3                                                                                      Convolotion/in:rsc:singleport.data_out Convolotion:core/reg(Result#1.sva)                  13.6689 6.3311  
                                                                                                                                                                                                        
        Instance                                                                             Component                                                                                  Delta   Delay   
        --------                                                                             ---------                                                                                  -----   -----   
        Convolotion/in:rsc:singleport.data_out                                                                                                                                          3.4000  3.4000  
        Convolotion:core/in:rsc:singleport.data_out                                                                                                                                     0.0000  3.4000  
        Convolotion:core/for:for:for:for:else:mul#1                                          mgc_mul_5_0_8_0_12                                                                         2.8582  6.2582  
        Convolotion:core/for:for:for:for:else:mul#1.itm                                                                                                                                 0.0000  6.2582  
        Convolotion:core/for:for:for:for:else:slc(for:for:for:for:else:mul#1.sdt)                                                                                                       0.0000  6.2582  
        Convolotion:core/for:for:for:for:else:slc(for:for:for:for:else:mul#1.sdt).itm                                                                                                   0.0000  6.2582  
        Convolotion:core/conc#31                                                                                                                                                        0.0000  6.2582  
        Convolotion:core/conc#31.itm                                                                                                                                                    0.0000  6.2582  
        Convolotion:core/mux#46                                                              mgc_mux_6_1_2                                                                              0.9467  7.2049  
        Convolotion:core/mux#46.itm                                                                                                                                                     0.0000  7.2049  
        Convolotion:core/for:for:for:for:mgc_Altera-Cyclone-II-6_beh_psr.mgc_add(9,0,6,1,11) mgc_add_9_0_6_1_11                                                                         1.0525  8.2574  
        Convolotion:core/z.out                                                                                                                                                          0.0000  8.2574  
        Convolotion:core/slc(z.out)                                                                                                                                                     0.0000  8.2574  
        Convolotion:core/slc(z.out).itm                                                                                                                                                 0.0000  8.2574  
        Convolotion:core/exs#20                                                                                                                                                         0.0000  8.2574  
        Convolotion:core/exs#20.itm                                                                                                                                                     0.0000  8.2574  
        Convolotion:core/or#71                                                               mgc_or_8_2                                                                                 0.3979  8.6553  
        Convolotion:core/for:for:for:for:else:ac_fixed:cctor.sva                                                                                                                        0.0000  8.6553  
        Convolotion:core/slc(for:for:for:for:else:ac_fixed:cctor.sva)                                                                                                                   0.0000  8.6553  
        Convolotion:core/slc(for:for:for:for:else:ac_fixed:cctor.sva).itm                                                                                                               0.0000  8.6553  
        Convolotion:core/mux#19                                                              mgc_mux_1_1_2                                                                              0.9467  9.6020  
        Convolotion:core/Result#1.sva.dfm:mx0                                                                                                                                           0.0000  9.6020  
        Convolotion:core/for:for:for:for:and#4                                               mgc_and_1_2                                                                                0.4089  10.0109 
        Convolotion:core/for:for:for:for:and#4.itm                                                                                                                                      0.0000  10.0109 
        Convolotion:core/for:for:for:mux#2                                                   mgc_mux_1_1_2                                                                              0.9467  10.9577 
        Convolotion:core/for:for:for:mux#2.itm                                                                                                                                          0.0000  10.9577 
        Convolotion:core/for:for:for:for:and#11                                              mgc_and_1_2                                                                                0.4089  11.3666 
        Convolotion:core/for:for:for:for:and#11.itm                                                                                                                                     0.0000  11.3666 
        Convolotion:core/mux#9                                                               mgc_mux_1_1_2                                                                              0.9467  12.3133 
        Convolotion:core/mux#9.itm                                                                                                                                                      0.0000  12.3133 
        Convolotion:core/mux#26                                                              mgc_mux_1_1_2                                                                              0.9467  13.2601 
        Convolotion:core/mux#26.itm                                                                                                                                                     0.0000  13.2601 
        Convolotion:core/and#55                                                              mgc_and_1_2                                                                                0.4089  13.6689 
        Convolotion:core/and#55.itm                                                                                                                                                     0.0000  13.6689 
        Convolotion:core/reg(Result#1.sva)                                                   mgc_reg_pos_1_0_0_1_1_0_0                                                                  0.0000  13.6689 
                                                                                                                                                                                                        
      4                                                                                      Convolotion/in:rsc:singleport.data_out Convolotion:core/reg(Result#1.sva)                  13.2601 6.7399  
                                                                                                                                                                                                        
        Instance                                                                             Component                                                                                  Delta   Delay   
        --------                                                                             ---------                                                                                  -----   -----   
        Convolotion/in:rsc:singleport.data_out                                                                                                                                          3.4000  3.4000  
        Convolotion:core/in:rsc:singleport.data_out                                                                                                                                     0.0000  3.4000  
        Convolotion:core/for:for:for:for:else:mul#1                                          mgc_mul_5_0_8_0_12                                                                         2.8582  6.2582  
        Convolotion:core/for:for:for:for:else:mul#1.itm                                                                                                                                 0.0000  6.2582  
        Convolotion:core/for:for:for:for:else:slc(for:for:for:for:else:mul#1.sdt)                                                                                                       0.0000  6.2582  
        Convolotion:core/for:for:for:for:else:slc(for:for:for:for:else:mul#1.sdt).itm                                                                                                   0.0000  6.2582  
        Convolotion:core/conc#31                                                                                                                                                        0.0000  6.2582  
        Convolotion:core/conc#31.itm                                                                                                                                                    0.0000  6.2582  
        Convolotion:core/mux#46                                                              mgc_mux_6_1_2                                                                              0.9467  7.2049  
        Convolotion:core/mux#46.itm                                                                                                                                                     0.0000  7.2049  
        Convolotion:core/for:for:for:for:mgc_Altera-Cyclone-II-6_beh_psr.mgc_add(9,0,6,1,11) mgc_add_9_0_6_1_11                                                                         1.0525  8.2574  
        Convolotion:core/z.out                                                                                                                                                          0.0000  8.2574  
        Convolotion:core/slc(slc.sat.sva.pdr)#1                                                                                                                                         0.0000  8.2574  
        Convolotion:core/slc(slc.sat.sva.pdr)#1.itm                                                                                                                                     0.0000  8.2574  
        Convolotion:core/or#71                                                               mgc_or_8_2                                                                                 0.3979  8.6553  
        Convolotion:core/for:for:for:for:else:ac_fixed:cctor.sva                                                                                                                        0.0000  8.6553  
        Convolotion:core/slc(for:for:for:for:else:ac_fixed:cctor.sva)                                                                                                                   0.0000  8.6553  
        Convolotion:core/slc(for:for:for:for:else:ac_fixed:cctor.sva).itm                                                                                                               0.0000  8.6553  
        Convolotion:core/mux#19                                                              mgc_mux_1_1_2                                                                              0.9467  9.6020  
        Convolotion:core/Result#1.sva.dfm:mx0                                                                                                                                           0.0000  9.6020  
        Convolotion:core/for:for:for:mux#2                                                   mgc_mux_1_1_2                                                                              0.9467  10.5488 
        Convolotion:core/for:for:for:mux#2.itm                                                                                                                                          0.0000  10.5488 
        Convolotion:core/for:for:for:for:and#11                                              mgc_and_1_2                                                                                0.4089  10.9577 
        Convolotion:core/for:for:for:for:and#11.itm                                                                                                                                     0.0000  10.9577 
        Convolotion:core/mux#9                                                               mgc_mux_1_1_2                                                                              0.9467  11.9044 
        Convolotion:core/mux#9.itm                                                                                                                                                      0.0000  11.9044 
        Convolotion:core/mux#26                                                              mgc_mux_1_1_2                                                                              0.9467  12.8512 
        Convolotion:core/mux#26.itm                                                                                                                                                     0.0000  12.8512 
        Convolotion:core/and#55                                                              mgc_and_1_2                                                                                0.4089  13.2601 
        Convolotion:core/and#55.itm                                                                                                                                                     0.0000  13.2601 
        Convolotion:core/reg(Result#1.sva)                                                   mgc_reg_pos_1_0_0_1_1_0_0                                                                  0.0000  13.2601 
                                                                                                                                                                                                        
      5                                                                                      Convolotion/in:rsc:singleport.data_out Convolotion:core/reg(Result.sg2.sva)                13.2601 6.7399  
                                                                                                                                                                                                        
        Instance                                                                             Component                                                                                  Delta   Delay   
        --------                                                                             ---------                                                                                  -----   -----   
        Convolotion/in:rsc:singleport.data_out                                                                                                                                          3.4000  3.4000  
        Convolotion:core/in:rsc:singleport.data_out                                                                                                                                     0.0000  3.4000  
        Convolotion:core/for:for:for:for:else:mul#1                                          mgc_mul_5_0_8_0_12                                                                         2.8582  6.2582  
        Convolotion:core/for:for:for:for:else:mul#1.itm                                                                                                                                 0.0000  6.2582  
        Convolotion:core/for:for:for:for:else:slc(for:for:for:for:else:mul#1.sdt)                                                                                                       0.0000  6.2582  
        Convolotion:core/for:for:for:for:else:slc(for:for:for:for:else:mul#1.sdt).itm                                                                                                   0.0000  6.2582  
        Convolotion:core/conc#31                                                                                                                                                        0.0000  6.2582  
        Convolotion:core/conc#31.itm                                                                                                                                                    0.0000  6.2582  
        Convolotion:core/mux#46                                                              mgc_mux_6_1_2                                                                              0.9467  7.2049  
        Convolotion:core/mux#46.itm                                                                                                                                                     0.0000  7.2049  
        Convolotion:core/for:for:for:for:mgc_Altera-Cyclone-II-6_beh_psr.mgc_add(9,0,6,1,11) mgc_add_9_0_6_1_11                                                                         1.0525  8.2574  
        Convolotion:core/z.out                                                                                                                                                          0.0000  8.2574  
        Convolotion:core/slc(slc.sat.sva.pdr)#1                                                                                                                                         0.0000  8.2574  
        Convolotion:core/slc(slc.sat.sva.pdr)#1.itm                                                                                                                                     0.0000  8.2574  
        Convolotion:core/or#71                                                               mgc_or_8_2                                                                                 0.3979  8.6553  
        Convolotion:core/for:for:for:for:else:ac_fixed:cctor.sva                                                                                                                        0.0000  8.6553  
        Convolotion:core/slc(for:for:for:for:else:ac_fixed:cctor.sva)#2                                                                                                                 0.0000  8.6553  
        Convolotion:core/slc(for:for:for:for:else:ac_fixed:cctor.sva)#2.itm                                                                                                             0.0000  8.6553  
        Convolotion:core/mux#21                                                              mgc_mux_1_1_2                                                                              0.9467  9.6020  
        Convolotion:core/Result.sg2.sva.dfm:mx0                                                                                                                                         0.0000  9.6020  
        Convolotion:core/for:for:for:mux                                                     mgc_mux_1_1_2                                                                              0.9467  10.5488 
        Convolotion:core/for:for:for:mux.itm                                                                                                                                            0.0000  10.5488 
        Convolotion:core/for:for:for:for:and#9                                               mgc_and_1_2                                                                                0.4089  10.9577 
        Convolotion:core/for:for:for:for:and#9.itm                                                                                                                                      0.0000  10.9577 
        Convolotion:core/mux#11                                                              mgc_mux_1_1_2                                                                              0.9467  11.9044 
        Convolotion:core/mux#11.itm                                                                                                                                                     0.0000  11.9044 
        Convolotion:core/mux#28                                                              mgc_mux_1_1_2                                                                              0.9467  12.8512 
        Convolotion:core/mux#28.itm                                                                                                                                                     0.0000  12.8512 
        Convolotion:core/and#57                                                              mgc_and_1_2                                                                                0.4089  13.2601 
        Convolotion:core/and#57.itm                                                                                                                                                     0.0000  13.2601 
        Convolotion:core/reg(Result.sg2.sva)                                                 mgc_reg_pos_1_0_0_1_1_0_0                                                                  0.0000  13.2601 
                                                                                                                                                                                                        
      6                                                                                      Convolotion/in:rsc:singleport.data_out Convolotion:core/reg(Result.sg2.sva)                13.2601 6.7399  
                                                                                                                                                                                                        
        Instance                                                                             Component                                                                                  Delta   Delay   
        --------                                                                             ---------                                                                                  -----   -----   
        Convolotion/in:rsc:singleport.data_out                                                                                                                                          3.4000  3.4000  
        Convolotion:core/in:rsc:singleport.data_out                                                                                                                                     0.0000  3.4000  
        Convolotion:core/for:for:for:for:else:mul#1                                          mgc_mul_5_0_8_0_12                                                                         2.8582  6.2582  
        Convolotion:core/for:for:for:for:else:mul#1.itm                                                                                                                                 0.0000  6.2582  
        Convolotion:core/for:for:for:for:else:slc(for:for:for:for:else:mul#1.sdt)                                                                                                       0.0000  6.2582  
        Convolotion:core/for:for:for:for:else:slc(for:for:for:for:else:mul#1.sdt).itm                                                                                                   0.0000  6.2582  
        Convolotion:core/conc#31                                                                                                                                                        0.0000  6.2582  
        Convolotion:core/conc#31.itm                                                                                                                                                    0.0000  6.2582  
        Convolotion:core/mux#46                                                              mgc_mux_6_1_2                                                                              0.9467  7.2049  
        Convolotion:core/mux#46.itm                                                                                                                                                     0.0000  7.2049  
        Convolotion:core/for:for:for:for:mgc_Altera-Cyclone-II-6_beh_psr.mgc_add(9,0,6,1,11) mgc_add_9_0_6_1_11                                                                         1.0525  8.2574  
        Convolotion:core/z.out                                                                                                                                                          0.0000  8.2574  
        Convolotion:core/slc(z.out)                                                                                                                                                     0.0000  8.2574  
        Convolotion:core/slc(z.out).itm                                                                                                                                                 0.0000  8.2574  
        Convolotion:core/exs#20                                                                                                                                                         0.0000  8.2574  
        Convolotion:core/exs#20.itm                                                                                                                                                     0.0000  8.2574  
        Convolotion:core/or#71                                                               mgc_or_8_2                                                                                 0.3979  8.6553  
        Convolotion:core/for:for:for:for:else:ac_fixed:cctor.sva                                                                                                                        0.0000  8.6553  
        Convolotion:core/slc(for:for:for:for:else:ac_fixed:cctor.sva)#2                                                                                                                 0.0000  8.6553  
        Convolotion:core/slc(for:for:for:for:else:ac_fixed:cctor.sva)#2.itm                                                                                                             0.0000  8.6553  
        Convolotion:core/mux#21                                                              mgc_mux_1_1_2                                                                              0.9467  9.6020  
        Convolotion:core/Result.sg2.sva.dfm:mx0                                                                                                                                         0.0000  9.6020  
        Convolotion:core/for:for:for:mux                                                     mgc_mux_1_1_2                                                                              0.9467  10.5488 
        Convolotion:core/for:for:for:mux.itm                                                                                                                                            0.0000  10.5488 
        Convolotion:core/for:for:for:for:and#9                                               mgc_and_1_2                                                                                0.4089  10.9577 
        Convolotion:core/for:for:for:for:and#9.itm                                                                                                                                      0.0000  10.9577 
        Convolotion:core/mux#11                                                              mgc_mux_1_1_2                                                                              0.9467  11.9044 
        Convolotion:core/mux#11.itm                                                                                                                                                     0.0000  11.9044 
        Convolotion:core/mux#28                                                              mgc_mux_1_1_2                                                                              0.9467  12.8512 
        Convolotion:core/mux#28.itm                                                                                                                                                     0.0000  12.8512 
        Convolotion:core/and#57                                                              mgc_and_1_2                                                                                0.4089  13.2601 
        Convolotion:core/and#57.itm                                                                                                                                                     0.0000  13.2601 
        Convolotion:core/reg(Result.sg2.sva)                                                 mgc_reg_pos_1_0_0_1_1_0_0                                                                  0.0000  13.2601 
                                                                                                                                                                                                        
      7                                                                                      Convolotion/in:rsc:singleport.data_out Convolotion:core/reg(Result.sg1.sva)                10.4663 9.5337  
                                                                                                                                                                                                        
        Instance                                                                             Component                                                                                  Delta   Delay   
        --------                                                                             ---------                                                                                  -----   -----   
        Convolotion/in:rsc:singleport.data_out                                                                                                                                          3.4000  3.4000  
        Convolotion:core/in:rsc:singleport.data_out                                                                                                                                     0.0000  3.4000  
        Convolotion:core/for:for:for:for:else:mul#1                                          mgc_mul_5_0_8_0_12                                                                         2.8582  6.2582  
        Convolotion:core/for:for:for:for:else:mul#1.itm                                                                                                                                 0.0000  6.2582  
        Convolotion:core/for:for:for:for:else:slc(for:for:for:for:else:mul#1.sdt)                                                                                                       0.0000  6.2582  
        Convolotion:core/for:for:for:for:else:slc(for:for:for:for:else:mul#1.sdt).itm                                                                                                   0.0000  6.2582  
        Convolotion:core/conc#31                                                                                                                                                        0.0000  6.2582  
        Convolotion:core/conc#31.itm                                                                                                                                                    0.0000  6.2582  
        Convolotion:core/mux#46                                                              mgc_mux_6_1_2                                                                              0.9467  7.2049  
        Convolotion:core/mux#46.itm                                                                                                                                                     0.0000  7.2049  
        Convolotion:core/for:for:for:for:mgc_Altera-Cyclone-II-6_beh_psr.mgc_add(9,0,6,1,11) mgc_add_9_0_6_1_11                                                                         1.0525  8.2574  
        Convolotion:core/z.out                                                                                                                                                          0.0000  8.2574  
        Convolotion:core/slc(slc.sat.sva.pdr)#1                                                                                                                                         0.0000  8.2574  
        Convolotion:core/slc(slc.sat.sva.pdr)#1.itm                                                                                                                                     0.0000  8.2574  
        Convolotion:core/or#71                                                               mgc_or_8_2                                                                                 0.3979  8.6553  
        Convolotion:core/for:for:for:for:else:ac_fixed:cctor.sva                                                                                                                        0.0000  8.6553  
        Convolotion:core/slc(for:for:for:for:else:ac_fixed:cctor.sva)#3                                                                                                                 0.0000  8.6553  
        Convolotion:core/slc(for:for:for:for:else:ac_fixed:cctor.sva)#3.itm                                                                                                             0.0000  8.6553  
        Convolotion:core/mux1h                                                               mgc_mux1hot_6_3                                                                            1.4021  10.0574 
        Convolotion:core/mux1h.itm                                                                                                                                                      0.0000  10.0574 
        Convolotion:core/and#119                                                             mgc_and_6_2                                                                                0.4089  10.4663 
        Convolotion:core/and#119.itm                                                                                                                                                    0.0000  10.4663 
        Convolotion:core/reg(Result.sg1.sva)                                                 mgc_reg_pos_6_0_0_1_1_0_0                                                                  0.0000  10.4663 
                                                                                                                                                                                                        
      8                                                                                      Convolotion/in:rsc:singleport.data_out Convolotion:core/reg(Result.sg1.sva)                10.4663 9.5337  
                                                                                                                                                                                                        
        Instance                                                                             Component                                                                                  Delta   Delay   
        --------                                                                             ---------                                                                                  -----   -----   
        Convolotion/in:rsc:singleport.data_out                                                                                                                                          3.4000  3.4000  
        Convolotion:core/in:rsc:singleport.data_out                                                                                                                                     0.0000  3.4000  
        Convolotion:core/for:for:for:for:else:mul#1                                          mgc_mul_5_0_8_0_12                                                                         2.8582  6.2582  
        Convolotion:core/for:for:for:for:else:mul#1.itm                                                                                                                                 0.0000  6.2582  
        Convolotion:core/for:for:for:for:else:slc(for:for:for:for:else:mul#1.sdt)                                                                                                       0.0000  6.2582  
        Convolotion:core/for:for:for:for:else:slc(for:for:for:for:else:mul#1.sdt).itm                                                                                                   0.0000  6.2582  
        Convolotion:core/conc#31                                                                                                                                                        0.0000  6.2582  
        Convolotion:core/conc#31.itm                                                                                                                                                    0.0000  6.2582  
        Convolotion:core/mux#46                                                              mgc_mux_6_1_2                                                                              0.9467  7.2049  
        Convolotion:core/mux#46.itm                                                                                                                                                     0.0000  7.2049  
        Convolotion:core/for:for:for:for:mgc_Altera-Cyclone-II-6_beh_psr.mgc_add(9,0,6,1,11) mgc_add_9_0_6_1_11                                                                         1.0525  8.2574  
        Convolotion:core/z.out                                                                                                                                                          0.0000  8.2574  
        Convolotion:core/slc(z.out)                                                                                                                                                     0.0000  8.2574  
        Convolotion:core/slc(z.out).itm                                                                                                                                                 0.0000  8.2574  
        Convolotion:core/exs#20                                                                                                                                                         0.0000  8.2574  
        Convolotion:core/exs#20.itm                                                                                                                                                     0.0000  8.2574  
        Convolotion:core/or#71                                                               mgc_or_8_2                                                                                 0.3979  8.6553  
        Convolotion:core/for:for:for:for:else:ac_fixed:cctor.sva                                                                                                                        0.0000  8.6553  
        Convolotion:core/slc(for:for:for:for:else:ac_fixed:cctor.sva)#3                                                                                                                 0.0000  8.6553  
        Convolotion:core/slc(for:for:for:for:else:ac_fixed:cctor.sva)#3.itm                                                                                                             0.0000  8.6553  
        Convolotion:core/mux1h                                                               mgc_mux1hot_6_3                                                                            1.4021  10.0574 
        Convolotion:core/mux1h.itm                                                                                                                                                      0.0000  10.0574 
        Convolotion:core/and#119                                                             mgc_and_6_2                                                                                0.4089  10.4663 
        Convolotion:core/and#119.itm                                                                                                                                                    0.0000  10.4663 
        Convolotion:core/reg(Result.sg1.sva)                                                 mgc_reg_pos_6_0_0_1_1_0_0                                                                  0.0000  10.4663 
                                                                                                                                                                                                        
      9                                                                                      Convolotion/in:rsc:singleport.data_out Convolotion/in:rsc:singleport.re                    10.2528 9.7472  
                                                                                                                                                                                                        
        Instance                                                                             Component                                                                                  Delta   Delay   
        --------                                                                             ---------                                                                                  -----   -----   
        Convolotion/in:rsc:singleport.data_out                                                                                                                                          3.4000  3.4000  
        Convolotion:core/in:rsc:singleport.data_out                                                                                                                                     0.0000  3.4000  
        Convolotion:core/for:for:for:for:else:mul#1                                          mgc_mul_5_0_8_0_12                                                                         2.8582  6.2582  
        Convolotion:core/for:for:for:for:else:mul#1.itm                                                                                                                                 0.0000  6.2582  
        Convolotion:core/for:for:for:for:else:slc(for:for:for:for:else:mul#1.sdt)                                                                                                       0.0000  6.2582  
        Convolotion:core/for:for:for:for:else:slc(for:for:for:for:else:mul#1.sdt).itm                                                                                                   0.0000  6.2582  
        Convolotion:core/conc#31                                                                                                                                                        0.0000  6.2582  
        Convolotion:core/conc#31.itm                                                                                                                                                    0.0000  6.2582  
        Convolotion:core/mux#46                                                              mgc_mux_6_1_2                                                                              0.9467  7.2049  
        Convolotion:core/mux#46.itm                                                                                                                                                     0.0000  7.2049  
        Convolotion:core/for:for:for:for:mgc_Altera-Cyclone-II-6_beh_psr.mgc_add(9,0,6,1,11) mgc_add_9_0_6_1_11                                                                         1.0525  8.2574  
        Convolotion:core/z.out                                                                                                                                                          0.0000  8.2574  
        Convolotion:core/slc(conv2.sva)#1                                                                                                                                               0.0000  8.2574  
        Convolotion:core/slc(conv2.sva)#1.itm                                                                                                                                           0.0000  8.2574  
        Convolotion:core/for:for:for:for:oelse#2:not                                         mgc_not_2                                                                                  0.0000  8.2574  
        Convolotion:core/for:for:for:for:oelse#2:not.itm                                                                                                                                0.0000  8.2574  
        Convolotion:core/for:for:for:for:oelse#2:acc                                         mgc_add_2_0_2_0_2                                                                          0.9715  9.2289  
        Convolotion:core/for:for:for:for:oelse#2:acc.itm                                                                                                                                0.0000  9.2289  
        Convolotion:core/for:for:for:for:oelse#2:slc#1                                                                                                                                  0.0000  9.2289  
        Convolotion:core/for:for:for:for:oelse#2:slc#1.itm                                                                                                                              0.0000  9.2289  
        Convolotion:core/not#61                                                              mgc_not_1                                                                                  0.0000  9.2289  
        Convolotion:core/not#61.itm                                                                                                                                                     0.0000  9.2289  
        Convolotion:core/nand#4                                                              mgc_nand_1_5                                                                               0.9239  10.1528 
        Convolotion:core/in:rsc:singleport.re                                                                                                                                           0.0000  10.1528 
        Convolotion/in:rsc:singleport.re.reg                                                                                                                                            0.0000  10.1528 
        Convolotion/asn(in:rsc:singleport.re)                                                                                                                                           0.0000  10.1528 
        Convolotion/in:rsc:singleport.re                                                                                                                                                0.1000  10.2528 
                                                                                                                                                                                                        
      10                                                                                     Convolotion/in:rsc:singleport.data_out Convolotion:core/reg(for:for:for:for:lor.lpi#1.dfm) 10.0247 9.9753  
                                                                                                                                                                                                        
        Instance                                                                             Component                                                                                  Delta   Delay   
        --------                                                                             ---------                                                                                  -----   -----   
        Convolotion/in:rsc:singleport.data_out                                                                                                                                          3.4000  3.4000  
        Convolotion:core/in:rsc:singleport.data_out                                                                                                                                     0.0000  3.4000  
        Convolotion:core/for:for:for:for:else:mul#1                                          mgc_mul_5_0_8_0_12                                                                         2.8582  6.2582  
        Convolotion:core/for:for:for:for:else:mul#1.itm                                                                                                                                 0.0000  6.2582  
        Convolotion:core/for:for:for:for:else:slc(for:for:for:for:else:mul#1.sdt)                                                                                                       0.0000  6.2582  
        Convolotion:core/for:for:for:for:else:slc(for:for:for:for:else:mul#1.sdt).itm                                                                                                   0.0000  6.2582  
        Convolotion:core/conc#31                                                                                                                                                        0.0000  6.2582  
        Convolotion:core/conc#31.itm                                                                                                                                                    0.0000  6.2582  
        Convolotion:core/mux#46                                                              mgc_mux_6_1_2                                                                              0.9467  7.2049  
        Convolotion:core/mux#46.itm                                                                                                                                                     0.0000  7.2049  
        Convolotion:core/for:for:for:for:mgc_Altera-Cyclone-II-6_beh_psr.mgc_add(9,0,6,1,11) mgc_add_9_0_6_1_11                                                                         1.0525  8.2574  
        Convolotion:core/z.out                                                                                                                                                          0.0000  8.2574  
        Convolotion:core/slc(conv2.sva)#1                                                                                                                                               0.0000  8.2574  
        Convolotion:core/slc(conv2.sva)#1.itm                                                                                                                                           0.0000  8.2574  
        Convolotion:core/for:for:for:for:oelse#2:not                                         mgc_not_2                                                                                  0.0000  8.2574  
        Convolotion:core/for:for:for:for:oelse#2:not.itm                                                                                                                                0.0000  8.2574  
        Convolotion:core/for:for:for:for:oelse#2:acc                                         mgc_add_2_0_2_0_2                                                                          0.9715  9.2289  
        Convolotion:core/for:for:for:for:oelse#2:acc.itm                                                                                                                                0.0000  9.2289  
        Convolotion:core/for:for:for:for:oelse#2:slc                                                                                                                                    0.0000  9.2289  
        Convolotion:core/for:for:for:for:oelse#2:slc.itm                                                                                                                                0.0000  9.2289  
        Convolotion:core/for:for:for:for:if:or#2                                             mgc_or_1_4                                                                                 0.7958  10.0247 
        Convolotion:core/for:for:for:for:if:or#2.itm                                                                                                                                    0.0000  10.0247 
        Convolotion:core/reg(for:for:for:for:lor.lpi#1.dfm)                                  mgc_reg_pos_1_0_0_1_1_0_0                                                                  0.0000  10.0247 
                                                                                                                                                                                                        
      
    Register Input and Register-to-Output Slack
      Clock period or pin-to-reg delay constraint (clk): 20.0
      Clock uncertainty constraint (clk)               : 0.0
      
      Instance                                             Port                               Slack (Delay) Messages 
      ---------------------------------------------------- -------------------------------- ------- ------- --------
      Convolotion:core/reg(for.stage_0)                    or#52.itm                        16.1675  3.8325          
      Convolotion:core/reg(Dcolumn#1.sva#2)                and#58.itm                       15.0226  4.9774          
      Convolotion:core/reg(Drow#1.sva#3)                   and#115.itm                      12.8602  7.1398          
      Convolotion:core/reg(exit:for:for.sva)               and#51.itm                       13.5270  6.4730          
      Convolotion:core/reg(Kcolumn#1.sva)                  and#116.itm                      12.4701  7.5299          
      Convolotion:core/reg(exit:for:for:for.sva)           and#52.itm                       12.9892  7.0108          
      Convolotion:core/reg(Krow#1.sva)                     and#118.itm                      10.4476  9.5524          
      Convolotion:core/reg(for.stage_0#1)                  or#53.itm                        18.2465  1.7535          
      Convolotion:core/reg(Result#1.sva)                   and#55.itm                        6.3311 13.6689          
      Convolotion:core/reg(Result.sg1.sva)                 and#119.itm                       9.5337 10.4663          
      Convolotion:core/reg(Result.sg2.sva)                 and#57.itm                        6.3311 13.6689          
      Convolotion:core/reg(exit:for.lpi#1.dfm)             for:for:and#1.itm                15.8294  4.1706          
      Convolotion:core/reg(exit:for:for:for#1.sva)         exit:for:for:for#1.sva#1         10.4476  9.5524          
      Convolotion:core/reg(for:for:for:for:lor.lpi#1.dfm)  for:for:for:for:if:or#2.itm       9.9753 10.0247          
      Convolotion:core/reg(exit:for:for#1.sva)             exit:for:for#1.sva#1             10.4476  9.5524          
      Convolotion:core/reg(for:for:for:for:else:mux#1.itm) for:for:for:for:else:mux#1.itm#2 15.3726  4.6274          
      Convolotion:core/reg(for:for:for:for:else:mux.itm)   for:for:for:for:else:mux.itm#2   15.3726  4.6274          
      Convolotion:core/reg(Dcolumn:slc(Dcolumn)#1.itm)     Dcolumn#1.sva#2                  17.0595  2.9405          
      Convolotion:core/reg(Drow:slc(Drow)#1.itm)           Drow#1.sva#3                     11.7485  8.2515          
      Convolotion:core/reg(Drow#1.sva#1)                   slc(Drow#1.sva#4).itm            18.8948  1.1052          
      Convolotion                                          in:rsc:singleport.data_in        19.8000  0.2000          
      Convolotion                                          in:rsc:singleport.addr           10.4375  9.5625          
      Convolotion                                          in:rsc:singleport.re              9.6472 10.3528          
      Convolotion                                          in:rsc:singleport.we             19.8000  0.2000          
      Convolotion                                          out:rsc:singleport.data_in       10.1980  9.8020          
      Convolotion                                          out:rsc:singleport.addr          19.8000  0.2000          
      Convolotion                                          out:rsc:singleport.re            19.8000  0.2000          
      Convolotion                                          out:rsc:singleport.we            19.1693  0.8307          
      
  Operator Bitwidth Summary
    Operation Size (bits) Count 
    --------- ----------- -----
    add                         
    -                  11     5 
    -                   3     4 
    -                   2     5 
    and                         
    -                   3     4 
    -                   2    35 
    mul                         
    -                  12     1 
    mux                         
    -                   4     2 
    -                   1    25 
    mux1h                       
    -                   3     1 
    nand                        
    -                   6     1 
    -                   5     1 
    -                   3     1 
    -                   2     6 
    nor                         
    -                   4     1 
    -                   3     1 
    -                   2    21 
    not                         
    -                   2     1 
    -                   1    34 
    or                          
    -                   4     1 
    -                   2    12 
    reg                         
    -                   9     4 
    -                   6     1 
    -                   2     3 
    -                   1    12 
    
  End of Report
