Analysis & Synthesis report for CA5
Mon Jun 10 15:40:50 2019
Quartus II 64-Bit Version 13.0.1 Build 232 06/12/2013 Service Pack 1 SJ Web Edition


---------------------
; Table of Contents ;
---------------------
  1. Legal Notice
  2. Analysis & Synthesis Summary
  3. Analysis & Synthesis Settings
  4. Parallel Compilation
  5. Analysis & Synthesis Source Files Read
  6. Analysis & Synthesis Resource Usage Summary
  7. Analysis & Synthesis Resource Utilization by Entity
  8. Analysis & Synthesis RAM Summary
  9. Registers Removed During Synthesis
 10. General Register Statistics
 11. Registers Added for RAM Pass-Through Logic
 12. Multiplexer Restructuring Statistics (Restructuring Performed)
 13. Source assignments for altsyncram:stack_mem_rtl_0|altsyncram_agc1:auto_generated
 14. Parameter Settings for Inferred Entity Instance: altsyncram:stack_mem_rtl_0
 15. altsyncram Parameter Settings by Entity Instance
 16. Elapsed Time Per Partition
 17. Analysis & Synthesis Messages



----------------
; Legal Notice ;
----------------
Copyright (C) 1991-2013 Altera Corporation
Your use of Altera Corporation's design tools, logic functions 
and other software and tools, and its AMPP partner logic 
functions, and any output files from any of the foregoing 
(including device programming or simulation files), and any 
associated documentation or information are expressly subject 
to the terms and conditions of the Altera Program License 
Subscription Agreement, Altera MegaCore Function License 
Agreement, or other applicable license agreement, including, 
without limitation, that your use is for the sole purpose of 
programming logic devices manufactured by Altera and sold by 
Altera or its authorized distributors.  Please refer to the 
applicable agreement for further details.



+--------------------------------------------------------------------------------------+
; Analysis & Synthesis Summary                                                         ;
+------------------------------------+-------------------------------------------------+
; Analysis & Synthesis Status        ; Successful - Mon Jun 10 15:40:50 2019           ;
; Quartus II 64-Bit Version          ; 13.0.1 Build 232 06/12/2013 SP 1 SJ Web Edition ;
; Revision Name                      ; CA5                                             ;
; Top-level Entity Name              ; Stack                                           ;
; Family                             ; Cyclone IV GX                                   ;
; Total logic elements               ; 58                                              ;
;     Total combinational functions  ; 38                                              ;
;     Dedicated logic registers      ; 45                                              ;
; Total registers                    ; 45                                              ;
; Total pins                         ; 70                                              ;
; Total virtual pins                 ; 0                                               ;
; Total memory bits                  ; 160                                             ;
; Embedded Multiplier 9-bit elements ; 0                                               ;
; Total GXB Receiver Channel PCS     ; 0                                               ;
; Total GXB Receiver Channel PMA     ; 0                                               ;
; Total GXB Transmitter Channel PCS  ; 0                                               ;
; Total GXB Transmitter Channel PMA  ; 0                                               ;
; Total PLLs                         ; 0                                               ;
+------------------------------------+-------------------------------------------------+


+----------------------------------------------------------------------------------------------------------------------+
; Analysis & Synthesis Settings                                                                                        ;
+----------------------------------------------------------------------------+--------------------+--------------------+
; Option                                                                     ; Setting            ; Default Value      ;
+----------------------------------------------------------------------------+--------------------+--------------------+
; Top-level entity name                                                      ; Stack              ; CA5                ;
; Family name                                                                ; Cyclone IV GX      ; Cyclone IV GX      ;
; Use smart compilation                                                      ; Off                ; Off                ;
; Enable parallel Assembler and TimeQuest Timing Analyzer during compilation ; On                 ; On                 ;
; Enable compact report table                                                ; Off                ; Off                ;
; Restructure Multiplexers                                                   ; Auto               ; Auto               ;
; Create Debugging Nodes for IP Cores                                        ; Off                ; Off                ;
; Preserve fewer node names                                                  ; On                 ; On                 ;
; Disable OpenCore Plus hardware evaluation                                  ; Off                ; Off                ;
; Verilog Version                                                            ; Verilog_2001       ; Verilog_2001       ;
; VHDL Version                                                               ; VHDL_1993          ; VHDL_1993          ;
; State Machine Processing                                                   ; Auto               ; Auto               ;
; Safe State Machine                                                         ; Off                ; Off                ;
; Extract Verilog State Machines                                             ; On                 ; On                 ;
; Extract VHDL State Machines                                                ; On                 ; On                 ;
; Ignore Verilog initial constructs                                          ; Off                ; Off                ;
; Iteration limit for constant Verilog loops                                 ; 5000               ; 5000               ;
; Iteration limit for non-constant Verilog loops                             ; 250                ; 250                ;
; Add Pass-Through Logic to Inferred RAMs                                    ; On                 ; On                 ;
; Infer RAMs from Raw Logic                                                  ; On                 ; On                 ;
; Parallel Synthesis                                                         ; On                 ; On                 ;
; DSP Block Balancing                                                        ; Auto               ; Auto               ;
; NOT Gate Push-Back                                                         ; On                 ; On                 ;
; Power-Up Don't Care                                                        ; On                 ; On                 ;
; Remove Redundant Logic Cells                                               ; Off                ; Off                ;
; Remove Duplicate Registers                                                 ; On                 ; On                 ;
; Ignore CARRY Buffers                                                       ; Off                ; Off                ;
; Ignore CASCADE Buffers                                                     ; Off                ; Off                ;
; Ignore GLOBAL Buffers                                                      ; Off                ; Off                ;
; Ignore ROW GLOBAL Buffers                                                  ; Off                ; Off                ;
; Ignore LCELL Buffers                                                       ; Off                ; Off                ;
; Ignore SOFT Buffers                                                        ; On                 ; On                 ;
; Limit AHDL Integers to 32 Bits                                             ; Off                ; Off                ;
; Optimization Technique                                                     ; Balanced           ; Balanced           ;
; Carry Chain Length                                                         ; 70                 ; 70                 ;
; Auto Carry Chains                                                          ; On                 ; On                 ;
; Auto Open-Drain Pins                                                       ; On                 ; On                 ;
; Perform WYSIWYG Primitive Resynthesis                                      ; Off                ; Off                ;
; Auto ROM Replacement                                                       ; On                 ; On                 ;
; Auto RAM Replacement                                                       ; On                 ; On                 ;
; Auto DSP Block Replacement                                                 ; On                 ; On                 ;
; Auto Shift Register Replacement                                            ; Auto               ; Auto               ;
; Allow Shift Register Merging across Hierarchies                            ; Auto               ; Auto               ;
; Auto Clock Enable Replacement                                              ; On                 ; On                 ;
; Strict RAM Replacement                                                     ; Off                ; Off                ;
; Allow Synchronous Control Signals                                          ; On                 ; On                 ;
; Force Use of Synchronous Clear Signals                                     ; Off                ; Off                ;
; Auto RAM Block Balancing                                                   ; On                 ; On                 ;
; Auto RAM to Logic Cell Conversion                                          ; Off                ; Off                ;
; Auto Resource Sharing                                                      ; Off                ; Off                ;
; Allow Any RAM Size For Recognition                                         ; Off                ; Off                ;
; Allow Any ROM Size For Recognition                                         ; Off                ; Off                ;
; Allow Any Shift Register Size For Recognition                              ; Off                ; Off                ;
; Use LogicLock Constraints during Resource Balancing                        ; On                 ; On                 ;
; Ignore translate_off and synthesis_off directives                          ; Off                ; Off                ;
; Timing-Driven Synthesis                                                    ; On                 ; On                 ;
; Report Parameter Settings                                                  ; On                 ; On                 ;
; Report Source Assignments                                                  ; On                 ; On                 ;
; Report Connectivity Checks                                                 ; On                 ; On                 ;
; Ignore Maximum Fan-Out Assignments                                         ; Off                ; Off                ;
; Synchronization Register Chain Length                                      ; 2                  ; 2                  ;
; PowerPlay Power Optimization                                               ; Normal compilation ; Normal compilation ;
; HDL message level                                                          ; Level2             ; Level2             ;
; Suppress Register Optimization Related Messages                            ; Off                ; Off                ;
; Number of Removed Registers Reported in Synthesis Report                   ; 5000               ; 5000               ;
; Number of Swept Nodes Reported in Synthesis Report                         ; 5000               ; 5000               ;
; Number of Inverted Registers Reported in Synthesis Report                  ; 100                ; 100                ;
; Clock MUX Protection                                                       ; On                 ; On                 ;
; Auto Gated Clock Conversion                                                ; Off                ; Off                ;
; Block Design Naming                                                        ; Auto               ; Auto               ;
; SDC constraint protection                                                  ; Off                ; Off                ;
; Synthesis Effort                                                           ; Auto               ; Auto               ;
; Shift Register Replacement - Allow Asynchronous Clear Signal               ; On                 ; On                 ;
; Pre-Mapping Resynthesis Optimization                                       ; Off                ; Off                ;
; Analysis & Synthesis Message Level                                         ; Medium             ; Medium             ;
; Disable Register Merging Across Hierarchies                                ; Auto               ; Auto               ;
; Resource Aware Inference For Block RAM                                     ; On                 ; On                 ;
; Synthesis Seed                                                             ; 1                  ; 1                  ;
+----------------------------------------------------------------------------+--------------------+--------------------+


Parallel compilation was disabled, but you have multiple processors available. Enable parallel compilation to reduce compilation time.
+-------------------------------------+
; Parallel Compilation                ;
+----------------------------+--------+
; Processors                 ; Number ;
+----------------------------+--------+
; Number detected on machine ; 8      ;
; Maximum allowed            ; 1      ;
+----------------------------+--------+


+-----------------------------------------------------------------------------------------------------------------------------------------------------------------------+
; Analysis & Synthesis Source Files Read                                                                                                                                ;
+----------------------------------+-----------------+------------------------------+-------------------------------------------------------------------------+---------+
; File Name with User-Entered Path ; Used in Netlist ; File Type                    ; File Name with Absolute Path                                            ; Library ;
+----------------------------------+-----------------+------------------------------+-------------------------------------------------------------------------+---------+
; ../New folder/Stack.v            ; yes             ; User Verilog HDL File        ; C:/Users/ssa/Desktop/New folder/Stack.v                                 ;         ;
; altsyncram.tdf                   ; yes             ; Megafunction                 ; c:/altera/13.0sp1/quartus/libraries/megafunctions/altsyncram.tdf        ;         ;
; stratix_ram_block.inc            ; yes             ; Megafunction                 ; c:/altera/13.0sp1/quartus/libraries/megafunctions/stratix_ram_block.inc ;         ;
; lpm_mux.inc                      ; yes             ; Megafunction                 ; c:/altera/13.0sp1/quartus/libraries/megafunctions/lpm_mux.inc           ;         ;
; lpm_decode.inc                   ; yes             ; Megafunction                 ; c:/altera/13.0sp1/quartus/libraries/megafunctions/lpm_decode.inc        ;         ;
; aglobal130.inc                   ; yes             ; Megafunction                 ; c:/altera/13.0sp1/quartus/libraries/megafunctions/aglobal130.inc        ;         ;
; a_rdenreg.inc                    ; yes             ; Megafunction                 ; c:/altera/13.0sp1/quartus/libraries/megafunctions/a_rdenreg.inc         ;         ;
; altrom.inc                       ; yes             ; Megafunction                 ; c:/altera/13.0sp1/quartus/libraries/megafunctions/altrom.inc            ;         ;
; altram.inc                       ; yes             ; Megafunction                 ; c:/altera/13.0sp1/quartus/libraries/megafunctions/altram.inc            ;         ;
; altdpram.inc                     ; yes             ; Megafunction                 ; c:/altera/13.0sp1/quartus/libraries/megafunctions/altdpram.inc          ;         ;
; db/altsyncram_agc1.tdf           ; yes             ; Auto-Generated Megafunction  ; C:/Users/ssa/Desktop/quartes2/db/altsyncram_agc1.tdf                    ;         ;
+----------------------------------+-----------------+------------------------------+-------------------------------------------------------------------------+---------+


+---------------------------------------------+
; Analysis & Synthesis Resource Usage Summary ;
+--------------------------+------------------+
; Resource                 ; Usage            ;
+--------------------------+------------------+
; I/O pins                 ; 70               ;
; Total memory bits        ; 160              ;
; DSP block 9-bit elements ; 0                ;
; Maximum fan-out node     ; clock~input      ;
; Maximum fan-out          ; 61               ;
; Total fan-out            ; 502              ;
; Average fan-out          ; 2.10             ;
+--------------------------+------------------+


+--------------------------------------------------------------------------------------------------------------------------------------------------------------------------------------------------------------------------------------------------+
; Analysis & Synthesis Resource Utilization by Entity                                                                                                                                                                                              ;
+----------------------------------------+-------------------+--------------+-------------+--------------+---------+-----------+-----------+------+--------------+------------------------------------------------------------------+--------------+
; Compilation Hierarchy Node             ; LC Combinationals ; LC Registers ; Memory Bits ; DSP Elements ; DSP 9x9 ; DSP 18x18 ; DSP 36x36 ; Pins ; Virtual Pins ; Full Hierarchy Name                                              ; Library Name ;
+----------------------------------------+-------------------+--------------+-------------+--------------+---------+-----------+-----------+------+--------------+------------------------------------------------------------------+--------------+
; |Stack                                 ; 38 (38)           ; 45 (45)      ; 160         ; 0            ; 0       ; 0         ; 0         ; 70   ; 0            ; |Stack                                                           ; work         ;
;    |altsyncram:stack_mem_rtl_0|        ; 0 (0)             ; 0 (0)        ; 160         ; 0            ; 0       ; 0         ; 0         ; 0    ; 0            ; |Stack|altsyncram:stack_mem_rtl_0                                ; work         ;
;       |altsyncram_agc1:auto_generated| ; 0 (0)             ; 0 (0)        ; 160         ; 0            ; 0       ; 0         ; 0         ; 0    ; 0            ; |Stack|altsyncram:stack_mem_rtl_0|altsyncram_agc1:auto_generated ; work         ;
+----------------------------------------+-------------------+--------------+-------------+--------------+---------+-----------+-----------+------+--------------+------------------------------------------------------------------+--------------+
Note: For table entries with two numbers listed, the numbers in parentheses indicate the number of resources of the given type used by the specific entity alone. The numbers listed outside of parentheses indicate the total resources of the given type used by the specific entity and all of its sub-entities in the hierarchy.


+--------------------------------------------------------------------------------------------------------------------------------------------------------------------------+
; Analysis & Synthesis RAM Summary                                                                                                                                         ;
+----------------------------------------------------------------------+------+------------------+--------------+--------------+--------------+--------------+------+------+
; Name                                                                 ; Type ; Mode             ; Port A Depth ; Port A Width ; Port B Depth ; Port B Width ; Size ; MIF  ;
+----------------------------------------------------------------------+------+------------------+--------------+--------------+--------------+--------------+------+------+
; altsyncram:stack_mem_rtl_0|altsyncram_agc1:auto_generated|ALTSYNCRAM ; AUTO ; Simple Dual Port ; 10           ; 16           ; 10           ; 16           ; 160  ; None ;
+----------------------------------------------------------------------+------+------------------+--------------+--------------+--------------+--------------+------+------+


+---------------------------------------------------------------------------------+
; Registers Removed During Synthesis                                              ;
+----------------------------------------+----------------------------------------+
; Register name                          ; Reason for Removal                     ;
+----------------------------------------+----------------------------------------+
; out[17..31]                            ; Merged with out[16]                    ;
; out[16]                                ; Stuck at GND due to stuck port data_in ;
; Total Number of Removed Registers = 16 ;                                        ;
+----------------------------------------+----------------------------------------+


+------------------------------------------------------+
; General Register Statistics                          ;
+----------------------------------------------+-------+
; Statistic                                    ; Value ;
+----------------------------------------------+-------+
; Total registers                              ; 45    ;
; Number of registers using Synchronous Clear  ; 16    ;
; Number of registers using Synchronous Load   ; 0     ;
; Number of registers using Asynchronous Clear ; 0     ;
; Number of registers using Asynchronous Load  ; 0     ;
; Number of registers using Clock Enable       ; 16    ;
; Number of registers using Preset             ; 0     ;
+----------------------------------------------+-------+


+----------------------------------------------+
; Registers Added for RAM Pass-Through Logic   ;
+----------------------------+-----------------+
; Register Name              ; RAM Name        ;
+----------------------------+-----------------+
; stack_mem_rtl_0_bypass[0]  ; stack_mem_rtl_0 ;
; stack_mem_rtl_0_bypass[1]  ; stack_mem_rtl_0 ;
; stack_mem_rtl_0_bypass[2]  ; stack_mem_rtl_0 ;
; stack_mem_rtl_0_bypass[3]  ; stack_mem_rtl_0 ;
; stack_mem_rtl_0_bypass[4]  ; stack_mem_rtl_0 ;
; stack_mem_rtl_0_bypass[5]  ; stack_mem_rtl_0 ;
; stack_mem_rtl_0_bypass[6]  ; stack_mem_rtl_0 ;
; stack_mem_rtl_0_bypass[7]  ; stack_mem_rtl_0 ;
; stack_mem_rtl_0_bypass[8]  ; stack_mem_rtl_0 ;
; stack_mem_rtl_0_bypass[9]  ; stack_mem_rtl_0 ;
; stack_mem_rtl_0_bypass[10] ; stack_mem_rtl_0 ;
; stack_mem_rtl_0_bypass[11] ; stack_mem_rtl_0 ;
; stack_mem_rtl_0_bypass[12] ; stack_mem_rtl_0 ;
; stack_mem_rtl_0_bypass[13] ; stack_mem_rtl_0 ;
; stack_mem_rtl_0_bypass[14] ; stack_mem_rtl_0 ;
; stack_mem_rtl_0_bypass[15] ; stack_mem_rtl_0 ;
; stack_mem_rtl_0_bypass[16] ; stack_mem_rtl_0 ;
; stack_mem_rtl_0_bypass[17] ; stack_mem_rtl_0 ;
; stack_mem_rtl_0_bypass[18] ; stack_mem_rtl_0 ;
; stack_mem_rtl_0_bypass[19] ; stack_mem_rtl_0 ;
; stack_mem_rtl_0_bypass[20] ; stack_mem_rtl_0 ;
; stack_mem_rtl_0_bypass[21] ; stack_mem_rtl_0 ;
; stack_mem_rtl_0_bypass[22] ; stack_mem_rtl_0 ;
; stack_mem_rtl_0_bypass[23] ; stack_mem_rtl_0 ;
; stack_mem_rtl_0_bypass[24] ; stack_mem_rtl_0 ;
+----------------------------+-----------------+


+------------------------------------------------------------------------------------------------------------------------------------------+
; Multiplexer Restructuring Statistics (Restructuring Performed)                                                                           ;
+--------------------+-----------+---------------+----------------------+------------------------+------------+----------------------------+
; Multiplexer Inputs ; Bus Width ; Baseline Area ; Area if Restructured ; Saving if Restructured ; Registered ; Example Multiplexer Output ;
+--------------------+-----------+---------------+----------------------+------------------------+------------+----------------------------+
; 5:1                ; 16 bits   ; 48 LEs        ; 32 LEs               ; 16 LEs                 ; Yes        ; |Stack|out[0]              ;
; 4:1                ; 4 bits    ; 8 LEs         ; 8 LEs                ; 0 LEs                  ; No         ; |Stack|sp                  ;
+--------------------+-----------+---------------+----------------------+------------------------+------------+----------------------------+


+----------------------------------------------------------------------------------+
; Source assignments for altsyncram:stack_mem_rtl_0|altsyncram_agc1:auto_generated ;
+---------------------------------+--------------------+------+--------------------+
; Assignment                      ; Value              ; From ; To                 ;
+---------------------------------+--------------------+------+--------------------+
; OPTIMIZE_POWER_DURING_SYNTHESIS ; NORMAL_COMPILATION ; -    ; -                  ;
+---------------------------------+--------------------+------+--------------------+


+-----------------------------------------------------------------------------+
; Parameter Settings for Inferred Entity Instance: altsyncram:stack_mem_rtl_0 ;
+------------------------------------+----------------------+-----------------+
; Parameter Name                     ; Value                ; Type            ;
+------------------------------------+----------------------+-----------------+
; BYTE_SIZE_BLOCK                    ; 8                    ; Untyped         ;
; AUTO_CARRY_CHAINS                  ; ON                   ; AUTO_CARRY      ;
; IGNORE_CARRY_BUFFERS               ; OFF                  ; IGNORE_CARRY    ;
; AUTO_CASCADE_CHAINS                ; ON                   ; AUTO_CASCADE    ;
; IGNORE_CASCADE_BUFFERS             ; OFF                  ; IGNORE_CASCADE  ;
; WIDTH_BYTEENA                      ; 1                    ; Untyped         ;
; OPERATION_MODE                     ; DUAL_PORT            ; Untyped         ;
; WIDTH_A                            ; 16                   ; Untyped         ;
; WIDTHAD_A                          ; 4                    ; Untyped         ;
; NUMWORDS_A                         ; 10                   ; Untyped         ;
; OUTDATA_REG_A                      ; UNREGISTERED         ; Untyped         ;
; ADDRESS_ACLR_A                     ; NONE                 ; Untyped         ;
; OUTDATA_ACLR_A                     ; NONE                 ; Untyped         ;
; WRCONTROL_ACLR_A                   ; NONE                 ; Untyped         ;
; INDATA_ACLR_A                      ; NONE                 ; Untyped         ;
; BYTEENA_ACLR_A                     ; NONE                 ; Untyped         ;
; WIDTH_B                            ; 16                   ; Untyped         ;
; WIDTHAD_B                          ; 4                    ; Untyped         ;
; NUMWORDS_B                         ; 10                   ; Untyped         ;
; INDATA_REG_B                       ; CLOCK1               ; Untyped         ;
; WRCONTROL_WRADDRESS_REG_B          ; CLOCK1               ; Untyped         ;
; RDCONTROL_REG_B                    ; CLOCK1               ; Untyped         ;
; ADDRESS_REG_B                      ; CLOCK0               ; Untyped         ;
; OUTDATA_REG_B                      ; UNREGISTERED         ; Untyped         ;
; BYTEENA_REG_B                      ; CLOCK1               ; Untyped         ;
; INDATA_ACLR_B                      ; NONE                 ; Untyped         ;
; WRCONTROL_ACLR_B                   ; NONE                 ; Untyped         ;
; ADDRESS_ACLR_B                     ; NONE                 ; Untyped         ;
; OUTDATA_ACLR_B                     ; NONE                 ; Untyped         ;
; RDCONTROL_ACLR_B                   ; NONE                 ; Untyped         ;
; BYTEENA_ACLR_B                     ; NONE                 ; Untyped         ;
; WIDTH_BYTEENA_A                    ; 1                    ; Untyped         ;
; WIDTH_BYTEENA_B                    ; 1                    ; Untyped         ;
; RAM_BLOCK_TYPE                     ; AUTO                 ; Untyped         ;
; BYTE_SIZE                          ; 8                    ; Untyped         ;
; READ_DURING_WRITE_MODE_MIXED_PORTS ; DONT_CARE            ; Untyped         ;
; READ_DURING_WRITE_MODE_PORT_A      ; NEW_DATA_NO_NBE_READ ; Untyped         ;
; READ_DURING_WRITE_MODE_PORT_B      ; NEW_DATA_NO_NBE_READ ; Untyped         ;
; INIT_FILE                          ; UNUSED               ; Untyped         ;
; INIT_FILE_LAYOUT                   ; PORT_A               ; Untyped         ;
; MAXIMUM_DEPTH                      ; 0                    ; Untyped         ;
; CLOCK_ENABLE_INPUT_A               ; NORMAL               ; Untyped         ;
; CLOCK_ENABLE_INPUT_B               ; NORMAL               ; Untyped         ;
; CLOCK_ENABLE_OUTPUT_A              ; NORMAL               ; Untyped         ;
; CLOCK_ENABLE_OUTPUT_B              ; NORMAL               ; Untyped         ;
; CLOCK_ENABLE_CORE_A                ; USE_INPUT_CLKEN      ; Untyped         ;
; CLOCK_ENABLE_CORE_B                ; USE_INPUT_CLKEN      ; Untyped         ;
; ENABLE_ECC                         ; FALSE                ; Untyped         ;
; ECC_PIPELINE_STAGE_ENABLED         ; FALSE                ; Untyped         ;
; WIDTH_ECCSTATUS                    ; 3                    ; Untyped         ;
; DEVICE_FAMILY                      ; Cyclone IV GX        ; Untyped         ;
; CBXI_PARAMETER                     ; altsyncram_agc1      ; Untyped         ;
+------------------------------------+----------------------+-----------------+
Note: In order to hide this table in the UI and the text report file, please set the "Show Parameter Settings in Synthesis Report" option in "Analysis and Synthesis Settings -> More Settings" to "Off".


+------------------------------------------------------------------------+
; altsyncram Parameter Settings by Entity Instance                       ;
+-------------------------------------------+----------------------------+
; Name                                      ; Value                      ;
+-------------------------------------------+----------------------------+
; Number of entity instances                ; 1                          ;
; Entity Instance                           ; altsyncram:stack_mem_rtl_0 ;
;     -- OPERATION_MODE                     ; DUAL_PORT                  ;
;     -- WIDTH_A                            ; 16                         ;
;     -- NUMWORDS_A                         ; 10                         ;
;     -- OUTDATA_REG_A                      ; UNREGISTERED               ;
;     -- WIDTH_B                            ; 16                         ;
;     -- NUMWORDS_B                         ; 10                         ;
;     -- ADDRESS_REG_B                      ; CLOCK0                     ;
;     -- OUTDATA_REG_B                      ; UNREGISTERED               ;
;     -- RAM_BLOCK_TYPE                     ; AUTO                       ;
;     -- READ_DURING_WRITE_MODE_MIXED_PORTS ; DONT_CARE                  ;
+-------------------------------------------+----------------------------+


+-------------------------------+
; Elapsed Time Per Partition    ;
+----------------+--------------+
; Partition Name ; Elapsed Time ;
+----------------+--------------+
; Top            ; 00:00:01     ;
+----------------+--------------+


+-------------------------------+
; Analysis & Synthesis Messages ;
+-------------------------------+
Info: *******************************************************************
Info: Running Quartus II 64-Bit Analysis & Synthesis
    Info: Version 13.0.1 Build 232 06/12/2013 Service Pack 1 SJ Web Edition
    Info: Processing started: Mon Jun 10 15:40:47 2019
Info: Command: quartus_map --read_settings_files=on --write_settings_files=off CA5 -c CA5
Warning (20028): Parallel compilation is not licensed and has been disabled
Info (12021): Found 1 design units, including 1 entities, in source file /users/ssa/desktop/new folder/stack.v
    Info (12023): Found entity 1: Stack
Info (12127): Elaborating entity "Stack" for the top level hierarchy
Warning (10036): Verilog HDL or VHDL warning at Stack.v(26): object "_T_29" assigned a value but never read
Warning (10036): Verilog HDL or VHDL warning at Stack.v(35): object "_GEN_12" assigned a value but never read
Warning (10036): Verilog HDL or VHDL warning at Stack.v(36): object "_GEN_16" assigned a value but never read
Warning (276020): Inferred RAM node "stack_mem_rtl_0" from synchronous design logic.  Pass-through logic has been added to match the read-during-write behavior of the original design.
Info (19000): Inferred 1 megafunctions from design logic
    Info (276029): Inferred altsyncram megafunction from the following design logic: "stack_mem_rtl_0" 
        Info (286033): Parameter OPERATION_MODE set to DUAL_PORT
        Info (286033): Parameter WIDTH_A set to 16
        Info (286033): Parameter WIDTHAD_A set to 4
        Info (286033): Parameter NUMWORDS_A set to 10
        Info (286033): Parameter WIDTH_B set to 16
        Info (286033): Parameter WIDTHAD_B set to 4
        Info (286033): Parameter NUMWORDS_B set to 10
        Info (286033): Parameter ADDRESS_ACLR_A set to NONE
        Info (286033): Parameter OUTDATA_REG_B set to UNREGISTERED
        Info (286033): Parameter ADDRESS_ACLR_B set to NONE
        Info (286033): Parameter OUTDATA_ACLR_B set to NONE
        Info (286033): Parameter ADDRESS_REG_B set to CLOCK0
        Info (286033): Parameter INDATA_ACLR_A set to NONE
        Info (286033): Parameter WRCONTROL_ACLR_A set to NONE
Info (12130): Elaborated megafunction instantiation "altsyncram:stack_mem_rtl_0"
Info (12133): Instantiated megafunction "altsyncram:stack_mem_rtl_0" with the following parameter:
    Info (12134): Parameter "OPERATION_MODE" = "DUAL_PORT"
    Info (12134): Parameter "WIDTH_A" = "16"
    Info (12134): Parameter "WIDTHAD_A" = "4"
    Info (12134): Parameter "NUMWORDS_A" = "10"
    Info (12134): Parameter "WIDTH_B" = "16"
    Info (12134): Parameter "WIDTHAD_B" = "4"
    Info (12134): Parameter "NUMWORDS_B" = "10"
    Info (12134): Parameter "ADDRESS_ACLR_A" = "NONE"
    Info (12134): Parameter "OUTDATA_REG_B" = "UNREGISTERED"
    Info (12134): Parameter "ADDRESS_ACLR_B" = "NONE"
    Info (12134): Parameter "OUTDATA_ACLR_B" = "NONE"
    Info (12134): Parameter "ADDRESS_REG_B" = "CLOCK0"
    Info (12134): Parameter "INDATA_ACLR_A" = "NONE"
    Info (12134): Parameter "WRCONTROL_ACLR_A" = "NONE"
Info (12021): Found 1 design units, including 1 entities, in source file db/altsyncram_agc1.tdf
    Info (12023): Found entity 1: altsyncram_agc1
Warning (13024): Output pins are stuck at VCC or GND
    Warning (13410): Pin "io_o_D_out[16]" is stuck at GND
    Warning (13410): Pin "io_o_D_out[17]" is stuck at GND
    Warning (13410): Pin "io_o_D_out[18]" is stuck at GND
    Warning (13410): Pin "io_o_D_out[19]" is stuck at GND
    Warning (13410): Pin "io_o_D_out[20]" is stuck at GND
    Warning (13410): Pin "io_o_D_out[21]" is stuck at GND
    Warning (13410): Pin "io_o_D_out[22]" is stuck at GND
    Warning (13410): Pin "io_o_D_out[23]" is stuck at GND
    Warning (13410): Pin "io_o_D_out[24]" is stuck at GND
    Warning (13410): Pin "io_o_D_out[25]" is stuck at GND
    Warning (13410): Pin "io_o_D_out[26]" is stuck at GND
    Warning (13410): Pin "io_o_D_out[27]" is stuck at GND
    Warning (13410): Pin "io_o_D_out[28]" is stuck at GND
    Warning (13410): Pin "io_o_D_out[29]" is stuck at GND
    Warning (13410): Pin "io_o_D_out[30]" is stuck at GND
    Warning (13410): Pin "io_o_D_out[31]" is stuck at GND
Info (286030): Timing-Driven Synthesis is running
Info (16010): Generating hard_block partition "hard_block:auto_generated_inst"
    Info (16011): Adding 0 node(s), including 0 DDIO, 0 PLL, 0 transceiver and 0 LCELL
Warning (21074): Design contains 16 input pin(s) that do not drive logic
    Warning (15610): No output dependent on input pin "io_i_D_in[16]"
    Warning (15610): No output dependent on input pin "io_i_D_in[17]"
    Warning (15610): No output dependent on input pin "io_i_D_in[18]"
    Warning (15610): No output dependent on input pin "io_i_D_in[19]"
    Warning (15610): No output dependent on input pin "io_i_D_in[20]"
    Warning (15610): No output dependent on input pin "io_i_D_in[21]"
    Warning (15610): No output dependent on input pin "io_i_D_in[22]"
    Warning (15610): No output dependent on input pin "io_i_D_in[23]"
    Warning (15610): No output dependent on input pin "io_i_D_in[24]"
    Warning (15610): No output dependent on input pin "io_i_D_in[25]"
    Warning (15610): No output dependent on input pin "io_i_D_in[26]"
    Warning (15610): No output dependent on input pin "io_i_D_in[27]"
    Warning (15610): No output dependent on input pin "io_i_D_in[28]"
    Warning (15610): No output dependent on input pin "io_i_D_in[29]"
    Warning (15610): No output dependent on input pin "io_i_D_in[30]"
    Warning (15610): No output dependent on input pin "io_i_D_in[31]"
Info (21057): Implemented 152 device resources after synthesis - the final resource count might be different
    Info (21058): Implemented 36 input pins
    Info (21059): Implemented 34 output pins
    Info (21061): Implemented 66 logic cells
    Info (21064): Implemented 16 RAM segments
Info: Quartus II 64-Bit Analysis & Synthesis was successful. 0 errors, 39 warnings
    Info: Peak virtual memory: 4670 megabytes
    Info: Processing ended: Mon Jun 10 15:40:50 2019
    Info: Elapsed time: 00:00:03
    Info: Total CPU time (on all processors): 00:00:02


