-- Catapult System Level Synthesis: Report                                              
-- -------------------------------- ---------------------------------------------------
-- Version:                         2011a.41 Production Release                         
-- Build Date:                      Thu Apr  7 20:28:55 PDT 2011                        
                                                                                        
-- Generated by:                    ss@DESKTOP-UB05SU4                                  
-- Generated date:                  Sat Apr 20 18:31:20 +0430 2019                      

Solution Settings: Convolotion.v9
  Current state: extract
  Project: Catapult
  
  Design Input Files Specified
    $PROJECT_HOME/ESL_CA2.c
      $MGC_HOME/shared/include/ac_int.h
      $MGC_HOME/shared/include/ac_fixed.h
  
  Processes/Blocks in Design
    Process           Real Operation(s) count Latency Throughput Reset Length II Comments 
    ----------------- ----------------------- ------- ---------- ------------ -- --------
    /Convolotion/core                      29 5767165    5767681            0  0          
    Design Total:                          29 5767165    5767681            0  0          
    
  Bill Of Materials (Datapath)
    Component Name                         Area Score Area(DSP_block_9-bit_elems) Area(LUTs) Delay Post Alloc Post Assign 
    -------------------------------------- ---------- --------------------------- ---------- ----- ---------- -----------
    [Lib: mgc_Altera-Cyclone-II-6_beh_psr]                                                                                
    mgc_add(2,0,1,0,2)                          3.357                       0.000      3.357 1.026          0           1 
    mgc_add(2,0,1,1,3)                          3.000                       0.000      3.000 0.809          2           2 
    mgc_add(2,0,2,0,2)                          3.353                       0.000      3.353 0.971          2           2 
    mgc_add(2,0,2,0,3)                          3.353                       0.000      3.353 0.971          1           2 
    mgc_add(3,0,3,0,4)                          4.343                       0.000      4.343 1.039          2           0 
    mgc_add(8,0,5,0,9)                          9.307                       0.000      9.307 1.422          1           1 
    mgc_add(9,0,3,1,11)                        10.000                       0.000     10.000 1.105          3           3 
    mgc_and(1,2)                                0.730                       0.000      0.730 0.409          0           5 
    mgc_and(2,2)                                1.460                       0.000      1.460 0.409          0           2 
    mgc_and(6,2)                                4.379                       0.000      4.379 0.409          0           1 
    mgc_and(9,2)                                6.568                       0.000      6.568 0.409          0           2 
    mgc_mul(5,0,8,0,12)                       340.285                       2.000     10.285 2.858          1           1 
    mgc_mux(1,1,2)                              0.919                       0.000      0.919 0.947          2           2 
    mgc_mux(1,4,16)                            10.065                       0.000     10.065 2.684          1           1 
    mgc_mux(2,1,2)                              1.839                       0.000      1.839 0.947          0           5 
    mgc_mux(2,4,16)                            20.129                       0.000     20.129 2.684          1           1 
    mgc_mux(6,1,2)                              5.517                       0.000      5.517 0.947          1           1 
    mgc_mux(9,1,2)                              8.275                       0.000      8.275 0.947          0           2 
    mgc_nand(1,2)                               0.730                       0.000      0.730 0.398          0           1 
    mgc_nand(1,3)                               1.054                       0.000      1.054 0.631          0           1 
    mgc_nor(1,2)                                0.730                       0.000      0.730 0.409          0           2 
    mgc_nor(1,3)                                1.054                       0.000      1.054 0.648          0           2 
    mgc_not(1)                                  0.000                       0.000      0.000 0.000          0          11 
    mgc_not(2)                                  0.000                       0.000      0.000 0.000          0           1 
    mgc_or(1,2)                                 0.730                       0.000      0.730 0.398          0           2 
    mgc_or(1,3)                                 1.054                       0.000      1.054 0.631          0           1 
    mgc_or(1,4)                                 1.379                       0.000      1.379 0.796          0           1 
    mgc_or(8,2)                                 5.839                       0.000      5.839 0.398          1           1 
    mgc_reg_pos(1,0,0,1,1,0,0)                  0.000                       0.000      0.000 0.000          0           5 
    mgc_reg_pos(2,0,0,1,1,0,0)                  0.000                       0.000      0.000 0.000          0           3 
    mgc_reg_pos(6,0,0,1,1,0,0)                  0.000                       0.000      0.000 0.000          0           1 
    mgc_reg_pos(9,0,0,1,1,0,0)                  0.000                       0.000      0.000 0.000          0           2 
    [Lib: ram_Altera-Cyclone-II-6_RAMSB]                                                                                  
    singleport(1,262144,8,18,0,1,0,0,0,1,1      0.000                       0.000      0.000 0.010          1           0 
    singleport(2,262144,8,18,0,1,0,0,0,1,1      0.000                       0.000      0.000 0.010          1           0 
                                                                                                                          
    TOTAL AREA (After Assignment):            504.822                       2.000    175.000                              
    
  Area Scores
                      Post-Scheduling  Post-DP & FSM Post-Assignment 
    ----------------- --------------- -------------- ---------------
    Total Area Score:    447.7          684.0           505.8        
    Total Reg:             0.0            0.0             0.0        
                                                                     
    DataPath:            447.7 (100%)   683.0 (100%)    504.8 (100%) 
      MUX:                37.5   (8%)   222.3  (33%)     63.3  (13%) 
      FUNC:              404.3  (90%)   431.0  (63%)    402.4  (80%) 
      LOGIC:               5.8   (1%)    29.7   (4%)     39.2   (8%) 
      BUFFER:              0.0            0.0             0.0        
      MEM:                 0.0            0.0             0.0        
      ROM:                 0.0            0.0             0.0        
      REG:                 0.0            0.0             0.0        
                                                                     
    
    FSM:                   0.0            1.0   (0%)      1.0   (0%) 
      FSM-REG:             0.0            0.0             0.0        
      FSM-COMB:            0.0            1.0 (100%)      1.0 (100%) 
                                                                     
    
  Register-to-Variable Mappings
    Register                       Size(bits) Gated Register CG Opt Done Variables                                             
    ------------------------------ ---------- -------------- ----------- -----------------------------------------------------
    Dcolumn#1.sva#2                         9                            Dcolumn#1.sva#2                                       
    Drow#1.sva#2                            9                            Drow#1.sva#2                                          
    Result.sg1.lpi#4.reg                    6                            Result.sg1.lpi#4                                      
                                                                         Result.sg1.lpi#4.dfm                                  
    Kcolumn#1.sva                           2                            Kcolumn#1.sva                                         
    Krow#1.sva                              2                            Krow#1.sva                                            
    for:for:for:for:else:mux.itm            2                            for:for:for:for:else:mux.itm                          
    Result#1.lpi#4.reg                      1                            Result#1.lpi#4                                        
                                                                         Result#1.lpi#4.dfm                                    
    Result.sg2.lpi#4.reg                    1                            Result.sg2.lpi#4                                      
                                                                         Result.sg2.lpi#4.dfm                                  
    exit:for:for:for:for                    1                            exit:for:for:for:for                                  
    for:for:for:for:else:mux#1.itm          1                            for:for:for:for:else:mux#1.itm                        
    for:for:for:for:lor.lpi#4.dfm           1                            for:for:for:for:lor.lpi#4.dfm                         
                                                                                                                               
    Total:                                 35              0           0 (Total Gating Ratio: 0.00, CG Opt Gating Ratio: 0.00) 
    
  Timing Report
    Critical Path
      Max Delay:  9.433273000000002
      Slack:      10.566726999999998
      
      Path                                                                            Startpoint                                           Endpoint                                             Delay  Slack   
      ------------------------------------------------------------------------------- ---------------------------------------------------- ---------------------------------------------------- ------ -------
      1                                                                               Convolotion/in:rsc:singleport.data_out               Convolotion:core/reg(Result.sg2.lpi#4.reg)           9.4333 10.5667 
                                                                                                                                                                                                               
        Instance                                                                      Component                                                                                                 Delta  Delay   
        --------                                                                      ---------                                                                                                 -----  -----   
        Convolotion/in:rsc:singleport.data_out                                                                                                                                                  3.4000 3.4000  
        Convolotion:core/in:rsc:singleport.data_out                                                                                                                                             0.0000 3.4000  
        Convolotion:core/for:for:for:for:else:mul#1                                   mgc_mul_5_0_8_0_12                                                                                        2.8582 6.2582  
        Convolotion:core/for:for:for:for:else:mul#1.itm                                                                                                                                         0.0000 6.2582  
        Convolotion:core/for:for:for:for:else:slc(for:for:for:for:else:mul#1.sdt)                                                                                                               0.0000 6.2582  
        Convolotion:core/for:for:for:for:else:slc(for:for:for:for:else:mul#1.sdt).itm                                                                                                           0.0000 6.2582  
        Convolotion:core/for:for:for:for:else:acc#4                                   mgc_add_8_0_5_0_9                                                                                         1.4216 7.6797  
        Convolotion:core/slc.sat.sva                                                                                                                                                            0.0000 7.6797  
        Convolotion:core/slc(slc.sat.sva)                                                                                                                                                       0.0000 7.6797  
        Convolotion:core/slc(slc.sat.sva).itm                                                                                                                                                   0.0000 7.6797  
        Convolotion:core/for:for:for:for:else:or                                      mgc_or_8_2                                                                                                0.3979 8.0776  
        Convolotion:core/for:for:for:for:else:ac_fixed:cctor.sva                                                                                                                                0.0000 8.0776  
        Convolotion:core/slc(for:for:for:for:else:ac_fixed:cctor.sva)#2                                                                                                                         0.0000 8.0776  
        Convolotion:core/slc(for:for:for:for:else:ac_fixed:cctor.sva)#2.itm                                                                                                                     0.0000 8.0776  
        Convolotion:core/mux#15                                                       mgc_mux_1_1_2                                                                                             0.9467 9.0244  
        Convolotion:core/mux#15.itm                                                                                                                                                             0.0000 9.0244  
        Convolotion:core/and#29                                                       mgc_and_1_2                                                                                               0.4089 9.4333  
        Convolotion:core/and#29.itm                                                                                                                                                             0.0000 9.4333  
        Convolotion:core/reg(Result.sg2.lpi#4.reg)                                    mgc_reg_pos_1_0_0_1_1_0_0                                                                                 0.0000 9.4333  
                                                                                                                                                                                                               
      2                                                                               Convolotion/in:rsc:singleport.data_out               Convolotion:core/reg(Result#1.lpi#4.reg)             9.4333 10.5667 
                                                                                                                                                                                                               
        Instance                                                                      Component                                                                                                 Delta  Delay   
        --------                                                                      ---------                                                                                                 -----  -----   
        Convolotion/in:rsc:singleport.data_out                                                                                                                                                  3.4000 3.4000  
        Convolotion:core/in:rsc:singleport.data_out                                                                                                                                             0.0000 3.4000  
        Convolotion:core/for:for:for:for:else:mul#1                                   mgc_mul_5_0_8_0_12                                                                                        2.8582 6.2582  
        Convolotion:core/for:for:for:for:else:mul#1.itm                                                                                                                                         0.0000 6.2582  
        Convolotion:core/for:for:for:for:else:slc(for:for:for:for:else:mul#1.sdt)                                                                                                               0.0000 6.2582  
        Convolotion:core/for:for:for:for:else:slc(for:for:for:for:else:mul#1.sdt).itm                                                                                                           0.0000 6.2582  
        Convolotion:core/for:for:for:for:else:acc#4                                   mgc_add_8_0_5_0_9                                                                                         1.4216 7.6797  
        Convolotion:core/slc.sat.sva                                                                                                                                                            0.0000 7.6797  
        Convolotion:core/slc(slc.sat.sva)                                                                                                                                                       0.0000 7.6797  
        Convolotion:core/slc(slc.sat.sva).itm                                                                                                                                                   0.0000 7.6797  
        Convolotion:core/for:for:for:for:else:or                                      mgc_or_8_2                                                                                                0.3979 8.0776  
        Convolotion:core/for:for:for:for:else:ac_fixed:cctor.sva                                                                                                                                0.0000 8.0776  
        Convolotion:core/slc(for:for:for:for:else:ac_fixed:cctor.sva)                                                                                                                           0.0000 8.0776  
        Convolotion:core/slc(for:for:for:for:else:ac_fixed:cctor.sva).itm                                                                                                                       0.0000 8.0776  
        Convolotion:core/mux#13                                                       mgc_mux_1_1_2                                                                                             0.9467 9.0244  
        Convolotion:core/mux#13.itm                                                                                                                                                             0.0000 9.0244  
        Convolotion:core/and#27                                                       mgc_and_1_2                                                                                               0.4089 9.4333  
        Convolotion:core/and#27.itm                                                                                                                                                             0.0000 9.4333  
        Convolotion:core/reg(Result#1.lpi#4.reg)                                      mgc_reg_pos_1_0_0_1_1_0_0                                                                                 0.0000 9.4333  
                                                                                                                                                                                                               
      3                                                                               Convolotion/in:rsc:singleport.data_out               Convolotion:core/reg(Result#1.lpi#4.reg)             9.4333 10.5667 
                                                                                                                                                                                                               
        Instance                                                                      Component                                                                                                 Delta  Delay   
        --------                                                                      ---------                                                                                                 -----  -----   
        Convolotion/in:rsc:singleport.data_out                                                                                                                                                  3.4000 3.4000  
        Convolotion:core/in:rsc:singleport.data_out                                                                                                                                             0.0000 3.4000  
        Convolotion:core/for:for:for:for:else:mul#1                                   mgc_mul_5_0_8_0_12                                                                                        2.8582 6.2582  
        Convolotion:core/for:for:for:for:else:mul#1.itm                                                                                                                                         0.0000 6.2582  
        Convolotion:core/for:for:for:for:else:slc(for:for:for:for:else:mul#1.sdt)                                                                                                               0.0000 6.2582  
        Convolotion:core/for:for:for:for:else:slc(for:for:for:for:else:mul#1.sdt).itm                                                                                                           0.0000 6.2582  
        Convolotion:core/for:for:for:for:else:acc#4                                   mgc_add_8_0_5_0_9                                                                                         1.4216 7.6797  
        Convolotion:core/slc.sat.sva                                                                                                                                                            0.0000 7.6797  
        Convolotion:core/slc(slc.sat.sva)#1                                                                                                                                                     0.0000 7.6797  
        Convolotion:core/slc(slc.sat.sva)#1.itm                                                                                                                                                 0.0000 7.6797  
        Convolotion:core/for:for:for:for:else:exs                                                                                                                                               0.0000 7.6797  
        Convolotion:core/for:for:for:for:else:exs.itm                                                                                                                                           0.0000 7.6797  
        Convolotion:core/for:for:for:for:else:or                                      mgc_or_8_2                                                                                                0.3979 8.0776  
        Convolotion:core/for:for:for:for:else:ac_fixed:cctor.sva                                                                                                                                0.0000 8.0776  
        Convolotion:core/slc(for:for:for:for:else:ac_fixed:cctor.sva)                                                                                                                           0.0000 8.0776  
        Convolotion:core/slc(for:for:for:for:else:ac_fixed:cctor.sva).itm                                                                                                                       0.0000 8.0776  
        Convolotion:core/mux#13                                                       mgc_mux_1_1_2                                                                                             0.9467 9.0244  
        Convolotion:core/mux#13.itm                                                                                                                                                             0.0000 9.0244  
        Convolotion:core/and#27                                                       mgc_and_1_2                                                                                               0.4089 9.4333  
        Convolotion:core/and#27.itm                                                                                                                                                             0.0000 9.4333  
        Convolotion:core/reg(Result#1.lpi#4.reg)                                      mgc_reg_pos_1_0_0_1_1_0_0                                                                                 0.0000 9.4333  
                                                                                                                                                                                                               
      4                                                                               Convolotion/in:rsc:singleport.data_out               Convolotion:core/reg(Result.sg1.lpi#4.reg)           9.4333 10.5667 
                                                                                                                                                                                                               
        Instance                                                                      Component                                                                                                 Delta  Delay   
        --------                                                                      ---------                                                                                                 -----  -----   
        Convolotion/in:rsc:singleport.data_out                                                                                                                                                  3.4000 3.4000  
        Convolotion:core/in:rsc:singleport.data_out                                                                                                                                             0.0000 3.4000  
        Convolotion:core/for:for:for:for:else:mul#1                                   mgc_mul_5_0_8_0_12                                                                                        2.8582 6.2582  
        Convolotion:core/for:for:for:for:else:mul#1.itm                                                                                                                                         0.0000 6.2582  
        Convolotion:core/for:for:for:for:else:slc(for:for:for:for:else:mul#1.sdt)                                                                                                               0.0000 6.2582  
        Convolotion:core/for:for:for:for:else:slc(for:for:for:for:else:mul#1.sdt).itm                                                                                                           0.0000 6.2582  
        Convolotion:core/for:for:for:for:else:acc#4                                   mgc_add_8_0_5_0_9                                                                                         1.4216 7.6797  
        Convolotion:core/slc.sat.sva                                                                                                                                                            0.0000 7.6797  
        Convolotion:core/slc(slc.sat.sva)                                                                                                                                                       0.0000 7.6797  
        Convolotion:core/slc(slc.sat.sva).itm                                                                                                                                                   0.0000 7.6797  
        Convolotion:core/for:for:for:for:else:or                                      mgc_or_8_2                                                                                                0.3979 8.0776  
        Convolotion:core/for:for:for:for:else:ac_fixed:cctor.sva                                                                                                                                0.0000 8.0776  
        Convolotion:core/slc(for:for:for:for:else:ac_fixed:cctor.sva)#1                                                                                                                         0.0000 8.0776  
        Convolotion:core/slc(for:for:for:for:else:ac_fixed:cctor.sva)#1.itm                                                                                                                     0.0000 8.0776  
        Convolotion:core/mux#14                                                       mgc_mux_6_1_2                                                                                             0.9467 9.0244  
        Convolotion:core/mux#14.itm                                                                                                                                                             0.0000 9.0244  
        Convolotion:core/and#28                                                       mgc_and_6_2                                                                                               0.4089 9.4333  
        Convolotion:core/and#28.itm                                                                                                                                                             0.0000 9.4333  
        Convolotion:core/reg(Result.sg1.lpi#4.reg)                                    mgc_reg_pos_6_0_0_1_1_0_0                                                                                 0.0000 9.4333  
                                                                                                                                                                                                               
      5                                                                               Convolotion/in:rsc:singleport.data_out               Convolotion:core/reg(Result.sg1.lpi#4.reg)           9.4333 10.5667 
                                                                                                                                                                                                               
        Instance                                                                      Component                                                                                                 Delta  Delay   
        --------                                                                      ---------                                                                                                 -----  -----   
        Convolotion/in:rsc:singleport.data_out                                                                                                                                                  3.4000 3.4000  
        Convolotion:core/in:rsc:singleport.data_out                                                                                                                                             0.0000 3.4000  
        Convolotion:core/for:for:for:for:else:mul#1                                   mgc_mul_5_0_8_0_12                                                                                        2.8582 6.2582  
        Convolotion:core/for:for:for:for:else:mul#1.itm                                                                                                                                         0.0000 6.2582  
        Convolotion:core/for:for:for:for:else:slc(for:for:for:for:else:mul#1.sdt)                                                                                                               0.0000 6.2582  
        Convolotion:core/for:for:for:for:else:slc(for:for:for:for:else:mul#1.sdt).itm                                                                                                           0.0000 6.2582  
        Convolotion:core/for:for:for:for:else:acc#4                                   mgc_add_8_0_5_0_9                                                                                         1.4216 7.6797  
        Convolotion:core/slc.sat.sva                                                                                                                                                            0.0000 7.6797  
        Convolotion:core/slc(slc.sat.sva)#1                                                                                                                                                     0.0000 7.6797  
        Convolotion:core/slc(slc.sat.sva)#1.itm                                                                                                                                                 0.0000 7.6797  
        Convolotion:core/for:for:for:for:else:exs                                                                                                                                               0.0000 7.6797  
        Convolotion:core/for:for:for:for:else:exs.itm                                                                                                                                           0.0000 7.6797  
        Convolotion:core/for:for:for:for:else:or                                      mgc_or_8_2                                                                                                0.3979 8.0776  
        Convolotion:core/for:for:for:for:else:ac_fixed:cctor.sva                                                                                                                                0.0000 8.0776  
        Convolotion:core/slc(for:for:for:for:else:ac_fixed:cctor.sva)#1                                                                                                                         0.0000 8.0776  
        Convolotion:core/slc(for:for:for:for:else:ac_fixed:cctor.sva)#1.itm                                                                                                                     0.0000 8.0776  
        Convolotion:core/mux#14                                                       mgc_mux_6_1_2                                                                                             0.9467 9.0244  
        Convolotion:core/mux#14.itm                                                                                                                                                             0.0000 9.0244  
        Convolotion:core/and#28                                                       mgc_and_6_2                                                                                               0.4089 9.4333  
        Convolotion:core/and#28.itm                                                                                                                                                             0.0000 9.4333  
        Convolotion:core/reg(Result.sg1.lpi#4.reg)                                    mgc_reg_pos_6_0_0_1_1_0_0                                                                                 0.0000 9.4333  
                                                                                                                                                                                                               
      6                                                                               Convolotion:core/reg(for:for:for:for:else:mux.itm)   Convolotion:core/reg(Result.sg1.lpi#4.reg)           6.0333 13.9667 
                                                                                                                                                                                                               
        Instance                                                                      Component                                                                                                 Delta  Delay   
        --------                                                                      ---------                                                                                                 -----  -----   
        Convolotion:core/reg(for:for:for:for:else:mux.itm)                            mgc_reg_pos_2_0_0_1_1_0_0                                                                                 0.0000 0.0000  
        Convolotion:core/for:for:for:for:else:mux.itm                                                                                                                                           0.0000 0.0000  
        Convolotion:core/conc                                                                                                                                                                   0.0000 0.0000  
        Convolotion:core/conc.itm                                                                                                                                                               0.0000 0.0000  
        Convolotion:core/for:for:for:for:else:mul#1                                   mgc_mul_5_0_8_0_12                                                                                        2.8582 2.8582  
        Convolotion:core/for:for:for:for:else:mul#1.itm                                                                                                                                         0.0000 2.8582  
        Convolotion:core/for:for:for:for:else:slc(for:for:for:for:else:mul#1.sdt)                                                                                                               0.0000 2.8582  
        Convolotion:core/for:for:for:for:else:slc(for:for:for:for:else:mul#1.sdt).itm                                                                                                           0.0000 2.8582  
        Convolotion:core/for:for:for:for:else:acc#4                                   mgc_add_8_0_5_0_9                                                                                         1.4216 4.2797  
        Convolotion:core/slc.sat.sva                                                                                                                                                            0.0000 4.2797  
        Convolotion:core/slc(slc.sat.sva)#1                                                                                                                                                     0.0000 4.2797  
        Convolotion:core/slc(slc.sat.sva)#1.itm                                                                                                                                                 0.0000 4.2797  
        Convolotion:core/for:for:for:for:else:exs                                                                                                                                               0.0000 4.2797  
        Convolotion:core/for:for:for:for:else:exs.itm                                                                                                                                           0.0000 4.2797  
        Convolotion:core/for:for:for:for:else:or                                      mgc_or_8_2                                                                                                0.3979 4.6776  
        Convolotion:core/for:for:for:for:else:ac_fixed:cctor.sva                                                                                                                                0.0000 4.6776  
        Convolotion:core/slc(for:for:for:for:else:ac_fixed:cctor.sva)#1                                                                                                                         0.0000 4.6776  
        Convolotion:core/slc(for:for:for:for:else:ac_fixed:cctor.sva)#1.itm                                                                                                                     0.0000 4.6776  
        Convolotion:core/mux#14                                                       mgc_mux_6_1_2                                                                                             0.9467 5.6244  
        Convolotion:core/mux#14.itm                                                                                                                                                             0.0000 5.6244  
        Convolotion:core/and#28                                                       mgc_and_6_2                                                                                               0.4089 6.0333  
        Convolotion:core/and#28.itm                                                                                                                                                             0.0000 6.0333  
        Convolotion:core/reg(Result.sg1.lpi#4.reg)                                    mgc_reg_pos_6_0_0_1_1_0_0                                                                                 0.0000 6.0333  
                                                                                                                                                                                                               
      7                                                                               Convolotion:core/reg(for:for:for:for:else:mux#1.itm) Convolotion:core/reg(Result.sg1.lpi#4.reg)           6.0333 13.9667 
                                                                                                                                                                                                               
        Instance                                                                      Component                                                                                                 Delta  Delay   
        --------                                                                      ---------                                                                                                 -----  -----   
        Convolotion:core/reg(for:for:for:for:else:mux#1.itm)                          mgc_reg_pos_1_0_0_1_1_0_0                                                                                 0.0000 0.0000  
        Convolotion:core/for:for:for:for:else:mux#1.itm                                                                                                                                         0.0000 0.0000  
        Convolotion:core/for:for:for:for:else:exs#2                                                                                                                                             0.0000 0.0000  
        Convolotion:core/for:for:for:for:else:exs#2.itm                                                                                                                                         0.0000 0.0000  
        Convolotion:core/conc                                                                                                                                                                   0.0000 0.0000  
        Convolotion:core/conc.itm                                                                                                                                                               0.0000 0.0000  
        Convolotion:core/for:for:for:for:else:mul#1                                   mgc_mul_5_0_8_0_12                                                                                        2.8582 2.8582  
        Convolotion:core/for:for:for:for:else:mul#1.itm                                                                                                                                         0.0000 2.8582  
        Convolotion:core/for:for:for:for:else:slc(for:for:for:for:else:mul#1.sdt)                                                                                                               0.0000 2.8582  
        Convolotion:core/for:for:for:for:else:slc(for:for:for:for:else:mul#1.sdt).itm                                                                                                           0.0000 2.8582  
        Convolotion:core/for:for:for:for:else:acc#4                                   mgc_add_8_0_5_0_9                                                                                         1.4216 4.2797  
        Convolotion:core/slc.sat.sva                                                                                                                                                            0.0000 4.2797  
        Convolotion:core/slc(slc.sat.sva)#1                                                                                                                                                     0.0000 4.2797  
        Convolotion:core/slc(slc.sat.sva)#1.itm                                                                                                                                                 0.0000 4.2797  
        Convolotion:core/for:for:for:for:else:exs                                                                                                                                               0.0000 4.2797  
        Convolotion:core/for:for:for:for:else:exs.itm                                                                                                                                           0.0000 4.2797  
        Convolotion:core/for:for:for:for:else:or                                      mgc_or_8_2                                                                                                0.3979 4.6776  
        Convolotion:core/for:for:for:for:else:ac_fixed:cctor.sva                                                                                                                                0.0000 4.6776  
        Convolotion:core/slc(for:for:for:for:else:ac_fixed:cctor.sva)#1                                                                                                                         0.0000 4.6776  
        Convolotion:core/slc(for:for:for:for:else:ac_fixed:cctor.sva)#1.itm                                                                                                                     0.0000 4.6776  
        Convolotion:core/mux#14                                                       mgc_mux_6_1_2                                                                                             0.9467 5.6244  
        Convolotion:core/mux#14.itm                                                                                                                                                             0.0000 5.6244  
        Convolotion:core/and#28                                                       mgc_and_6_2                                                                                               0.4089 6.0333  
        Convolotion:core/and#28.itm                                                                                                                                                             0.0000 6.0333  
        Convolotion:core/reg(Result.sg1.lpi#4.reg)                                    mgc_reg_pos_6_0_0_1_1_0_0                                                                                 0.0000 6.0333  
                                                                                                                                                                                                               
      8                                                                               Convolotion:core/reg(Krow#1.sva)                     Convolotion:core/reg(for:for:for:for:lor.lpi#4.dfm)  4.6278 15.3722 
                                                                                                                                                                                                               
        Instance                                                                      Component                                                                                                 Delta  Delay   
        --------                                                                      ---------                                                                                                 -----  -----   
        Convolotion:core/reg(Krow#1.sva)                                              mgc_reg_pos_2_0_0_1_1_0_0                                                                                 0.0000 0.0000  
        Convolotion:core/Krow#1.sva                                                                                                                                                             0.0000 0.0000  
        Convolotion:core/for:for:for:for:acc#8                                        mgc_add_2_0_1_1_3                                                                                         0.8086 0.8086  
        Convolotion:core/for:for:for:for:acc#8.itm                                                                                                                                              0.0000 0.8086  
        Convolotion:core/mux#7                                                        mgc_mux_2_1_2                                                                                             0.9468 1.7554  
        Convolotion:core/mux#7.itm                                                                                                                                                              0.0000 1.7554  
        Convolotion:core/exs#9                                                                                                                                                                  0.0000 1.7554  
        Convolotion:core/exs.itm#1                                                                                                                                                              0.0000 1.7554  
        Convolotion:core/for:for:mgc_Altera-Cyclone-II-6_beh_psr.mgc_add(9,0,3,1,11)  mgc_add_9_0_3_1_11                                                                                        1.1052 2.8605  
        Convolotion:core/z.out#2                                                                                                                                                                0.0000 2.8605  
        Convolotion:core/slc(conv2.sva)#1                                                                                                                                                       0.0000 2.8605  
        Convolotion:core/slc(conv2.sva)#1.itm                                                                                                                                                   0.0000 2.8605  
        Convolotion:core/for:for:for:for:oelse#2:not                                  mgc_not_2                                                                                                 0.0000 2.8605  
        Convolotion:core/for:for:for:for:oelse#2:not.itm                                                                                                                                        0.0000 2.8605  
        Convolotion:core/for:for:for:for:oelse#2:acc                                  mgc_add_2_0_2_0_2                                                                                         0.9715 3.8320  
        Convolotion:core/for:for:for:for:oelse#2:acc.itm                                                                                                                                        0.0000 3.8320  
        Convolotion:core/for:for:for:for:oelse#2:slc                                                                                                                                            0.0000 3.8320  
        Convolotion:core/for:for:for:for:oelse#2:slc.itm                                                                                                                                        0.0000 3.8320  
        Convolotion:core/for:for:for:for:if:or#2                                      mgc_or_1_4                                                                                                0.7958 4.6278  
        Convolotion:core/for:for:for:for:if:or#2.itm                                                                                                                                            0.0000 4.6278  
        Convolotion:core/reg(for:for:for:for:lor.lpi#4.dfm)                           mgc_reg_pos_1_0_0_1_1_0_0                                                                                 0.0000 4.6278  
                                                                                                                                                                                                               
      9                                                                               Convolotion:core/reg(Krow#1.sva)                     Convolotion:core/reg(for:for:for:for:else:mux.itm)   4.6274 15.3726 
                                                                                                                                                                                                               
        Instance                                                                      Component                                                                                                 Delta  Delay   
        --------                                                                      ---------                                                                                                 -----  -----   
        Convolotion:core/reg(Krow#1.sva)                                              mgc_reg_pos_2_0_0_1_1_0_0                                                                                 0.0000 0.0000  
        Convolotion:core/Krow#1.sva                                                                                                                                                             0.0000 0.0000  
        Convolotion:core/asn(for:for:for:for:else:asn#8)                                                                                                                                        0.0000 0.0000  
        Convolotion:core/asn(for:for:for:for:else:asn#8).itm                                                                                                                                    0.0000 0.0000  
        Convolotion:core/for:for:for:for:else:acc#6                                   mgc_add_2_0_2_0_3                                                                                         0.9715 0.9715  
        Convolotion:core/for:for:for:for:else:acc#6.sdt                                                                                                                                         0.0000 0.9715  
        Convolotion:core/slc(for:for:for:for:else:acc#6.sdt)#1                                                                                                                                  0.0000 0.9715  
        Convolotion:core/slc(for:for:for:for:else:acc#6.sdt)#1.itm                                                                                                                              0.0000 0.9715  
        Convolotion:core/for:for:for:for:else:acc#7                                   mgc_add_2_0_2_0_3                                                                                         0.9715 1.9430  
        Convolotion:core/for:for:for:for:else:acc#7.itm                                                                                                                                         0.0000 1.9430  
        Convolotion:core/for:for:for:for:else:conc#6                                                                                                                                            0.0000 1.9430  
        Convolotion:core/for:for:for:for:else:conc#7                                                                                                                                            0.0000 1.9430  
        Convolotion:core/for:for:for:for:else:mux                                     mgc_mux_2_4_16                                                                                            2.6845 4.6274  
        Convolotion:core/for:for:for:for:else:mux.itm#2                                                                                                                                         0.0000 4.6274  
        Convolotion:core/reg(for:for:for:for:else:mux.itm)                            mgc_reg_pos_2_0_0_1_1_0_0                                                                                 0.0000 4.6274  
                                                                                                                                                                                                               
      10                                                                              Convolotion:core/reg(Krow#1.sva)                     Convolotion:core/reg(for:for:for:for:else:mux#1.itm) 4.6274 15.3726 
                                                                                                                                                                                                               
        Instance                                                                      Component                                                                                                 Delta  Delay   
        --------                                                                      ---------                                                                                                 -----  -----   
        Convolotion:core/reg(Krow#1.sva)                                              mgc_reg_pos_2_0_0_1_1_0_0                                                                                 0.0000 0.0000  
        Convolotion:core/Krow#1.sva                                                                                                                                                             0.0000 0.0000  
        Convolotion:core/asn(for:for:for:for:else:asn#8)                                                                                                                                        0.0000 0.0000  
        Convolotion:core/asn(for:for:for:for:else:asn#8).itm                                                                                                                                    0.0000 0.0000  
        Convolotion:core/for:for:for:for:else:acc#6                                   mgc_add_2_0_2_0_3                                                                                         0.9715 0.9715  
        Convolotion:core/for:for:for:for:else:acc#6.sdt                                                                                                                                         0.0000 0.9715  
        Convolotion:core/slc(for:for:for:for:else:acc#6.sdt)#1                                                                                                                                  0.0000 0.9715  
        Convolotion:core/slc(for:for:for:for:else:acc#6.sdt)#1.itm                                                                                                                              0.0000 0.9715  
        Convolotion:core/for:for:for:for:else:acc#7                                   mgc_add_2_0_2_0_3                                                                                         0.9715 1.9430  
        Convolotion:core/for:for:for:for:else:acc#7.itm                                                                                                                                         0.0000 1.9430  
        Convolotion:core/for:for:for:for:else:conc#6                                                                                                                                            0.0000 1.9430  
        Convolotion:core/for:for:for:for:else:conc#7                                                                                                                                            0.0000 1.9430  
        Convolotion:core/for:for:for:for:else:mux#1                                   mgc_mux_1_4_16                                                                                            2.6845 4.6274  
        Convolotion:core/for:for:for:for:else:mux#1.itm#2                                                                                                                                       0.0000 4.6274  
        Convolotion:core/reg(for:for:for:for:else:mux#1.itm)                          mgc_reg_pos_1_0_0_1_1_0_0                                                                                 0.0000 4.6274  
                                                                                                                                                                                                               
      
    Register Input and Register-to-Output Slack
      Clock period or pin-to-reg delay constraint (clk): 20.0
      Clock uncertainty constraint (clk)               : 0.0
      
      Instance                                             Port                               Slack (Delay) Messages 
      ---------------------------------------------------- -------------------------------- ------- ------- --------
      Convolotion:core/reg(Krow#1.sva)                     and#25.itm                       16.7261  3.2739          
      Convolotion:core/reg(Kcolumn#1.sva)                  and#26.itm                       16.7261  3.2739          
      Convolotion:core/reg(Result#1.lpi#4.reg)             and#27.itm                       10.5667  9.4333          
      Convolotion:core/reg(Result.sg1.lpi#4.reg)           and#28.itm                       10.5667  9.4333          
      Convolotion:core/reg(Result.sg2.lpi#4.reg)           and#29.itm                       10.5667  9.4333          
      Convolotion:core/reg(Dcolumn#1.sva#2)                and.itm                          15.7838  4.2162          
      Convolotion:core/reg(Drow#1.sva#2)                   and#30.itm                       15.7838  4.2162          
      Convolotion:core/reg(for:for:for:for:else:mux#1.itm) for:for:for:for:else:mux#1.itm#2 15.3726  4.6274          
      Convolotion:core/reg(for:for:for:for:else:mux.itm)   for:for:for:for:else:mux.itm#2   15.3726  4.6274          
      Convolotion:core/reg(exit:for:for:for:for)           for:for:for:for:not.itm          17.0561  2.9439          
      Convolotion:core/reg(for:for:for:for:lor.lpi#4.dfm)  for:for:for:for:if:or#2.itm      15.3722  4.6278          
      Convolotion                                          in:rsc:singleport.data_in        19.8000  0.2000          
      Convolotion                                          in:rsc:singleport.addr           15.8343  4.1657          
      Convolotion                                          in:rsc:singleport.re             15.3373  4.6627          
      Convolotion                                          in:rsc:singleport.we             19.8000  0.2000          
      Convolotion                                          out:rsc:singleport.data_in       19.8000  0.2000          
      Convolotion                                          out:rsc:singleport.addr          19.8000  0.2000          
      Convolotion                                          out:rsc:singleport.re            19.8000  0.2000          
      Convolotion                                          out:rsc:singleport.we            16.4582  3.5418          
      
  Operator Bitwidth Summary
    Operation Size (bits) Count 
    --------- ----------- -----
    add                         
    -                  11     3 
    -                   9     1 
    -                   3     4 
    -                   2     3 
    and                         
    -                   2    10 
    mul                         
    -                  12     1 
    mux                         
    -                   4     2 
    -                   1    10 
    nand                        
    -                   3     1 
    -                   2     1 
    nor                         
    -                   3     2 
    -                   2     2 
    not                         
    -                   2     1 
    -                   1    11 
    or                          
    -                   4     1 
    -                   3     1 
    -                   2     3 
    reg                         
    -                   9     2 
    -                   6     1 
    -                   2     3 
    -                   1     5 
    
  End of Report
