-- Catapult System Level Synthesis: Report                                              
-- -------------------------------- ---------------------------------------------------
-- Version:                         2011a.41 Production Release                         
-- Build Date:                      Thu Apr  7 20:28:55 PDT 2011                        
                                                                                        
-- Generated by:                    ss@DESKTOP-UB05SU4                                  
-- Generated date:                  Sat Apr 20 18:25:16 +0430 2019                      

Solution Settings: Convolotion.v6
  Current state: extract
  Project: Catapult
  
  Design Input Files Specified
    $PROJECT_HOME/ESL_CA2.c
      $MGC_HOME/shared/include/ac_int.h
      $MGC_HOME/shared/include/ac_fixed.h
  
  Processes/Blocks in Design
    Process           Real Operation(s) count Latency Throughput Reset Length II Comments 
    ----------------- ----------------------- ------- ---------- ------------ -- --------
    /Convolotion/core                      54 4719101    4719617            0  0          
    Design Total:                          54 4719101    4719617            0  0          
    
  Bill Of Materials (Datapath)
    Component Name                         Area Score Area(DSP_block_9-bit_elems) Area(LUTs) Delay Post Alloc Post Assign 
    -------------------------------------- ---------- --------------------------- ---------- ----- ---------- -----------
    [Lib: mgc_Altera-Cyclone-II-6_beh_psr]                                                                                
    mgc_add(2,0,1,0,2)                          3.357                       0.000      3.357 1.026          0           2 
    mgc_add(2,0,1,1,3)                          3.000                       0.000      3.000 0.809          2           2 
    mgc_add(2,0,2,0,2)                          3.353                       0.000      3.353 0.971          3           3 
    mgc_add(2,0,2,0,3)                          3.353                       0.000      3.353 0.971          1           2 
    mgc_add(3,0,3,0,4)                          4.343                       0.000      4.343 1.039          3           0 
    mgc_add(8,0,5,0,9)                          9.307                       0.000      9.307 1.422          1           1 
    mgc_add(9,0,3,1,11)                        10.000                       0.000     10.000 1.105          4           4 
    mgc_and(1,2)                                0.730                       0.000      0.730 0.409          0          21 
    mgc_and(1,3)                                1.054                       0.000      1.054 0.648          0           1 
    mgc_and(1,5)                                1.704                       0.000      1.704 0.949          0           1 
    mgc_and(2,2)                                1.460                       0.000      1.460 0.409          3           2 
    mgc_and(6,2)                                4.379                       0.000      4.379 0.409          1           2 
    mgc_and(9,2)                                6.568                       0.000      6.568 0.409          0           2 
    mgc_mul(5,0,8,0,12)                       340.285                       2.000     10.285 2.858          1           1 
    mgc_mux(1,1,2)                              0.919                       0.000      0.919 0.947          6           7 
    mgc_mux(1,4,16)                            10.065                       0.000     10.065 2.684          1           1 
    mgc_mux(10,1,2)                             9.194                       0.000      9.194 0.947          1           0 
    mgc_mux(2,1,2)                              1.839                       0.000      1.839 0.947          4           1 
    mgc_mux(2,4,16)                            20.129                       0.000     20.129 2.684          1           1 
    mgc_mux(3,1,2)                              2.758                       0.000      2.758 0.947          0           1 
    mgc_mux(6,1,2)                              5.517                       0.000      5.517 0.947          2           2 
    mgc_mux(9,1,2)                              8.275                       0.000      8.275 0.947          0           2 
    mgc_mux1hot(2,3)                            4.379                       0.000      4.379 1.402          0           1 
    mgc_nand(1,2)                               0.730                       0.000      0.730 0.398          0           4 
    mgc_nand(1,3)                               1.054                       0.000      1.054 0.631          0           2 
    mgc_nand(1,5)                               1.704                       0.000      1.704 0.924          0           1 
    mgc_nand(1,6)                               2.028                       0.000      2.028 1.029          0           1 
    mgc_nor(1,2)                                0.730                       0.000      0.730 0.409          0          13 
    mgc_nor(1,3)                                1.054                       0.000      1.054 0.648          0           1 
    mgc_not(1)                                  0.000                       0.000      0.000 0.000          0          32 
    mgc_not(2)                                  0.000                       0.000      0.000 0.000          0           1 
    mgc_or(1,2)                                 0.730                       0.000      0.730 0.398          0           8 
    mgc_or(1,3)                                 1.054                       0.000      1.054 0.631          0           1 
    mgc_or(1,4)                                 1.379                       0.000      1.379 0.796          0           1 
    mgc_or(6,2)                                 4.379                       0.000      4.379 0.398          0           1 
    mgc_or(8,2)                                 5.839                       0.000      5.839 0.398          1           1 
    mgc_reg_pos(1,0,0,1,1,0,0)                  0.000                       0.000      0.000 0.000          0           9 
    mgc_reg_pos(2,0,0,1,1,0,0)                  0.000                       0.000      0.000 0.000          0           3 
    mgc_reg_pos(6,0,0,1,1,0,0)                  0.000                       0.000      0.000 0.000          0           1 
    mgc_reg_pos(9,0,0,1,1,0,0)                  0.000                       0.000      0.000 0.000          0           3 
    [Lib: ram_Altera-Cyclone-II-6_RAMSB]                                                                                  
    singleport(1,262144,8,18,0,1,0,0,0,1,1      0.000                       0.000      0.000 0.010          1           0 
    singleport(2,262144,8,18,0,1,0,0,0,1,1      0.000                       0.000      0.000 0.010          1           0 
                                                                                                                          
    TOTAL AREA (After Assignment):            572.949                       2.000    243.000                              
    
  Area Scores
                      Post-Scheduling  Post-DP & FSM Post-Assignment 
    ----------------- --------------- -------------- ---------------
    Total Area Score:    499.9          739.5           573.9        
    Total Reg:             0.0            0.0             0.0        
                                                                     
    DataPath:            499.9 (100%)   738.5 (100%)    572.9 (100%) 
      MUX:                63.3  (13%)   249.3  (34%)     73.2  (13%) 
      FUNC:              422.0  (84%)   431.0  (58%)    419.1  (73%) 
      LOGIC:              14.6   (3%)    58.2   (8%)     80.7  (14%) 
      BUFFER:              0.0            0.0             0.0        
      MEM:                 0.0            0.0             0.0        
      ROM:                 0.0            0.0             0.0        
      REG:                 0.0            0.0             0.0        
                                                                     
    
    FSM:                   0.0            1.0   (0%)      1.0   (0%) 
      FSM-REG:             0.0            0.0             0.0        
      FSM-COMB:            0.0            1.0 (100%)      1.0 (100%) 
                                                                     
    
  Register-to-Variable Mappings
    Register                       Size(bits) Gated Register CG Opt Done Variables                                             
    ------------------------------ ---------- -------------- ----------- -----------------------------------------------------
    Dcolumn#1.sva#2                         9                            Dcolumn#1.sva#2                                       
    Drow#1.sva#2                            9                            Drow#1.sva#2                                          
    Drow:slc(Drow)#1.itm                    9                            Drow:slc(Drow)#1.itm                                  
    Result.sg1.sva                          6                            Result.sg1.sva                                        
    Kcolumn#1.sva                           2                            Kcolumn#1.sva                                         
    Krow#1.sva                              2                            Krow#1.sva                                            
    for:for:for:for:else:mux.itm            2                            for:for:for:for:else:mux.itm                          
    Result#1.sva                            1                            Result#1.sva                                          
    Result.sg2.sva                          1                            Result.sg2.sva                                        
    exit:for:for.lpi#2.dfm                  1                            exit:for:for.lpi#2.dfm                                
    exit:for:for:for#1.sva                  1                            exit:for:for:for#1.sva                                
    exit:for:for:for.sva                    1                            exit:for:for:for.sva                                  
    for:for.stage_0                         1                            for:for.stage_0                                       
    for:for.stage_0#1                       1                            for:for.stage_0#1                                     
    for:for:for:for:else:mux#1.itm          1                            for:for:for:for:else:mux#1.itm                        
    for:for:for:for:lor.lpi#2.dfm           1                            for:for:for:for:lor.lpi#2.dfm                         
                                                                                                                               
    Total:                                 48              0           0 (Total Gating Ratio: 0.00, CG Opt Gating Ratio: 0.00) 
    
  Timing Report
    Critical Path
      Max Delay:  11.186814000000002
      Slack:      8.813185999999998
      
      Path                                                                            Startpoint                             Endpoint                               Delay   Slack   
      ------------------------------------------------------------------------------- -------------------------------------- -------------------------------------- ------- -------
      1                                                                               Convolotion/in:rsc:singleport.data_out Convolotion:core/reg(Result.sg1.sva)   11.1868 8.8132  
                                                                                                                                                                                    
        Instance                                                                      Component                                                                     Delta   Delay   
        --------                                                                      ---------                                                                     -----   -----   
        Convolotion/in:rsc:singleport.data_out                                                                                                                      3.4000  3.4000  
        Convolotion:core/in:rsc:singleport.data_out                                                                                                                 0.0000  3.4000  
        Convolotion:core/for:for:for:for:else:mul#1                                   mgc_mul_5_0_8_0_12                                                            2.8582  6.2582  
        Convolotion:core/for:for:for:for:else:mul#1.itm                                                                                                             0.0000  6.2582  
        Convolotion:core/for:for:for:for:else:slc(for:for:for:for:else:mul#1.sdt)                                                                                   0.0000  6.2582  
        Convolotion:core/for:for:for:for:else:slc(for:for:for:for:else:mul#1.sdt).itm                                                                               0.0000  6.2582  
        Convolotion:core/for:for:for:for:else:acc#4                                   mgc_add_8_0_5_0_9                                                             1.4216  7.6797  
        Convolotion:core/slc.sat.sva                                                                                                                                0.0000  7.6797  
        Convolotion:core/slc(slc.sat.sva)                                                                                                                           0.0000  7.6797  
        Convolotion:core/slc(slc.sat.sva).itm                                                                                                                       0.0000  7.6797  
        Convolotion:core/or#66                                                        mgc_or_8_2                                                                    0.3979  8.0776  
        Convolotion:core/for:for:for:for:else:ac_fixed:cctor.sva                                                                                                    0.0000  8.0776  
        Convolotion:core/slc(for:for:for:for:else:ac_fixed:cctor.sva)#1                                                                                             0.0000  8.0776  
        Convolotion:core/slc(for:for:for:for:else:ac_fixed:cctor.sva)#1.itm                                                                                         0.0000  8.0776  
        Convolotion:core/mux#14                                                       mgc_mux_6_1_2                                                                 0.9467  9.0244  
        Convolotion:core/Result.sg1.sva.dfm:mx0                                                                                                                     0.0000  9.0244  
        Convolotion:core/and#66                                                       mgc_and_6_2                                                                   0.4089  9.4333  
        Convolotion:core/and#66.itm                                                                                                                                 0.0000  9.4333  
        Convolotion:core/mux#34                                                       mgc_mux_6_1_2                                                                 0.9467  10.3800 
        Convolotion:core/mux#34.itm                                                                                                                                 0.0000  10.3800 
        Convolotion:core/and#89                                                       mgc_and_6_2                                                                   0.4089  10.7889 
        Convolotion:core/and#89.itm                                                                                                                                 0.0000  10.7889 
        Convolotion:core/or#67                                                        mgc_or_6_2                                                                    0.3979  11.1868 
        Convolotion:core/or#67.itm                                                                                                                                  0.0000  11.1868 
        Convolotion:core/reg(Result.sg1.sva)                                          mgc_reg_pos_6_0_0_1_1_0_0                                                     0.0000  11.1868 
                                                                                                                                                                                    
      2                                                                               Convolotion/in:rsc:singleport.data_out Convolotion:core/reg(Result.sg1.sva)   11.1868 8.8132  
                                                                                                                                                                                    
        Instance                                                                      Component                                                                     Delta   Delay   
        --------                                                                      ---------                                                                     -----   -----   
        Convolotion/in:rsc:singleport.data_out                                                                                                                      3.4000  3.4000  
        Convolotion:core/in:rsc:singleport.data_out                                                                                                                 0.0000  3.4000  
        Convolotion:core/for:for:for:for:else:mul#1                                   mgc_mul_5_0_8_0_12                                                            2.8582  6.2582  
        Convolotion:core/for:for:for:for:else:mul#1.itm                                                                                                             0.0000  6.2582  
        Convolotion:core/for:for:for:for:else:slc(for:for:for:for:else:mul#1.sdt)                                                                                   0.0000  6.2582  
        Convolotion:core/for:for:for:for:else:slc(for:for:for:for:else:mul#1.sdt).itm                                                                               0.0000  6.2582  
        Convolotion:core/for:for:for:for:else:acc#4                                   mgc_add_8_0_5_0_9                                                             1.4216  7.6797  
        Convolotion:core/slc.sat.sva                                                                                                                                0.0000  7.6797  
        Convolotion:core/slc(slc.sat.sva)#3                                                                                                                         0.0000  7.6797  
        Convolotion:core/slc(slc.sat.sva)#3.itm                                                                                                                     0.0000  7.6797  
        Convolotion:core/exs#13                                                                                                                                     0.0000  7.6797  
        Convolotion:core/exs#13.itm                                                                                                                                 0.0000  7.6797  
        Convolotion:core/or#66                                                        mgc_or_8_2                                                                    0.3979  8.0776  
        Convolotion:core/for:for:for:for:else:ac_fixed:cctor.sva                                                                                                    0.0000  8.0776  
        Convolotion:core/slc(for:for:for:for:else:ac_fixed:cctor.sva)#1                                                                                             0.0000  8.0776  
        Convolotion:core/slc(for:for:for:for:else:ac_fixed:cctor.sva)#1.itm                                                                                         0.0000  8.0776  
        Convolotion:core/mux#14                                                       mgc_mux_6_1_2                                                                 0.9467  9.0244  
        Convolotion:core/Result.sg1.sva.dfm:mx0                                                                                                                     0.0000  9.0244  
        Convolotion:core/and#66                                                       mgc_and_6_2                                                                   0.4089  9.4333  
        Convolotion:core/and#66.itm                                                                                                                                 0.0000  9.4333  
        Convolotion:core/mux#34                                                       mgc_mux_6_1_2                                                                 0.9467  10.3800 
        Convolotion:core/mux#34.itm                                                                                                                                 0.0000  10.3800 
        Convolotion:core/and#89                                                       mgc_and_6_2                                                                   0.4089  10.7889 
        Convolotion:core/and#89.itm                                                                                                                                 0.0000  10.7889 
        Convolotion:core/or#67                                                        mgc_or_6_2                                                                    0.3979  11.1868 
        Convolotion:core/or#67.itm                                                                                                                                  0.0000  11.1868 
        Convolotion:core/reg(Result.sg1.sva)                                          mgc_reg_pos_6_0_0_1_1_0_0                                                     0.0000  11.1868 
                                                                                                                                                                                    
      3                                                                               Convolotion/in:rsc:singleport.data_out Convolotion:core/reg(Result.sg2.sva)   10.7889 9.2111  
                                                                                                                                                                                    
        Instance                                                                      Component                                                                     Delta   Delay   
        --------                                                                      ---------                                                                     -----   -----   
        Convolotion/in:rsc:singleport.data_out                                                                                                                      3.4000  3.4000  
        Convolotion:core/in:rsc:singleport.data_out                                                                                                                 0.0000  3.4000  
        Convolotion:core/for:for:for:for:else:mul#1                                   mgc_mul_5_0_8_0_12                                                            2.8582  6.2582  
        Convolotion:core/for:for:for:for:else:mul#1.itm                                                                                                             0.0000  6.2582  
        Convolotion:core/for:for:for:for:else:slc(for:for:for:for:else:mul#1.sdt)                                                                                   0.0000  6.2582  
        Convolotion:core/for:for:for:for:else:slc(for:for:for:for:else:mul#1.sdt).itm                                                                               0.0000  6.2582  
        Convolotion:core/for:for:for:for:else:acc#4                                   mgc_add_8_0_5_0_9                                                             1.4216  7.6797  
        Convolotion:core/slc.sat.sva                                                                                                                                0.0000  7.6797  
        Convolotion:core/slc(slc.sat.sva)                                                                                                                           0.0000  7.6797  
        Convolotion:core/slc(slc.sat.sva).itm                                                                                                                       0.0000  7.6797  
        Convolotion:core/or#66                                                        mgc_or_8_2                                                                    0.3979  8.0776  
        Convolotion:core/for:for:for:for:else:ac_fixed:cctor.sva                                                                                                    0.0000  8.0776  
        Convolotion:core/slc(for:for:for:for:else:ac_fixed:cctor.sva)#2                                                                                             0.0000  8.0776  
        Convolotion:core/slc(for:for:for:for:else:ac_fixed:cctor.sva)#2.itm                                                                                         0.0000  8.0776  
        Convolotion:core/mux#15                                                       mgc_mux_1_1_2                                                                 0.9467  9.0244  
        Convolotion:core/Result.sg2.sva.dfm:mx0                                                                                                                     0.0000  9.0244  
        Convolotion:core/for:for:for:for:and#1                                        mgc_and_1_2                                                                   0.4089  9.4333  
        Convolotion:core/for:for:for:for:and#1.itm                                                                                                                  0.0000  9.4333  
        Convolotion:core/mux#29                                                       mgc_mux_1_1_2                                                                 0.9467  10.3800 
        Convolotion:core/mux#29.itm                                                                                                                                 0.0000  10.3800 
        Convolotion:core/and#69                                                       mgc_and_1_2                                                                   0.4089  10.7889 
        Convolotion:core/and#69.itm                                                                                                                                 0.0000  10.7889 
        Convolotion:core/reg(Result.sg2.sva)                                          mgc_reg_pos_1_0_0_1_1_0_0                                                     0.0000  10.7889 
                                                                                                                                                                                    
      4                                                                               Convolotion/in:rsc:singleport.data_out Convolotion:core/reg(Result#1.sva)     10.7889 9.2111  
                                                                                                                                                                                    
        Instance                                                                      Component                                                                     Delta   Delay   
        --------                                                                      ---------                                                                     -----   -----   
        Convolotion/in:rsc:singleport.data_out                                                                                                                      3.4000  3.4000  
        Convolotion:core/in:rsc:singleport.data_out                                                                                                                 0.0000  3.4000  
        Convolotion:core/for:for:for:for:else:mul#1                                   mgc_mul_5_0_8_0_12                                                            2.8582  6.2582  
        Convolotion:core/for:for:for:for:else:mul#1.itm                                                                                                             0.0000  6.2582  
        Convolotion:core/for:for:for:for:else:slc(for:for:for:for:else:mul#1.sdt)                                                                                   0.0000  6.2582  
        Convolotion:core/for:for:for:for:else:slc(for:for:for:for:else:mul#1.sdt).itm                                                                               0.0000  6.2582  
        Convolotion:core/for:for:for:for:else:acc#4                                   mgc_add_8_0_5_0_9                                                             1.4216  7.6797  
        Convolotion:core/slc.sat.sva                                                                                                                                0.0000  7.6797  
        Convolotion:core/slc(slc.sat.sva)                                                                                                                           0.0000  7.6797  
        Convolotion:core/slc(slc.sat.sva).itm                                                                                                                       0.0000  7.6797  
        Convolotion:core/or#66                                                        mgc_or_8_2                                                                    0.3979  8.0776  
        Convolotion:core/for:for:for:for:else:ac_fixed:cctor.sva                                                                                                    0.0000  8.0776  
        Convolotion:core/slc(for:for:for:for:else:ac_fixed:cctor.sva)                                                                                               0.0000  8.0776  
        Convolotion:core/slc(for:for:for:for:else:ac_fixed:cctor.sva).itm                                                                                           0.0000  8.0776  
        Convolotion:core/mux#13                                                       mgc_mux_1_1_2                                                                 0.9467  9.0244  
        Convolotion:core/Result#1.sva.dfm:mx0                                                                                                                       0.0000  9.0244  
        Convolotion:core/for:for:for:for:and#3                                        mgc_and_1_2                                                                   0.4089  9.4333  
        Convolotion:core/for:for:for:for:and#3.itm                                                                                                                  0.0000  9.4333  
        Convolotion:core/mux#27                                                       mgc_mux_1_1_2                                                                 0.9467  10.3800 
        Convolotion:core/mux#27.itm                                                                                                                                 0.0000  10.3800 
        Convolotion:core/and#65                                                       mgc_and_1_2                                                                   0.4089  10.7889 
        Convolotion:core/and#65.itm                                                                                                                                 0.0000  10.7889 
        Convolotion:core/reg(Result#1.sva)                                            mgc_reg_pos_1_0_0_1_1_0_0                                                     0.0000  10.7889 
                                                                                                                                                                                    
      5                                                                               Convolotion/in:rsc:singleport.data_out Convolotion:core/reg(Result#1.sva)     10.7889 9.2111  
                                                                                                                                                                                    
        Instance                                                                      Component                                                                     Delta   Delay   
        --------                                                                      ---------                                                                     -----   -----   
        Convolotion/in:rsc:singleport.data_out                                                                                                                      3.4000  3.4000  
        Convolotion:core/in:rsc:singleport.data_out                                                                                                                 0.0000  3.4000  
        Convolotion:core/for:for:for:for:else:mul#1                                   mgc_mul_5_0_8_0_12                                                            2.8582  6.2582  
        Convolotion:core/for:for:for:for:else:mul#1.itm                                                                                                             0.0000  6.2582  
        Convolotion:core/for:for:for:for:else:slc(for:for:for:for:else:mul#1.sdt)                                                                                   0.0000  6.2582  
        Convolotion:core/for:for:for:for:else:slc(for:for:for:for:else:mul#1.sdt).itm                                                                               0.0000  6.2582  
        Convolotion:core/for:for:for:for:else:acc#4                                   mgc_add_8_0_5_0_9                                                             1.4216  7.6797  
        Convolotion:core/slc.sat.sva                                                                                                                                0.0000  7.6797  
        Convolotion:core/slc(slc.sat.sva)#3                                                                                                                         0.0000  7.6797  
        Convolotion:core/slc(slc.sat.sva)#3.itm                                                                                                                     0.0000  7.6797  
        Convolotion:core/exs#13                                                                                                                                     0.0000  7.6797  
        Convolotion:core/exs#13.itm                                                                                                                                 0.0000  7.6797  
        Convolotion:core/or#66                                                        mgc_or_8_2                                                                    0.3979  8.0776  
        Convolotion:core/for:for:for:for:else:ac_fixed:cctor.sva                                                                                                    0.0000  8.0776  
        Convolotion:core/slc(for:for:for:for:else:ac_fixed:cctor.sva)                                                                                               0.0000  8.0776  
        Convolotion:core/slc(for:for:for:for:else:ac_fixed:cctor.sva).itm                                                                                           0.0000  8.0776  
        Convolotion:core/mux#13                                                       mgc_mux_1_1_2                                                                 0.9467  9.0244  
        Convolotion:core/Result#1.sva.dfm:mx0                                                                                                                       0.0000  9.0244  
        Convolotion:core/for:for:for:for:and#3                                        mgc_and_1_2                                                                   0.4089  9.4333  
        Convolotion:core/for:for:for:for:and#3.itm                                                                                                                  0.0000  9.4333  
        Convolotion:core/mux#27                                                       mgc_mux_1_1_2                                                                 0.9467  10.3800 
        Convolotion:core/mux#27.itm                                                                                                                                 0.0000  10.3800 
        Convolotion:core/and#65                                                       mgc_and_1_2                                                                   0.4089  10.7889 
        Convolotion:core/and#65.itm                                                                                                                                 0.0000  10.7889 
        Convolotion:core/reg(Result#1.sva)                                            mgc_reg_pos_1_0_0_1_1_0_0                                                     0.0000  10.7889 
                                                                                                                                                                                    
      6                                                                               Convolotion/in:rsc:singleport.data_out Convolotion/out:rsc:singleport.data_in 9.1244  10.8756 
                                                                                                                                                                                    
        Instance                                                                      Component                                                                     Delta   Delay   
        --------                                                                      ---------                                                                     -----   -----   
        Convolotion/in:rsc:singleport.data_out                                                                                                                      3.4000  3.4000  
        Convolotion:core/in:rsc:singleport.data_out                                                                                                                 0.0000  3.4000  
        Convolotion:core/for:for:for:for:else:mul#1                                   mgc_mul_5_0_8_0_12                                                            2.8582  6.2582  
        Convolotion:core/for:for:for:for:else:mul#1.itm                                                                                                             0.0000  6.2582  
        Convolotion:core/for:for:for:for:else:slc(for:for:for:for:else:mul#1.sdt)                                                                                   0.0000  6.2582  
        Convolotion:core/for:for:for:for:else:slc(for:for:for:for:else:mul#1.sdt).itm                                                                               0.0000  6.2582  
        Convolotion:core/for:for:for:for:else:acc#4                                   mgc_add_8_0_5_0_9                                                             1.4216  7.6797  
        Convolotion:core/slc.sat.sva                                                                                                                                0.0000  7.6797  
        Convolotion:core/slc(slc.sat.sva)                                                                                                                           0.0000  7.6797  
        Convolotion:core/slc(slc.sat.sva).itm                                                                                                                       0.0000  7.6797  
        Convolotion:core/or#66                                                        mgc_or_8_2                                                                    0.3979  8.0776  
        Convolotion:core/for:for:for:for:else:ac_fixed:cctor.sva                                                                                                    0.0000  8.0776  
        Convolotion:core/slc(for:for:for:for:else:ac_fixed:cctor.sva)#2                                                                                             0.0000  8.0776  
        Convolotion:core/slc(for:for:for:for:else:ac_fixed:cctor.sva)#2.itm                                                                                         0.0000  8.0776  
        Convolotion:core/mux#15                                                       mgc_mux_1_1_2                                                                 0.9467  9.0244  
        Convolotion:core/Result.sg2.sva.dfm:mx0                                                                                                                     0.0000  9.0244  
        Convolotion:core/Result:conc#1                                                                                                                              0.0000  9.0244  
        Convolotion:core/out:rsc:singleport.data_in                                                                                                                 0.0000  9.0244  
        Convolotion/out:rsc:singleport.data_in.reg                                                                                                                  0.0000  9.0244  
        Convolotion/asn(out:rsc:singleport.data_in)                                                                                                                 0.0000  9.0244  
        Convolotion/out:rsc:singleport.data_in                                                                                                                      0.1000  9.1244  
                                                                                                                                                                                    
      7                                                                               Convolotion/in:rsc:singleport.data_out Convolotion/out:rsc:singleport.data_in 9.1244  10.8756 
                                                                                                                                                                                    
        Instance                                                                      Component                                                                     Delta   Delay   
        --------                                                                      ---------                                                                     -----   -----   
        Convolotion/in:rsc:singleport.data_out                                                                                                                      3.4000  3.4000  
        Convolotion:core/in:rsc:singleport.data_out                                                                                                                 0.0000  3.4000  
        Convolotion:core/for:for:for:for:else:mul#1                                   mgc_mul_5_0_8_0_12                                                            2.8582  6.2582  
        Convolotion:core/for:for:for:for:else:mul#1.itm                                                                                                             0.0000  6.2582  
        Convolotion:core/for:for:for:for:else:slc(for:for:for:for:else:mul#1.sdt)                                                                                   0.0000  6.2582  
        Convolotion:core/for:for:for:for:else:slc(for:for:for:for:else:mul#1.sdt).itm                                                                               0.0000  6.2582  
        Convolotion:core/for:for:for:for:else:acc#4                                   mgc_add_8_0_5_0_9                                                             1.4216  7.6797  
        Convolotion:core/slc.sat.sva                                                                                                                                0.0000  7.6797  
        Convolotion:core/slc(slc.sat.sva)                                                                                                                           0.0000  7.6797  
        Convolotion:core/slc(slc.sat.sva).itm                                                                                                                       0.0000  7.6797  
        Convolotion:core/or#66                                                        mgc_or_8_2                                                                    0.3979  8.0776  
        Convolotion:core/for:for:for:for:else:ac_fixed:cctor.sva                                                                                                    0.0000  8.0776  
        Convolotion:core/slc(for:for:for:for:else:ac_fixed:cctor.sva)#1                                                                                             0.0000  8.0776  
        Convolotion:core/slc(for:for:for:for:else:ac_fixed:cctor.sva)#1.itm                                                                                         0.0000  8.0776  
        Convolotion:core/mux#14                                                       mgc_mux_6_1_2                                                                 0.9467  9.0244  
        Convolotion:core/Result.sg1.sva.dfm:mx0                                                                                                                     0.0000  9.0244  
        Convolotion:core/Result:conc#1                                                                                                                              0.0000  9.0244  
        Convolotion:core/out:rsc:singleport.data_in                                                                                                                 0.0000  9.0244  
        Convolotion/out:rsc:singleport.data_in.reg                                                                                                                  0.0000  9.0244  
        Convolotion/asn(out:rsc:singleport.data_in)                                                                                                                 0.0000  9.0244  
        Convolotion/out:rsc:singleport.data_in                                                                                                                      0.1000  9.1244  
                                                                                                                                                                                    
      8                                                                               Convolotion/in:rsc:singleport.data_out Convolotion/out:rsc:singleport.data_in 9.1244  10.8756 
                                                                                                                                                                                    
        Instance                                                                      Component                                                                     Delta   Delay   
        --------                                                                      ---------                                                                     -----   -----   
        Convolotion/in:rsc:singleport.data_out                                                                                                                      3.4000  3.4000  
        Convolotion:core/in:rsc:singleport.data_out                                                                                                                 0.0000  3.4000  
        Convolotion:core/for:for:for:for:else:mul#1                                   mgc_mul_5_0_8_0_12                                                            2.8582  6.2582  
        Convolotion:core/for:for:for:for:else:mul#1.itm                                                                                                             0.0000  6.2582  
        Convolotion:core/for:for:for:for:else:slc(for:for:for:for:else:mul#1.sdt)                                                                                   0.0000  6.2582  
        Convolotion:core/for:for:for:for:else:slc(for:for:for:for:else:mul#1.sdt).itm                                                                               0.0000  6.2582  
        Convolotion:core/for:for:for:for:else:acc#4                                   mgc_add_8_0_5_0_9                                                             1.4216  7.6797  
        Convolotion:core/slc.sat.sva                                                                                                                                0.0000  7.6797  
        Convolotion:core/slc(slc.sat.sva)#3                                                                                                                         0.0000  7.6797  
        Convolotion:core/slc(slc.sat.sva)#3.itm                                                                                                                     0.0000  7.6797  
        Convolotion:core/exs#13                                                                                                                                     0.0000  7.6797  
        Convolotion:core/exs#13.itm                                                                                                                                 0.0000  7.6797  
        Convolotion:core/or#66                                                        mgc_or_8_2                                                                    0.3979  8.0776  
        Convolotion:core/for:for:for:for:else:ac_fixed:cctor.sva                                                                                                    0.0000  8.0776  
        Convolotion:core/slc(for:for:for:for:else:ac_fixed:cctor.sva)#1                                                                                             0.0000  8.0776  
        Convolotion:core/slc(for:for:for:for:else:ac_fixed:cctor.sva)#1.itm                                                                                         0.0000  8.0776  
        Convolotion:core/mux#14                                                       mgc_mux_6_1_2                                                                 0.9467  9.0244  
        Convolotion:core/Result.sg1.sva.dfm:mx0                                                                                                                     0.0000  9.0244  
        Convolotion:core/Result:conc#1                                                                                                                              0.0000  9.0244  
        Convolotion:core/out:rsc:singleport.data_in                                                                                                                 0.0000  9.0244  
        Convolotion/out:rsc:singleport.data_in.reg                                                                                                                  0.0000  9.0244  
        Convolotion/asn(out:rsc:singleport.data_in)                                                                                                                 0.0000  9.0244  
        Convolotion/out:rsc:singleport.data_in                                                                                                                      0.1000  9.1244  
                                                                                                                                                                                    
      9                                                                               Convolotion/in:rsc:singleport.data_out Convolotion/out:rsc:singleport.data_in 9.1244  10.8756 
                                                                                                                                                                                    
        Instance                                                                      Component                                                                     Delta   Delay   
        --------                                                                      ---------                                                                     -----   -----   
        Convolotion/in:rsc:singleport.data_out                                                                                                                      3.4000  3.4000  
        Convolotion:core/in:rsc:singleport.data_out                                                                                                                 0.0000  3.4000  
        Convolotion:core/for:for:for:for:else:mul#1                                   mgc_mul_5_0_8_0_12                                                            2.8582  6.2582  
        Convolotion:core/for:for:for:for:else:mul#1.itm                                                                                                             0.0000  6.2582  
        Convolotion:core/for:for:for:for:else:slc(for:for:for:for:else:mul#1.sdt)                                                                                   0.0000  6.2582  
        Convolotion:core/for:for:for:for:else:slc(for:for:for:for:else:mul#1.sdt).itm                                                                               0.0000  6.2582  
        Convolotion:core/for:for:for:for:else:acc#4                                   mgc_add_8_0_5_0_9                                                             1.4216  7.6797  
        Convolotion:core/slc.sat.sva                                                                                                                                0.0000  7.6797  
        Convolotion:core/slc(slc.sat.sva)                                                                                                                           0.0000  7.6797  
        Convolotion:core/slc(slc.sat.sva).itm                                                                                                                       0.0000  7.6797  
        Convolotion:core/or#66                                                        mgc_or_8_2                                                                    0.3979  8.0776  
        Convolotion:core/for:for:for:for:else:ac_fixed:cctor.sva                                                                                                    0.0000  8.0776  
        Convolotion:core/slc(for:for:for:for:else:ac_fixed:cctor.sva)                                                                                               0.0000  8.0776  
        Convolotion:core/slc(for:for:for:for:else:ac_fixed:cctor.sva).itm                                                                                           0.0000  8.0776  
        Convolotion:core/mux#13                                                       mgc_mux_1_1_2                                                                 0.9467  9.0244  
        Convolotion:core/Result#1.sva.dfm:mx0                                                                                                                       0.0000  9.0244  
        Convolotion:core/Result:conc#1                                                                                                                              0.0000  9.0244  
        Convolotion:core/out:rsc:singleport.data_in                                                                                                                 0.0000  9.0244  
        Convolotion/out:rsc:singleport.data_in.reg                                                                                                                  0.0000  9.0244  
        Convolotion/asn(out:rsc:singleport.data_in)                                                                                                                 0.0000  9.0244  
        Convolotion/out:rsc:singleport.data_in                                                                                                                      0.1000  9.1244  
                                                                                                                                                                                    
      10                                                                              Convolotion/in:rsc:singleport.data_out Convolotion/out:rsc:singleport.data_in 9.1244  10.8756 
                                                                                                                                                                                    
        Instance                                                                      Component                                                                     Delta   Delay   
        --------                                                                      ---------                                                                     -----   -----   
        Convolotion/in:rsc:singleport.data_out                                                                                                                      3.4000  3.4000  
        Convolotion:core/in:rsc:singleport.data_out                                                                                                                 0.0000  3.4000  
        Convolotion:core/for:for:for:for:else:mul#1                                   mgc_mul_5_0_8_0_12                                                            2.8582  6.2582  
        Convolotion:core/for:for:for:for:else:mul#1.itm                                                                                                             0.0000  6.2582  
        Convolotion:core/for:for:for:for:else:slc(for:for:for:for:else:mul#1.sdt)                                                                                   0.0000  6.2582  
        Convolotion:core/for:for:for:for:else:slc(for:for:for:for:else:mul#1.sdt).itm                                                                               0.0000  6.2582  
        Convolotion:core/for:for:for:for:else:acc#4                                   mgc_add_8_0_5_0_9                                                             1.4216  7.6797  
        Convolotion:core/slc.sat.sva                                                                                                                                0.0000  7.6797  
        Convolotion:core/slc(slc.sat.sva)#3                                                                                                                         0.0000  7.6797  
        Convolotion:core/slc(slc.sat.sva)#3.itm                                                                                                                     0.0000  7.6797  
        Convolotion:core/exs#13                                                                                                                                     0.0000  7.6797  
        Convolotion:core/exs#13.itm                                                                                                                                 0.0000  7.6797  
        Convolotion:core/or#66                                                        mgc_or_8_2                                                                    0.3979  8.0776  
        Convolotion:core/for:for:for:for:else:ac_fixed:cctor.sva                                                                                                    0.0000  8.0776  
        Convolotion:core/slc(for:for:for:for:else:ac_fixed:cctor.sva)                                                                                               0.0000  8.0776  
        Convolotion:core/slc(for:for:for:for:else:ac_fixed:cctor.sva).itm                                                                                           0.0000  8.0776  
        Convolotion:core/mux#13                                                       mgc_mux_1_1_2                                                                 0.9467  9.0244  
        Convolotion:core/Result#1.sva.dfm:mx0                                                                                                                       0.0000  9.0244  
        Convolotion:core/Result:conc#1                                                                                                                              0.0000  9.0244  
        Convolotion:core/out:rsc:singleport.data_in                                                                                                                 0.0000  9.0244  
        Convolotion/out:rsc:singleport.data_in.reg                                                                                                                  0.0000  9.0244  
        Convolotion/asn(out:rsc:singleport.data_in)                                                                                                                 0.0000  9.0244  
        Convolotion/out:rsc:singleport.data_in                                                                                                                      0.1000  9.1244  
                                                                                                                                                                                    
      
    Register Input and Register-to-Output Slack
      Clock period or pin-to-reg delay constraint (clk): 20.0
      Clock uncertainty constraint (clk)               : 0.0
      
      Instance                                             Port                               Slack (Delay) Messages 
      ---------------------------------------------------- -------------------------------- ------- ------- --------
      Convolotion:core/reg(Dcolumn#1.sva#2)                and#43.itm                       15.7838  4.2162          
      Convolotion:core/reg(for:for.stage_0)                and#40.itm                       16.6700  3.3300          
      Convolotion:core/reg(Drow#1.sva#2)                   and.itm                          15.2097  4.7903          
      Convolotion:core/reg(Kcolumn#1.sva)                  and#86.itm                       13.2691  6.7309          
      Convolotion:core/reg(exit:for:for:for.sva)           and#61.itm                       14.8827  5.1173          
      Convolotion:core/reg(Krow#1.sva)                     and#87.itm                       12.1547  7.8453          
      Convolotion:core/reg(for:for.stage_0#1)              or#54.itm                        17.8376  2.1624          
      Convolotion:core/reg(Result#1.sva)                   and#65.itm                        9.2111 10.7889          
      Convolotion:core/reg(Result.sg1.sva)                 or#67.itm                         8.8132 11.1868          
      Convolotion:core/reg(Result.sg2.sva)                 and#69.itm                        9.2111 10.7889          
      Convolotion:core/reg(exit:for:for.lpi#2.dfm)         for:for:for:and#1.itm            16.2383  3.7617          
      Convolotion:core/reg(exit:for:for:for#1.sva)         exit:for:for:for#1.sva#1         12.1547  7.8453          
      Convolotion:core/reg(for:for:for:for:lor.lpi#2.dfm)  for:for:for:for:if:or#2.itm      16.3189  3.6811          
      Convolotion:core/reg(for:for:for:for:else:mux#1.itm) for:for:for:for:else:mux#1.itm#2 15.3726  4.6274          
      Convolotion:core/reg(for:for:for:for:else:mux.itm)   for:for:for:for:else:mux.itm#2   15.3726  4.6274          
      Convolotion:core/reg(Drow:slc(Drow)#1.itm)           Drow#1.sva#2                     16.8948  3.1052          
      Convolotion                                          in:rsc:singleport.data_in        19.8000  0.2000          
      Convolotion                                          in:rsc:singleport.addr           15.8343  4.1657          
      Convolotion                                          in:rsc:singleport.re             15.8861  4.1139          
      Convolotion                                          in:rsc:singleport.we             19.8000  0.2000          
      Convolotion                                          out:rsc:singleport.data_in       10.7756  9.2244          
      Convolotion                                          out:rsc:singleport.addr          19.8000  0.2000          
      Convolotion                                          out:rsc:singleport.re            19.8000  0.2000          
      Convolotion                                          out:rsc:singleport.we            19.1693  0.8307          
      
  Operator Bitwidth Summary
    Operation Size (bits) Count 
    --------- ----------- -----
    add                         
    -                  11     4 
    -                   9     1 
    -                   3     4 
    -                   2     5 
    and                         
    -                   5     1 
    -                   3     1 
    -                   2    27 
    mul                         
    -                  12     1 
    mux                         
    -                   4     2 
    -                   1    13 
    mux1h                       
    -                   3     1 
    nand                        
    -                   6     1 
    -                   5     1 
    -                   3     2 
    -                   2     4 
    nor                         
    -                   3     1 
    -                   2    13 
    not                         
    -                   2     1 
    -                   1    32 
    or                          
    -                   4     1 
    -                   3     1 
    -                   2    10 
    reg                         
    -                   9     3 
    -                   6     1 
    -                   2     3 
    -                   1     9 
    
  End of Report
