-- Catapult System Level Synthesis: Report                                              
-- -------------------------------- ---------------------------------------------------
-- Version:                         2011a.41 Production Release                         
-- Build Date:                      Thu Apr  7 20:28:55 PDT 2011                        
                                                                                        
-- Generated by:                    ss@DESKTOP-UB05SU4                                  
-- Generated date:                  Sat Apr 20 18:45:17 +0430 2019                      

Solution Settings: Convolotion.v14
  Current state: extract
  Project: Catapult
  
  Design Input Files Specified
    $PROJECT_HOME/ESL_CA2.c
      $MGC_HOME/shared/include/ac_int.h
      $MGC_HOME/shared/include/ac_fixed.h
  
  Processes/Blocks in Design
    Process           Real Operation(s) count Latency Throughput Reset Length II Comments 
    ----------------- ----------------------- ------- ---------- ------------ -- --------
    /Convolotion/core                      87 4980733    4981249            0  0          
    Design Total:                          87 4980733    4981249            0  0          
    
  Bill Of Materials (Datapath)
    Component Name                         Area Score Area(DSP_block_9-bit_elems) Area(LUTs) Delay Post Alloc Post Assign 
    -------------------------------------- ---------- --------------------------- ---------- ----- ---------- -----------
    [Lib: mgc_Altera-Cyclone-II-6_beh_psr]                                                                                
    mgc_add(2,0,1,1,3)                          3.000                       0.000      3.000 0.809          1           1 
    mgc_add(2,0,2,0,2)                          3.353                       0.000      3.353 0.971          3           2 
    mgc_add(3,0,3,0,3)                          4.343                       0.000      4.343 1.039          2           1 
    mgc_add(4,0,3,0,4)                          5.337                       0.000      5.337 1.130          1           1 
    mgc_add(8,0,5,0,9)                          9.307                       0.000      9.307 1.422          1           0 
    mgc_add(9,0,3,1,11)                        10.000                       0.000     10.000 1.105          3           2 
    mgc_add(9,0,6,1,11)                        10.000                       0.000     10.000 1.052          0           1 
    mgc_and(1,2)                                0.730                       0.000      0.730 0.409          0          16 
    mgc_and(1,3)                                1.054                       0.000      1.054 0.648          0           1 
    mgc_and(2,2)                                1.460                       0.000      1.460 0.409          0           1 
    mgc_and(4,2)                                2.919                       0.000      2.919 0.409          0           1 
    mgc_and(6,2)                                4.379                       0.000      4.379 0.409          0           1 
    mgc_and(9,2)                                6.568                       0.000      6.568 0.409          0           2 
    mgc_mul(5,0,8,0,12)                       340.285                       2.000     10.285 2.858          1           1 
    mgc_mux(1,1,2)                              0.919                       0.000      0.919 0.947          2           8 
    mgc_mux(2,1,2)                              1.839                       0.000      1.839 0.947          0           4 
    mgc_mux(2,3,8)                              9.678                       0.000      9.678 2.105          1           1 
    mgc_mux(6,1,2)                              5.517                       0.000      5.517 0.947          1           2 
    mgc_mux(9,1,2)                              8.275                       0.000      8.275 0.947          0           5 
    mgc_mux1hot(1,3)                            2.190                       0.000      2.190 1.402          0           1 
    mgc_mux1hot(4,3)                            8.758                       0.000      8.758 1.402          0           1 
    mgc_nand(1,2)                               0.730                       0.000      0.730 0.398          0           1 
    mgc_nor(1,2)                                0.730                       0.000      0.730 0.409          0          11 
    mgc_nor(1,3)                                1.054                       0.000      1.054 0.648          0           1 
    mgc_nor(1,5)                                1.704                       0.000      1.704 0.949          0           1 
    mgc_not(1)                                  0.000                       0.000      0.000 0.000          0          16 
    mgc_not(2)                                  0.000                       0.000      0.000 0.000          0           1 
    mgc_or(1,2)                                 0.730                       0.000      0.730 0.398          0          11 
    mgc_or(1,3)                                 1.054                       0.000      1.054 0.631          0           4 
    mgc_or(8,2)                                 5.839                       0.000      5.839 0.398          1           1 
    mgc_reg_pos(1,0,0,1,1,0,0)                  0.000                       0.000      0.000 0.000          0           6 
    mgc_reg_pos(2,0,0,1,1,0,0)                  0.000                       0.000      0.000 0.000          0           2 
    mgc_reg_pos(6,0,0,1,1,0,0)                  0.000                       0.000      0.000 0.000          0           1 
    mgc_reg_pos(9,0,0,1,1,0,0)                  0.000                       0.000      0.000 0.000          0           2 
    [Lib: ram_Altera-Cyclone-II-6_RAMSB]                                                                                  
    singleport(1,262144,8,18,0,1,0,0,0,1,1      0.000                       0.000      0.000 0.010          1           0 
    singleport(2,262144,8,18,0,1,0,0,0,1,1      0.000                       0.000      0.000 0.010          1           0 
                                                                                                                          
    TOTAL AREA (After Assignment):            541.642                       2.000    212.000                              
    
  Area Scores
                      Post-Scheduling  Post-DP & FSM Post-Assignment 
    ----------------- --------------- -------------- ---------------
    Total Area Score:    429.5         1100.8           542.6        
    Total Reg:             0.0            0.0             0.0        
                                                                     
    DataPath:            429.5 (100%)  1099.8 (100%)    541.6 (100%) 
      MUX:                17.0   (4%)   262.2  (24%)     87.7  (16%) 
      FUNC:              406.7  (95%)   786.3  (71%)    389.7  (72%) 
      LOGIC:               5.8   (1%)    51.4   (5%)     64.2  (12%) 
      BUFFER:              0.0            0.0             0.0        
      MEM:                 0.0            0.0             0.0        
      ROM:                 0.0            0.0             0.0        
      REG:                 0.0            0.0             0.0        
                                                                     
    
    FSM:                   0.0            1.0   (0%)      1.0   (0%) 
      FSM-REG:             0.0            0.0             0.0        
      FSM-COMB:            0.0            1.0 (100%)      1.0 (100%) 
                                                                     
    
  Register-to-Variable Mappings
    Register                      Size(bits) Gated Register CG Opt Done Variables                                             
    ----------------------------- ---------- -------------- ----------- -----------------------------------------------------
    Dcolumn#1.sva#2                        9                            Dcolumn#1.sva#2                                       
    Drow#1.sva#2                           9                            Drow#1.sva#2                                          
    Result.sg1.sva.reg                     6                            Result.sg1.sva                                        
                                                                        Result.sg1.sva.dfm                                    
                                                                        Result.sg1.sva.dfm.dfm                                
    for:for:for:for:else.reg               2                            for:for:for:for:else:mux#1.itm                        
                                                                        for:for:for:for:else:mux.itm                          
    reg#1                                  2                            Krow#1.sva                                            
                                                                        Krow#2.sva                                            
                                                                        Krow#3.sva                                            
                                                                        Krow#3.sva#1                                          
                                                                        Krow#1.sva#1                                          
                                                                        Krow#2.sva#1                                          
    Result#1.sva.reg                       1                            Result#1.sva                                          
                                                                        Result#1.sva.dfm                                      
                                                                        Result#1.sva.dfm.dfm                                  
    Result.sg2.sva.reg                     1                            Result.sg2.sva                                        
                                                                        Result.sg2.sva.dfm                                    
                                                                        Result.sg2.sva.dfm.dfm                                
    for:for.reg                            1                            for:for:for-1:for:slc.itm                             
                                                                        for:for:for-2:for:slc.itm                             
                                                                        for:for:for-3:for:slc.itm                             
    for:for:for:for.reg                    1                            for:for:for:for:lor#3.lpi#3.dfm.st                    
                                                                        for:for:for:for:lor#4.lpi#3.dfm.st                    
                                                                        for:for:for:for:lor.lpi#3.dfm.st                      
    for:for:for:for:else:or#1.itm          1                            for:for:for:for:else:or#1.itm                         
    for:for:for:for:else:or.itm            1                            for:for:for:for:else:or.itm                           
                                                                                                                              
    Total:                                34              0           0 (Total Gating Ratio: 0.00, CG Opt Gating Ratio: 0.00) 
    
  Timing Report
    Critical Path
      Max Delay:  10.875171000000002
      Slack:      9.124828999999998
      
      Path                                                                           Startpoint                             Endpoint                                 Delay   Slack   
      ------------------------------------------------------------------------------ -------------------------------------- ---------------------------------------- ------- -------
      1                                                                              Convolotion/in:rsc:singleport.data_out Convolotion:core/reg(Result.sg2.sva.reg) 10.8752 9.1248  
                                                                                                                                                                                     
        Instance                                                                     Component                                                                       Delta   Delay   
        --------                                                                     ---------                                                                       -----   -----   
        Convolotion/in:rsc:singleport.data_out                                                                                                                       3.4000  3.4000  
        Convolotion:core/in:rsc:singleport.data_out                                                                                                                  0.0000  3.4000  
        Convolotion:core/for:for:mgc_Altera-Cyclone-II-6_beh_psr.mgc_mul(5,0,8,0,12) mgc_mul_5_0_8_0_12                                                              2.8582  6.2582  
        Convolotion:core/z.out#1                                                                                                                                     0.0000  6.2582  
        Convolotion:core/slc(z.out#1)                                                                                                                                0.0000  6.2582  
        Convolotion:core/slc(z.out#1).itm                                                                                                                            0.0000  6.2582  
        Convolotion:core/mux1h#28                                                    mgc_mux1hot_4_3                                                                 1.4021  7.6603  
        Convolotion:core/mux1h#28.itm                                                                                                                                0.0000  7.6603  
        Convolotion:core/and#2                                                       mgc_and_4_2                                                                     0.4089  8.0692  
        Convolotion:core/and#2.itm                                                                                                                                   0.0000  8.0692  
        Convolotion:core/conc#62                                                                                                                                     0.0000  8.0692  
        Convolotion:core/conc#61.itm                                                                                                                                 0.0000  8.0692  
        Convolotion:core/for:for:mgc_Altera-Cyclone-II-6_beh_psr.mgc_add(9,0,6,1,11) mgc_add_9_0_6_1_11                                                              1.0525  9.1216  
        Convolotion:core/z.out#2                                                                                                                                     0.0000  9.1216  
        Convolotion:core/slc(slc.sat#1.sva.pdr)#1                                                                                                                    0.0000  9.1216  
        Convolotion:core/slc(slc.sat#1.sva.pdr)#1.itm                                                                                                                0.0000  9.1216  
        Convolotion:core/for:for:for-1:for:else:or                                   mgc_or_8_2                                                                      0.3979  9.5195  
        Convolotion:core/for:for:for:for:else:ac_fixed:cctor#1.sva                                                                                                   0.0000  9.5195  
        Convolotion:core/slc(for:for:for:for:else:ac_fixed:cctor#1.sva)#2                                                                                            0.0000  9.5195  
        Convolotion:core/slc(for:for:for:for:else:ac_fixed:cctor#1.sva)#2.itm                                                                                        0.0000  9.5195  
        Convolotion:core/mux#23                                                      mgc_mux_1_1_2                                                                   0.9467  10.4663 
        Convolotion:core/mux#23.itm                                                                                                                                  0.0000  10.4663 
        Convolotion:core/and#42                                                      mgc_and_1_2                                                                     0.4089  10.8752 
        Convolotion:core/and#42.itm                                                                                                                                  0.0000  10.8752 
        Convolotion:core/reg(Result.sg2.sva.reg)                                     mgc_reg_pos_1_0_0_1_1_0_0                                                       0.0000  10.8752 
                                                                                                                                                                                     
      2                                                                              Convolotion/in:rsc:singleport.data_out Convolotion:core/reg(Result.sg1.sva.reg) 10.8752 9.1248  
                                                                                                                                                                                     
        Instance                                                                     Component                                                                       Delta   Delay   
        --------                                                                     ---------                                                                       -----   -----   
        Convolotion/in:rsc:singleport.data_out                                                                                                                       3.4000  3.4000  
        Convolotion:core/in:rsc:singleport.data_out                                                                                                                  0.0000  3.4000  
        Convolotion:core/for:for:mgc_Altera-Cyclone-II-6_beh_psr.mgc_mul(5,0,8,0,12) mgc_mul_5_0_8_0_12                                                              2.8582  6.2582  
        Convolotion:core/z.out#1                                                                                                                                     0.0000  6.2582  
        Convolotion:core/slc(z.out#1)                                                                                                                                0.0000  6.2582  
        Convolotion:core/slc(z.out#1).itm                                                                                                                            0.0000  6.2582  
        Convolotion:core/mux1h#28                                                    mgc_mux1hot_4_3                                                                 1.4021  7.6603  
        Convolotion:core/mux1h#28.itm                                                                                                                                0.0000  7.6603  
        Convolotion:core/and#2                                                       mgc_and_4_2                                                                     0.4089  8.0692  
        Convolotion:core/and#2.itm                                                                                                                                   0.0000  8.0692  
        Convolotion:core/conc#62                                                                                                                                     0.0000  8.0692  
        Convolotion:core/conc#61.itm                                                                                                                                 0.0000  8.0692  
        Convolotion:core/for:for:mgc_Altera-Cyclone-II-6_beh_psr.mgc_add(9,0,6,1,11) mgc_add_9_0_6_1_11                                                              1.0525  9.1216  
        Convolotion:core/z.out#2                                                                                                                                     0.0000  9.1216  
        Convolotion:core/slc(slc.sat#1.sva.pdr)#1                                                                                                                    0.0000  9.1216  
        Convolotion:core/slc(slc.sat#1.sva.pdr)#1.itm                                                                                                                0.0000  9.1216  
        Convolotion:core/for:for:for-1:for:else:or                                   mgc_or_8_2                                                                      0.3979  9.5195  
        Convolotion:core/for:for:for:for:else:ac_fixed:cctor#1.sva                                                                                                   0.0000  9.5195  
        Convolotion:core/slc(for:for:for:for:else:ac_fixed:cctor#1.sva)#10                                                                                           0.0000  9.5195  
        Convolotion:core/slc(for:for:for:for:else:ac_fixed:cctor#1.sva)#10.itm                                                                                       0.0000  9.5195  
        Convolotion:core/mux#22                                                      mgc_mux_6_1_2                                                                   0.9467  10.4663 
        Convolotion:core/mux#22.itm                                                                                                                                  0.0000  10.4663 
        Convolotion:core/and#41                                                      mgc_and_6_2                                                                     0.4089  10.8752 
        Convolotion:core/and#41.itm                                                                                                                                  0.0000  10.8752 
        Convolotion:core/reg(Result.sg1.sva.reg)                                     mgc_reg_pos_6_0_0_1_1_0_0                                                       0.0000  10.8752 
                                                                                                                                                                                     
      3                                                                              Convolotion/in:rsc:singleport.data_out Convolotion:core/reg(Result.sg1.sva.reg) 10.8752 9.1248  
                                                                                                                                                                                     
        Instance                                                                     Component                                                                       Delta   Delay   
        --------                                                                     ---------                                                                       -----   -----   
        Convolotion/in:rsc:singleport.data_out                                                                                                                       3.4000  3.4000  
        Convolotion:core/in:rsc:singleport.data_out                                                                                                                  0.0000  3.4000  
        Convolotion:core/for:for:mgc_Altera-Cyclone-II-6_beh_psr.mgc_mul(5,0,8,0,12) mgc_mul_5_0_8_0_12                                                              2.8582  6.2582  
        Convolotion:core/z.out#1                                                                                                                                     0.0000  6.2582  
        Convolotion:core/slc(z.out#1)                                                                                                                                0.0000  6.2582  
        Convolotion:core/slc(z.out#1).itm                                                                                                                            0.0000  6.2582  
        Convolotion:core/mux1h#28                                                    mgc_mux1hot_4_3                                                                 1.4021  7.6603  
        Convolotion:core/mux1h#28.itm                                                                                                                                0.0000  7.6603  
        Convolotion:core/and#2                                                       mgc_and_4_2                                                                     0.4089  8.0692  
        Convolotion:core/and#2.itm                                                                                                                                   0.0000  8.0692  
        Convolotion:core/conc#62                                                                                                                                     0.0000  8.0692  
        Convolotion:core/conc#61.itm                                                                                                                                 0.0000  8.0692  
        Convolotion:core/for:for:mgc_Altera-Cyclone-II-6_beh_psr.mgc_add(9,0,6,1,11) mgc_add_9_0_6_1_11                                                              1.0525  9.1216  
        Convolotion:core/z.out#2                                                                                                                                     0.0000  9.1216  
        Convolotion:core/slc(slc.sat#1.sva.pdr)                                                                                                                      0.0000  9.1216  
        Convolotion:core/slc(slc.sat#1.sva.pdr).itm                                                                                                                  0.0000  9.1216  
        Convolotion:core/for:for:for-1:for:else:exs#1                                                                                                                0.0000  9.1216  
        Convolotion:core/for:for:for-1:for:else:exs#1.itm                                                                                                            0.0000  9.1216  
        Convolotion:core/for:for:for-1:for:else:or                                   mgc_or_8_2                                                                      0.3979  9.5195  
        Convolotion:core/for:for:for:for:else:ac_fixed:cctor#1.sva                                                                                                   0.0000  9.5195  
        Convolotion:core/slc(for:for:for:for:else:ac_fixed:cctor#1.sva)#10                                                                                           0.0000  9.5195  
        Convolotion:core/slc(for:for:for:for:else:ac_fixed:cctor#1.sva)#10.itm                                                                                       0.0000  9.5195  
        Convolotion:core/mux#22                                                      mgc_mux_6_1_2                                                                   0.9467  10.4663 
        Convolotion:core/mux#22.itm                                                                                                                                  0.0000  10.4663 
        Convolotion:core/and#41                                                      mgc_and_6_2                                                                     0.4089  10.8752 
        Convolotion:core/and#41.itm                                                                                                                                  0.0000  10.8752 
        Convolotion:core/reg(Result.sg1.sva.reg)                                     mgc_reg_pos_6_0_0_1_1_0_0                                                       0.0000  10.8752 
                                                                                                                                                                                     
      4                                                                              Convolotion/in:rsc:singleport.data_out Convolotion:core/reg(Result#1.sva.reg)   10.8752 9.1248  
                                                                                                                                                                                     
        Instance                                                                     Component                                                                       Delta   Delay   
        --------                                                                     ---------                                                                       -----   -----   
        Convolotion/in:rsc:singleport.data_out                                                                                                                       3.4000  3.4000  
        Convolotion:core/in:rsc:singleport.data_out                                                                                                                  0.0000  3.4000  
        Convolotion:core/for:for:mgc_Altera-Cyclone-II-6_beh_psr.mgc_mul(5,0,8,0,12) mgc_mul_5_0_8_0_12                                                              2.8582  6.2582  
        Convolotion:core/z.out#1                                                                                                                                     0.0000  6.2582  
        Convolotion:core/slc(z.out#1)                                                                                                                                0.0000  6.2582  
        Convolotion:core/slc(z.out#1).itm                                                                                                                            0.0000  6.2582  
        Convolotion:core/mux1h#28                                                    mgc_mux1hot_4_3                                                                 1.4021  7.6603  
        Convolotion:core/mux1h#28.itm                                                                                                                                0.0000  7.6603  
        Convolotion:core/and#2                                                       mgc_and_4_2                                                                     0.4089  8.0692  
        Convolotion:core/and#2.itm                                                                                                                                   0.0000  8.0692  
        Convolotion:core/conc#62                                                                                                                                     0.0000  8.0692  
        Convolotion:core/conc#61.itm                                                                                                                                 0.0000  8.0692  
        Convolotion:core/for:for:mgc_Altera-Cyclone-II-6_beh_psr.mgc_add(9,0,6,1,11) mgc_add_9_0_6_1_11                                                              1.0525  9.1216  
        Convolotion:core/z.out#2                                                                                                                                     0.0000  9.1216  
        Convolotion:core/slc(slc.sat#1.sva.pdr)#1                                                                                                                    0.0000  9.1216  
        Convolotion:core/slc(slc.sat#1.sva.pdr)#1.itm                                                                                                                0.0000  9.1216  
        Convolotion:core/for:for:for-1:for:else:or                                   mgc_or_8_2                                                                      0.3979  9.5195  
        Convolotion:core/for:for:for:for:else:ac_fixed:cctor#1.sva                                                                                                   0.0000  9.5195  
        Convolotion:core/slc(for:for:for:for:else:ac_fixed:cctor#1.sva)                                                                                              0.0000  9.5195  
        Convolotion:core/slc(for:for:for:for:else:ac_fixed:cctor#1.sva).itm                                                                                          0.0000  9.5195  
        Convolotion:core/mux#21                                                      mgc_mux_1_1_2                                                                   0.9467  10.4663 
        Convolotion:core/mux#21.itm                                                                                                                                  0.0000  10.4663 
        Convolotion:core/and#40                                                      mgc_and_1_2                                                                     0.4089  10.8752 
        Convolotion:core/and#40.itm                                                                                                                                  0.0000  10.8752 
        Convolotion:core/reg(Result#1.sva.reg)                                       mgc_reg_pos_1_0_0_1_1_0_0                                                       0.0000  10.8752 
                                                                                                                                                                                     
      5                                                                              Convolotion/in:rsc:singleport.data_out Convolotion:core/reg(Result#1.sva.reg)   10.8752 9.1248  
                                                                                                                                                                                     
        Instance                                                                     Component                                                                       Delta   Delay   
        --------                                                                     ---------                                                                       -----   -----   
        Convolotion/in:rsc:singleport.data_out                                                                                                                       3.4000  3.4000  
        Convolotion:core/in:rsc:singleport.data_out                                                                                                                  0.0000  3.4000  
        Convolotion:core/for:for:mgc_Altera-Cyclone-II-6_beh_psr.mgc_mul(5,0,8,0,12) mgc_mul_5_0_8_0_12                                                              2.8582  6.2582  
        Convolotion:core/z.out#1                                                                                                                                     0.0000  6.2582  
        Convolotion:core/slc(z.out#1)                                                                                                                                0.0000  6.2582  
        Convolotion:core/slc(z.out#1).itm                                                                                                                            0.0000  6.2582  
        Convolotion:core/mux1h#28                                                    mgc_mux1hot_4_3                                                                 1.4021  7.6603  
        Convolotion:core/mux1h#28.itm                                                                                                                                0.0000  7.6603  
        Convolotion:core/and#2                                                       mgc_and_4_2                                                                     0.4089  8.0692  
        Convolotion:core/and#2.itm                                                                                                                                   0.0000  8.0692  
        Convolotion:core/conc#62                                                                                                                                     0.0000  8.0692  
        Convolotion:core/conc#61.itm                                                                                                                                 0.0000  8.0692  
        Convolotion:core/for:for:mgc_Altera-Cyclone-II-6_beh_psr.mgc_add(9,0,6,1,11) mgc_add_9_0_6_1_11                                                              1.0525  9.1216  
        Convolotion:core/z.out#2                                                                                                                                     0.0000  9.1216  
        Convolotion:core/slc(slc.sat#1.sva.pdr)                                                                                                                      0.0000  9.1216  
        Convolotion:core/slc(slc.sat#1.sva.pdr).itm                                                                                                                  0.0000  9.1216  
        Convolotion:core/for:for:for-1:for:else:exs#1                                                                                                                0.0000  9.1216  
        Convolotion:core/for:for:for-1:for:else:exs#1.itm                                                                                                            0.0000  9.1216  
        Convolotion:core/for:for:for-1:for:else:or                                   mgc_or_8_2                                                                      0.3979  9.5195  
        Convolotion:core/for:for:for:for:else:ac_fixed:cctor#1.sva                                                                                                   0.0000  9.5195  
        Convolotion:core/slc(for:for:for:for:else:ac_fixed:cctor#1.sva)                                                                                              0.0000  9.5195  
        Convolotion:core/slc(for:for:for:for:else:ac_fixed:cctor#1.sva).itm                                                                                          0.0000  9.5195  
        Convolotion:core/mux#21                                                      mgc_mux_1_1_2                                                                   0.9467  10.4663 
        Convolotion:core/mux#21.itm                                                                                                                                  0.0000  10.4663 
        Convolotion:core/and#40                                                      mgc_and_1_2                                                                     0.4089  10.8752 
        Convolotion:core/and#40.itm                                                                                                                                  0.0000  10.8752 
        Convolotion:core/reg(Result#1.sva.reg)                                       mgc_reg_pos_1_0_0_1_1_0_0                                                       0.0000  10.8752 
                                                                                                                                                                                     
      6                                                                              Convolotion/in:rsc:singleport.data_out Convolotion:core/reg(Result#1.sva.reg)   10.8752 9.1248  
                                                                                                                                                                                     
        Instance                                                                     Component                                                                       Delta   Delay   
        --------                                                                     ---------                                                                       -----   -----   
        Convolotion/in:rsc:singleport.data_out                                                                                                                       3.4000  3.4000  
        Convolotion:core/in:rsc:singleport.data_out                                                                                                                  0.0000  3.4000  
        Convolotion:core/for:for:mgc_Altera-Cyclone-II-6_beh_psr.mgc_mul(5,0,8,0,12) mgc_mul_5_0_8_0_12                                                              2.8582  6.2582  
        Convolotion:core/z.out#1                                                                                                                                     0.0000  6.2582  
        Convolotion:core/slc(z.out#1)#1                                                                                                                              0.0000  6.2582  
        Convolotion:core/slc(z.out#1)#1.itm                                                                                                                          0.0000  6.2582  
        Convolotion:core/mux1h#28                                                    mgc_mux1hot_4_3                                                                 1.4021  7.6603  
        Convolotion:core/mux1h#28.itm                                                                                                                                0.0000  7.6603  
        Convolotion:core/and#2                                                       mgc_and_4_2                                                                     0.4089  8.0692  
        Convolotion:core/and#2.itm                                                                                                                                   0.0000  8.0692  
        Convolotion:core/conc#62                                                                                                                                     0.0000  8.0692  
        Convolotion:core/conc#61.itm                                                                                                                                 0.0000  8.0692  
        Convolotion:core/for:for:mgc_Altera-Cyclone-II-6_beh_psr.mgc_add(9,0,6,1,11) mgc_add_9_0_6_1_11                                                              1.0525  9.1216  
        Convolotion:core/z.out#2                                                                                                                                     0.0000  9.1216  
        Convolotion:core/slc(slc.sat#1.sva.pdr)                                                                                                                      0.0000  9.1216  
        Convolotion:core/slc(slc.sat#1.sva.pdr).itm                                                                                                                  0.0000  9.1216  
        Convolotion:core/for:for:for-1:for:else:exs#1                                                                                                                0.0000  9.1216  
        Convolotion:core/for:for:for-1:for:else:exs#1.itm                                                                                                            0.0000  9.1216  
        Convolotion:core/for:for:for-1:for:else:or                                   mgc_or_8_2                                                                      0.3979  9.5195  
        Convolotion:core/for:for:for:for:else:ac_fixed:cctor#1.sva                                                                                                   0.0000  9.5195  
        Convolotion:core/slc(for:for:for:for:else:ac_fixed:cctor#1.sva)                                                                                              0.0000  9.5195  
        Convolotion:core/slc(for:for:for:for:else:ac_fixed:cctor#1.sva).itm                                                                                          0.0000  9.5195  
        Convolotion:core/mux#21                                                      mgc_mux_1_1_2                                                                   0.9467  10.4663 
        Convolotion:core/mux#21.itm                                                                                                                                  0.0000  10.4663 
        Convolotion:core/and#40                                                      mgc_and_1_2                                                                     0.4089  10.8752 
        Convolotion:core/and#40.itm                                                                                                                                  0.0000  10.8752 
        Convolotion:core/reg(Result#1.sva.reg)                                       mgc_reg_pos_1_0_0_1_1_0_0                                                       0.0000  10.8752 
                                                                                                                                                                                     
      7                                                                              Convolotion/in:rsc:singleport.data_out Convolotion/out:rsc:singleport.data_in   10.5663 9.4337  
                                                                                                                                                                                     
        Instance                                                                     Component                                                                       Delta   Delay   
        --------                                                                     ---------                                                                       -----   -----   
        Convolotion/in:rsc:singleport.data_out                                                                                                                       3.4000  3.4000  
        Convolotion:core/in:rsc:singleport.data_out                                                                                                                  0.0000  3.4000  
        Convolotion:core/for:for:mgc_Altera-Cyclone-II-6_beh_psr.mgc_mul(5,0,8,0,12) mgc_mul_5_0_8_0_12                                                              2.8582  6.2582  
        Convolotion:core/z.out#1                                                                                                                                     0.0000  6.2582  
        Convolotion:core/slc(z.out#1)                                                                                                                                0.0000  6.2582  
        Convolotion:core/slc(z.out#1).itm                                                                                                                            0.0000  6.2582  
        Convolotion:core/mux1h#28                                                    mgc_mux1hot_4_3                                                                 1.4021  7.6603  
        Convolotion:core/mux1h#28.itm                                                                                                                                0.0000  7.6603  
        Convolotion:core/and#2                                                       mgc_and_4_2                                                                     0.4089  8.0692  
        Convolotion:core/and#2.itm                                                                                                                                   0.0000  8.0692  
        Convolotion:core/conc#62                                                                                                                                     0.0000  8.0692  
        Convolotion:core/conc#61.itm                                                                                                                                 0.0000  8.0692  
        Convolotion:core/for:for:mgc_Altera-Cyclone-II-6_beh_psr.mgc_add(9,0,6,1,11) mgc_add_9_0_6_1_11                                                              1.0525  9.1216  
        Convolotion:core/z.out#2                                                                                                                                     0.0000  9.1216  
        Convolotion:core/slc(slc.sat#1.sva.pdr)#1                                                                                                                    0.0000  9.1216  
        Convolotion:core/slc(slc.sat#1.sva.pdr)#1.itm                                                                                                                0.0000  9.1216  
        Convolotion:core/for:for:for-1:for:else:or                                   mgc_or_8_2                                                                      0.3979  9.5195  
        Convolotion:core/for:for:for:for:else:ac_fixed:cctor#1.sva                                                                                                   0.0000  9.5195  
        Convolotion:core/slc(for:for:for:for:else:ac_fixed:cctor#1.sva)#5                                                                                            0.0000  9.5195  
        Convolotion:core/slc(for:for:for:for:else:ac_fixed:cctor#1.sva)#5.itm                                                                                        0.0000  9.5195  
        Convolotion:core/mux#2                                                       mgc_mux_1_1_2                                                                   0.9467  10.4663 
        Convolotion:core/mux#2.itm                                                                                                                                   0.0000  10.4663 
        Convolotion:core/conc                                                                                                                                        0.0000  10.4663 
        Convolotion:core/out:rsc:singleport.data_in                                                                                                                  0.0000  10.4663 
        Convolotion/out:rsc:singleport.data_in.reg                                                                                                                   0.0000  10.4663 
        Convolotion/asn(out:rsc:singleport.data_in)                                                                                                                  0.0000  10.4663 
        Convolotion/out:rsc:singleport.data_in                                                                                                                       0.1000  10.5663 
                                                                                                                                                                                     
      8                                                                              Convolotion/in:rsc:singleport.data_out Convolotion/out:rsc:singleport.data_in   10.5663 9.4337  
                                                                                                                                                                                     
        Instance                                                                     Component                                                                       Delta   Delay   
        --------                                                                     ---------                                                                       -----   -----   
        Convolotion/in:rsc:singleport.data_out                                                                                                                       3.4000  3.4000  
        Convolotion:core/in:rsc:singleport.data_out                                                                                                                  0.0000  3.4000  
        Convolotion:core/for:for:mgc_Altera-Cyclone-II-6_beh_psr.mgc_mul(5,0,8,0,12) mgc_mul_5_0_8_0_12                                                              2.8582  6.2582  
        Convolotion:core/z.out#1                                                                                                                                     0.0000  6.2582  
        Convolotion:core/slc(z.out#1)                                                                                                                                0.0000  6.2582  
        Convolotion:core/slc(z.out#1).itm                                                                                                                            0.0000  6.2582  
        Convolotion:core/mux1h#28                                                    mgc_mux1hot_4_3                                                                 1.4021  7.6603  
        Convolotion:core/mux1h#28.itm                                                                                                                                0.0000  7.6603  
        Convolotion:core/and#2                                                       mgc_and_4_2                                                                     0.4089  8.0692  
        Convolotion:core/and#2.itm                                                                                                                                   0.0000  8.0692  
        Convolotion:core/conc#62                                                                                                                                     0.0000  8.0692  
        Convolotion:core/conc#61.itm                                                                                                                                 0.0000  8.0692  
        Convolotion:core/for:for:mgc_Altera-Cyclone-II-6_beh_psr.mgc_add(9,0,6,1,11) mgc_add_9_0_6_1_11                                                              1.0525  9.1216  
        Convolotion:core/z.out#2                                                                                                                                     0.0000  9.1216  
        Convolotion:core/slc(slc.sat#1.sva.pdr)                                                                                                                      0.0000  9.1216  
        Convolotion:core/slc(slc.sat#1.sva.pdr).itm                                                                                                                  0.0000  9.1216  
        Convolotion:core/for:for:for-1:for:else:exs#1                                                                                                                0.0000  9.1216  
        Convolotion:core/for:for:for-1:for:else:exs#1.itm                                                                                                            0.0000  9.1216  
        Convolotion:core/for:for:for-1:for:else:or                                   mgc_or_8_2                                                                      0.3979  9.5195  
        Convolotion:core/for:for:for:for:else:ac_fixed:cctor#1.sva                                                                                                   0.0000  9.5195  
        Convolotion:core/slc(for:for:for:for:else:ac_fixed:cctor#1.sva)#5                                                                                            0.0000  9.5195  
        Convolotion:core/slc(for:for:for:for:else:ac_fixed:cctor#1.sva)#5.itm                                                                                        0.0000  9.5195  
        Convolotion:core/mux#2                                                       mgc_mux_1_1_2                                                                   0.9467  10.4663 
        Convolotion:core/mux#2.itm                                                                                                                                   0.0000  10.4663 
        Convolotion:core/conc                                                                                                                                        0.0000  10.4663 
        Convolotion:core/out:rsc:singleport.data_in                                                                                                                  0.0000  10.4663 
        Convolotion/out:rsc:singleport.data_in.reg                                                                                                                   0.0000  10.4663 
        Convolotion/asn(out:rsc:singleport.data_in)                                                                                                                  0.0000  10.4663 
        Convolotion/out:rsc:singleport.data_in                                                                                                                       0.1000  10.5663 
                                                                                                                                                                                     
      9                                                                              Convolotion/in:rsc:singleport.data_out Convolotion/out:rsc:singleport.data_in   10.5663 9.4337  
                                                                                                                                                                                     
        Instance                                                                     Component                                                                       Delta   Delay   
        --------                                                                     ---------                                                                       -----   -----   
        Convolotion/in:rsc:singleport.data_out                                                                                                                       3.4000  3.4000  
        Convolotion:core/in:rsc:singleport.data_out                                                                                                                  0.0000  3.4000  
        Convolotion:core/for:for:mgc_Altera-Cyclone-II-6_beh_psr.mgc_mul(5,0,8,0,12) mgc_mul_5_0_8_0_12                                                              2.8582  6.2582  
        Convolotion:core/z.out#1                                                                                                                                     0.0000  6.2582  
        Convolotion:core/slc(z.out#1)                                                                                                                                0.0000  6.2582  
        Convolotion:core/slc(z.out#1).itm                                                                                                                            0.0000  6.2582  
        Convolotion:core/mux1h#28                                                    mgc_mux1hot_4_3                                                                 1.4021  7.6603  
        Convolotion:core/mux1h#28.itm                                                                                                                                0.0000  7.6603  
        Convolotion:core/and#2                                                       mgc_and_4_2                                                                     0.4089  8.0692  
        Convolotion:core/and#2.itm                                                                                                                                   0.0000  8.0692  
        Convolotion:core/conc#62                                                                                                                                     0.0000  8.0692  
        Convolotion:core/conc#61.itm                                                                                                                                 0.0000  8.0692  
        Convolotion:core/for:for:mgc_Altera-Cyclone-II-6_beh_psr.mgc_add(9,0,6,1,11) mgc_add_9_0_6_1_11                                                              1.0525  9.1216  
        Convolotion:core/z.out#2                                                                                                                                     0.0000  9.1216  
        Convolotion:core/slc(slc.sat#1.sva.pdr)#1                                                                                                                    0.0000  9.1216  
        Convolotion:core/slc(slc.sat#1.sva.pdr)#1.itm                                                                                                                0.0000  9.1216  
        Convolotion:core/for:for:for-1:for:else:or                                   mgc_or_8_2                                                                      0.3979  9.5195  
        Convolotion:core/for:for:for:for:else:ac_fixed:cctor#1.sva                                                                                                   0.0000  9.5195  
        Convolotion:core/slc(for:for:for:for:else:ac_fixed:cctor#1.sva)#3                                                                                            0.0000  9.5195  
        Convolotion:core/slc(for:for:for:for:else:ac_fixed:cctor#1.sva)#3.itm                                                                                        0.0000  9.5195  
        Convolotion:core/mux                                                         mgc_mux_1_1_2                                                                   0.9467  10.4663 
        Convolotion:core/mux.itm                                                                                                                                     0.0000  10.4663 
        Convolotion:core/conc                                                                                                                                        0.0000  10.4663 
        Convolotion:core/out:rsc:singleport.data_in                                                                                                                  0.0000  10.4663 
        Convolotion/out:rsc:singleport.data_in.reg                                                                                                                   0.0000  10.4663 
        Convolotion/asn(out:rsc:singleport.data_in)                                                                                                                  0.0000  10.4663 
        Convolotion/out:rsc:singleport.data_in                                                                                                                       0.1000  10.5663 
                                                                                                                                                                                     
      10                                                                             Convolotion/in:rsc:singleport.data_out Convolotion/out:rsc:singleport.data_in   10.5663 9.4337  
                                                                                                                                                                                     
        Instance                                                                     Component                                                                       Delta   Delay   
        --------                                                                     ---------                                                                       -----   -----   
        Convolotion/in:rsc:singleport.data_out                                                                                                                       3.4000  3.4000  
        Convolotion:core/in:rsc:singleport.data_out                                                                                                                  0.0000  3.4000  
        Convolotion:core/for:for:mgc_Altera-Cyclone-II-6_beh_psr.mgc_mul(5,0,8,0,12) mgc_mul_5_0_8_0_12                                                              2.8582  6.2582  
        Convolotion:core/z.out#1                                                                                                                                     0.0000  6.2582  
        Convolotion:core/slc(z.out#1)                                                                                                                                0.0000  6.2582  
        Convolotion:core/slc(z.out#1).itm                                                                                                                            0.0000  6.2582  
        Convolotion:core/mux1h#28                                                    mgc_mux1hot_4_3                                                                 1.4021  7.6603  
        Convolotion:core/mux1h#28.itm                                                                                                                                0.0000  7.6603  
        Convolotion:core/and#2                                                       mgc_and_4_2                                                                     0.4089  8.0692  
        Convolotion:core/and#2.itm                                                                                                                                   0.0000  8.0692  
        Convolotion:core/conc#62                                                                                                                                     0.0000  8.0692  
        Convolotion:core/conc#61.itm                                                                                                                                 0.0000  8.0692  
        Convolotion:core/for:for:mgc_Altera-Cyclone-II-6_beh_psr.mgc_add(9,0,6,1,11) mgc_add_9_0_6_1_11                                                              1.0525  9.1216  
        Convolotion:core/z.out#2                                                                                                                                     0.0000  9.1216  
        Convolotion:core/slc(slc.sat#1.sva.pdr)#1                                                                                                                    0.0000  9.1216  
        Convolotion:core/slc(slc.sat#1.sva.pdr)#1.itm                                                                                                                0.0000  9.1216  
        Convolotion:core/for:for:for-1:for:else:or                                   mgc_or_8_2                                                                      0.3979  9.5195  
        Convolotion:core/for:for:for:for:else:ac_fixed:cctor#1.sva                                                                                                   0.0000  9.5195  
        Convolotion:core/slc(for:for:for:for:else:ac_fixed:cctor#1.sva)#6                                                                                            0.0000  9.5195  
        Convolotion:core/slc(for:for:for:for:else:ac_fixed:cctor#1.sva)#6.itm                                                                                        0.0000  9.5195  
        Convolotion:core/mux#1                                                       mgc_mux_6_1_2                                                                   0.9467  10.4663 
        Convolotion:core/mux#1.itm                                                                                                                                   0.0000  10.4663 
        Convolotion:core/conc                                                                                                                                        0.0000  10.4663 
        Convolotion:core/out:rsc:singleport.data_in                                                                                                                  0.0000  10.4663 
        Convolotion/out:rsc:singleport.data_in.reg                                                                                                                   0.0000  10.4663 
        Convolotion/asn(out:rsc:singleport.data_in)                                                                                                                  0.0000  10.4663 
        Convolotion/out:rsc:singleport.data_in                                                                                                                       0.1000  10.5663 
                                                                                                                                                                                     
      
    Register Input and Register-to-Output Slack
      Clock period or pin-to-reg delay constraint (clk): 20.0
      Clock uncertainty constraint (clk)               : 0.0
      
      Instance                                            Port                              Slack (Delay) Messages 
      --------------------------------------------------- ------------------------------- ------- ------- --------
      Convolotion:core/reg(Result#1.sva.reg)              and#40.itm                       9.1248 10.8752          
      Convolotion:core/reg(Result.sg1.sva.reg)            and#41.itm                       9.1248 10.8752          
      Convolotion:core/reg(Result.sg2.sva.reg)            and#42.itm                       9.1248 10.8752          
      Convolotion:core/reg(Dcolumn#1.sva#2)               and.itm                         17.5392  2.4608          
      Convolotion:core/reg(Drow#1.sva#2)                  and#43.itm                      15.7838  4.2162          
      Convolotion:core/reg(reg#1)                         and#44.itm                      17.4397  2.5603          
      Convolotion:core/reg(for:for.reg)                   for:for:for-1:for:slc#1.itm     17.9893  2.0107          
      Convolotion:core/reg(for:for:for:for.reg)           mux#24.itm                      14.5906  5.4094          
      Convolotion:core/reg(for:for:for:for:else.reg)      z.out                           14.4624  5.5376          
      Convolotion:core/reg(for:for:for:for:else:or#1.itm) for:for:for:for:else:or#1.itm#2 15.8898  4.1102          
      Convolotion:core/reg(for:for:for:for:else:or.itm)   for:for:for:for:else:or.itm#2   16.0660  3.9340          
      Convolotion                                         in:rsc:singleport.data_in       19.8000  0.2000          
      Convolotion                                         in:rsc:singleport.addr           9.7316 10.2684          
      Convolotion                                         in:rsc:singleport.re            14.7523  5.2477          
      Convolotion                                         in:rsc:singleport.we            19.8000  0.2000          
      Convolotion                                         out:rsc:singleport.data_in       9.3337 10.6663          
      Convolotion                                         out:rsc:singleport.addr         19.8000  0.2000          
      Convolotion                                         out:rsc:singleport.re           19.8000  0.2000          
      Convolotion                                         out:rsc:singleport.we           19.4021  0.5979          
      
  Operator Bitwidth Summary
    Operation Size (bits) Count 
    --------- ----------- -----
    add                         
    -                  11     3 
    -                   4     1 
    -                   3     2 
    -                   2     2 
    and                         
    -                   3     1 
    -                   2    21 
    mul                         
    -                  12     1 
    mux                         
    -                   3     1 
    -                   1    19 
    mux1h                       
    -                   3     2 
    nand                        
    -                   2     1 
    nor                         
    -                   5     1 
    -                   3     1 
    -                   2    11 
    not                         
    -                   2     1 
    -                   1    16 
    or                          
    -                   3     4 
    -                   2    12 
    reg                         
    -                   9     2 
    -                   6     1 
    -                   2     2 
    -                   1     6 
    
  End of Report
