-- Catapult System Level Synthesis: Report                                              
-- -------------------------------- ---------------------------------------------------
-- Version:                         2011a.41 Production Release                         
-- Build Date:                      Thu Apr  7 20:28:55 PDT 2011                        
                                                                                        
-- Generated by:                    ss@DESKTOP-UB05SU4                                  
-- Generated date:                  Tue Apr 09 16:40:14 +0430 2019                      

Solution Settings: Adding.v8
  Current state: extract
  Project: Catapult
  
  Design Input Files Specified
    $PROJECT_HOME/ESL.c
      $MGC_HOME/shared/include/ac_int.h
  
  Processes/Blocks in Design
    Process       Real Operation(s) count Latency Throughput Reset Length II Comments 
    ------------- ----------------------- ------- ---------- ------------ -- --------
    /Adding/core                       35     132        132            0  2          
    Design Total:                      35     132        132            0  2          
    
  Bill Of Materials (Datapath)
    Component Name                         Area Score Area(DSP_block_9-bit_elems) Area(LUTs) Delay Post Alloc Post Assign 
    -------------------------------------- ---------- --------------------------- ---------- ----- ---------- -----------
    [Lib: mgc_Altera-Cyclone-II-6_beh_psr]                                                                                
    mgc_add(10,0,9,0,11)                       11.279                       0.000     11.279 1.535          1           1 
    mgc_add(3,0,2,1,3)                          4.000                       0.000      4.000 1.071          1           1 
    mgc_add(3,0,3,0,3)                          4.343                       0.000      4.343 1.039          1           1 
    mgc_add(4,0,2,1,4)                          5.000                       0.000      5.000 1.161          1           1 
    mgc_add(5,0,4,0,5)                          6.328                       0.000      6.328 1.194          1           1 
    mgc_add(64,0,9,0,64)                       64.973                       0.000     64.973 5.465          1           1 
    mgc_add(8,0,7,0,9)                          9.298                       0.000      9.298 1.396          0           1 
    mgc_add(8,0,8,0,9)                          9.294                       0.000      9.294 1.387          1           1 
    mgc_add(9,0,8,0,10)                        10.289                       0.000     10.289 1.465          1           0 
    mgc_and(1,2)                                0.730                       0.000      0.730 0.409          0           6 
    mgc_and(3,2)                                2.189                       0.000      2.189 0.409          2           2 
    mgc_and(4,2)                                2.919                       0.000      2.919 0.409          1           1 
    mgc_mul(16,0,64,0,64)                    1330.285                       8.000     10.285 8.245          1           1 
    mgc_mux(1,1,2)                              0.919                       0.000      0.919 0.947          1           1 
    mgc_mux(16,1,2)                            14.711                       0.000     14.711 0.947          0           1 
    mgc_mux(3,1,2)                              2.758                       0.000      2.758 0.947          1           1 
    mgc_mux(4,1,2)                              3.678                       0.000      3.678 0.947          1           0 
    mgc_mux(64,1,2)                            58.843                       0.000     58.843 0.947          1           1 
    mgc_mux(8,1,2)                              7.355                       0.000      7.355 0.947          5          10 
    mgc_mux1hot(4,3)                            8.758                       0.000      8.758 1.402          0           1 
    mgc_mux1hot(64,3)                         140.136                       0.000    140.136 1.402          0           2 
    mgc_nand(1,2)                               0.730                       0.000      0.730 0.398          0           2 
    mgc_nor(1,2)                                0.730                       0.000      0.730 0.409          0           3 
    mgc_not(1)                                  0.000                       0.000      0.000 0.000          0           8 
    mgc_or(1,2)                                 0.730                       0.000      0.730 0.398          0           1 
    mgc_or(3,2)                                 2.189                       0.000      2.189 0.398          0           1 
    mgc_reg_pos(1,0,0,1,1,0,0)                  0.000                       0.000      0.000 0.000          0           2 
    mgc_reg_pos(16,0,0,1,1,0,0)                 0.000                       0.000      0.000 0.000          0           1 
    mgc_reg_pos(3,0,0,1,1,0,0)                  0.000                       0.000      0.000 0.000          0           1 
    mgc_reg_pos(4,0,0,1,1,0,0)                  0.000                       0.000      0.000 0.000          0           1 
    mgc_reg_pos(64,0,0,1,1,0,0)                 0.000                       0.000      0.000 0.000          0           2 
    mgc_reg_pos(8,0,0,1,1,0,0)                  0.000                       0.000      0.000 0.000          0           5 
    [Lib: mgc_ioport]                                                                                                     
    mgc_in_wire(1,8)                            0.000                       0.000      0.000 0.000          1           1 
    mgc_in_wire(2,8)                            0.000                       0.000      0.000 0.000          1           1 
    mgc_in_wire(3,8)                            0.000                       0.000      0.000 0.000          1           1 
    mgc_in_wire(4,8)                            0.000                       0.000      0.000 0.000          1           1 
    mgc_in_wire(5,8)                            0.000                       0.000      0.000 0.000          1           1 
    mgc_out_stdreg(6,64)                        0.000                       0.000      0.000 0.000          1           1 
                                                                                                                          
    TOTAL AREA (After Assignment):           1902.862                       8.000    583.000                              
    
  Area Scores
                      Post-Scheduling   Post-DP & FSM Post-Assignment 
    ----------------- --------------- --------------- ---------------
    Total Area Score:   1556.1          3247.0          1902.9        
    Total Reg:             0.0             0.0             0.0        
                                                                      
    DataPath:           1556.1 (100%)   3247.0 (100%)   1902.9 (100%) 
      MUX:               103.0   (7%)    453.6  (14%)    439.8  (23%) 
      FUNC:             1445.8  (93%)   2775.1  (85%)   1444.8  (76%) 
      LOGIC:               7.3   (0%)     18.2   (1%)     18.2   (1%) 
      BUFFER:              0.0             0.0             0.0        
      MEM:                 0.0             0.0             0.0        
      ROM:                 0.0             0.0             0.0        
      REG:                 0.0             0.0             0.0        
                                                                      
    
    FSM:                   0.0             0.0             0.0        
      FSM-REG:             0.0             0.0             0.0        
      FSM-COMB:            0.0             0.0             0.0        
                                                                      
    
  Register-to-Variable Mappings
    Register                  Size(bits) Gated Register CG Opt Done Variables                                             
    ------------------------- ---------- -------------- ----------- -----------------------------------------------------
    Temp2.reg                         64                            Temp2.lpi.dfm#1                                       
                                                                    Temp2.sva#1                                           
    Temp:rsc:mgc_out_stdreg.d         64                            Temp:rsc:mgc_out_stdreg.d                             
    out:mul#1.itm                     16                            out:mul#1.itm                                         
    A#1.lpi.dfm                        8                            A#1.lpi.dfm                                           
    B#1.lpi.dfm                        8                            B#1.lpi.dfm                                           
    C#1.lpi.dfm                        8                            C#1.lpi.dfm                                           
    D#1.lpi.dfm                        8                            D#1.lpi.dfm                                           
    E#1.lpi.dfm                        8                            E#1.lpi.dfm                                           
    out:i#1.lpi                        4                            out:i#1.lpi                                           
    in:i#1.lpi                         3                            in:i#1.lpi                                            
    exit:in.sva                        1                            exit:in.sva                                           
    exit:out#1.lpi                     1                            exit:out#1.lpi                                        
                                                                                                                          
    Total:                           193              0           0 (Total Gating Ratio: 0.00, CG Opt Gating Ratio: 0.00) 
    
  Timing Report
    Critical Path
      Max Delay:  11.540615
      Slack:      8.459385
      
      Path                                                                    Startpoint                      Endpoint                                   Delay   Slack   
      ----------------------------------------------------------------------- ------------------------------- ------------------------------------------ ------- -------
      1                                                                       Adding:core/E:rsc:mgc_in_wire.d Adding:core/reg(Temp:rsc:mgc_out_stdreg.d) 11.5406 8.4594  
                                                                                                                                                                         
        Instance                                                              Component                                                                  Delta   Delay   
        --------                                                              ---------                                                                  -----   -----   
        Adding:core/E:rsc:mgc_in_wire.d                                                                                                                  0.0000  0.0000  
        Adding:core/mux                                                       mgc_mux_8_1_2                                                              0.9467  0.9467  
        Adding:core/E#1.lpi.dfm:mx0                                                                                                                      0.0000  0.9467  
        Adding:core/conc#3                                                                                                                               0.0000  0.9467  
        Adding:core/conc#3.itm                                                                                                                           0.0000  0.9467  
        Adding:core/mux#16                                                    mgc_mux_16_1_2                                                             0.9467  1.8935  
        Adding:core/mux#16.itm                                                                                                                           0.0000  1.8935  
        Adding:core/out:mgc_Altera-Cyclone-II-6_beh_psr.mgc_mul(16,0,64,0,64) mgc_mul_16_0_64_0_64                                                       8.2450  10.1385 
        Adding:core/z.out                                                                                                                                0.0000  10.1385 
        Adding:core/mux1h#4                                                   mgc_mux1hot_64_3                                                           1.4021  11.5406 
        Adding:core/mux1h#4.itm                                                                                                                          0.0000  11.5406 
        Adding:core/reg(Temp:rsc:mgc_out_stdreg.d)                            mgc_reg_pos_64_0_0_1_1_0_0                                                 0.0000  11.5406 
                                                                                                                                                                         
      2                                                                       Adding:core/E:rsc:mgc_in_wire.d Adding:core/reg(Temp2.reg)                 11.5406 8.4594  
                                                                                                                                                                         
        Instance                                                              Component                                                                  Delta   Delay   
        --------                                                              ---------                                                                  -----   -----   
        Adding:core/E:rsc:mgc_in_wire.d                                                                                                                  0.0000  0.0000  
        Adding:core/mux                                                       mgc_mux_8_1_2                                                              0.9467  0.9467  
        Adding:core/E#1.lpi.dfm:mx0                                                                                                                      0.0000  0.9467  
        Adding:core/conc#3                                                                                                                               0.0000  0.9467  
        Adding:core/conc#3.itm                                                                                                                           0.0000  0.9467  
        Adding:core/mux#16                                                    mgc_mux_16_1_2                                                             0.9467  1.8935  
        Adding:core/mux#16.itm                                                                                                                           0.0000  1.8935  
        Adding:core/out:mgc_Altera-Cyclone-II-6_beh_psr.mgc_mul(16,0,64,0,64) mgc_mul_16_0_64_0_64                                                       8.2450  10.1385 
        Adding:core/z.out                                                                                                                                0.0000  10.1385 
        Adding:core/mux1h#2                                                   mgc_mux1hot_64_3                                                           1.4021  11.5406 
        Adding:core/mux1h#2.itm                                                                                                                          0.0000  11.5406 
        Adding:core/reg(Temp2.reg)                                            mgc_reg_pos_64_0_0_1_1_0_0                                                 0.0000  11.5406 
                                                                                                                                                                         
      3                                                                       Adding:core/reg(exit:out#1.lpi) Adding:core/reg(Temp2.reg)                 11.5406 8.4594  
                                                                                                                                                                         
        Instance                                                              Component                                                                  Delta   Delay   
        --------                                                              ---------                                                                  -----   -----   
        Adding:core/reg(exit:out#1.lpi)                                       mgc_reg_pos_1_0_0_1_1_0_0                                                  0.0000  0.0000  
        Adding:core/exit:out#1.lpi                                                                                                                       0.0000  0.0000  
        Adding:core/mux                                                       mgc_mux_8_1_2                                                              0.9467  0.9467  
        Adding:core/E#1.lpi.dfm:mx0                                                                                                                      0.0000  0.9467  
        Adding:core/conc#3                                                                                                                               0.0000  0.9467  
        Adding:core/conc#3.itm                                                                                                                           0.0000  0.9467  
        Adding:core/mux#16                                                    mgc_mux_16_1_2                                                             0.9467  1.8935  
        Adding:core/mux#16.itm                                                                                                                           0.0000  1.8935  
        Adding:core/out:mgc_Altera-Cyclone-II-6_beh_psr.mgc_mul(16,0,64,0,64) mgc_mul_16_0_64_0_64                                                       8.2450  10.1385 
        Adding:core/z.out                                                                                                                                0.0000  10.1385 
        Adding:core/mux1h#2                                                   mgc_mux1hot_64_3                                                           1.4021  11.5406 
        Adding:core/mux1h#2.itm                                                                                                                          0.0000  11.5406 
        Adding:core/reg(Temp2.reg)                                            mgc_reg_pos_64_0_0_1_1_0_0                                                 0.0000  11.5406 
                                                                                                                                                                         
      4                                                                       Adding:core/reg(E#1.lpi.dfm)    Adding:core/reg(Temp2.reg)                 11.5406 8.4594  
                                                                                                                                                                         
        Instance                                                              Component                                                                  Delta   Delay   
        --------                                                              ---------                                                                  -----   -----   
        Adding:core/reg(E#1.lpi.dfm)                                          mgc_reg_pos_8_0_0_1_1_0_0                                                  0.0000  0.0000  
        Adding:core/E#1.lpi.dfm                                                                                                                          0.0000  0.0000  
        Adding:core/mux                                                       mgc_mux_8_1_2                                                              0.9467  0.9467  
        Adding:core/E#1.lpi.dfm:mx0                                                                                                                      0.0000  0.9467  
        Adding:core/conc#3                                                                                                                               0.0000  0.9467  
        Adding:core/conc#3.itm                                                                                                                           0.0000  0.9467  
        Adding:core/mux#16                                                    mgc_mux_16_1_2                                                             0.9467  1.8935  
        Adding:core/mux#16.itm                                                                                                                           0.0000  1.8935  
        Adding:core/out:mgc_Altera-Cyclone-II-6_beh_psr.mgc_mul(16,0,64,0,64) mgc_mul_16_0_64_0_64                                                       8.2450  10.1385 
        Adding:core/z.out                                                                                                                                0.0000  10.1385 
        Adding:core/mux1h#2                                                   mgc_mux1hot_64_3                                                           1.4021  11.5406 
        Adding:core/mux1h#2.itm                                                                                                                          0.0000  11.5406 
        Adding:core/reg(Temp2.reg)                                            mgc_reg_pos_64_0_0_1_1_0_0                                                 0.0000  11.5406 
                                                                                                                                                                         
      5                                                                       Adding:core/E:rsc:mgc_in_wire.d Adding:core/reg(Temp2.reg)                 11.5406 8.4594  
                                                                                                                                                                         
        Instance                                                              Component                                                                  Delta   Delay   
        --------                                                              ---------                                                                  -----   -----   
        Adding:core/E:rsc:mgc_in_wire.d                                                                                                                  0.0000  0.0000  
        Adding:core/mux                                                       mgc_mux_8_1_2                                                              0.9467  0.9467  
        Adding:core/E#1.lpi.dfm:mx0                                                                                                                      0.0000  0.9467  
        Adding:core/conc#4                                                                                                                               0.0000  0.9467  
        Adding:core/conc#4.itm                                                                                                                           0.0000  0.9467  
        Adding:core/mux#15                                                    mgc_mux_64_1_2                                                             0.9467  1.8935  
        Adding:core/mux#15.itm                                                                                                                           0.0000  1.8935  
        Adding:core/out:mgc_Altera-Cyclone-II-6_beh_psr.mgc_mul(16,0,64,0,64) mgc_mul_16_0_64_0_64                                                       8.2450  10.1385 
        Adding:core/z.out                                                                                                                                0.0000  10.1385 
        Adding:core/mux1h#2                                                   mgc_mux1hot_64_3                                                           1.4021  11.5406 
        Adding:core/mux1h#2.itm                                                                                                                          0.0000  11.5406 
        Adding:core/reg(Temp2.reg)                                            mgc_reg_pos_64_0_0_1_1_0_0                                                 0.0000  11.5406 
                                                                                                                                                                         
      6                                                                       Adding:core/reg(E#1.lpi.dfm)    Adding:core/reg(Temp2.reg)                 11.5406 8.4594  
                                                                                                                                                                         
        Instance                                                              Component                                                                  Delta   Delay   
        --------                                                              ---------                                                                  -----   -----   
        Adding:core/reg(E#1.lpi.dfm)                                          mgc_reg_pos_8_0_0_1_1_0_0                                                  0.0000  0.0000  
        Adding:core/E#1.lpi.dfm                                                                                                                          0.0000  0.0000  
        Adding:core/mux                                                       mgc_mux_8_1_2                                                              0.9467  0.9467  
        Adding:core/E#1.lpi.dfm:mx0                                                                                                                      0.0000  0.9467  
        Adding:core/conc#4                                                                                                                               0.0000  0.9467  
        Adding:core/conc#4.itm                                                                                                                           0.0000  0.9467  
        Adding:core/mux#15                                                    mgc_mux_64_1_2                                                             0.9467  1.8935  
        Adding:core/mux#15.itm                                                                                                                           0.0000  1.8935  
        Adding:core/out:mgc_Altera-Cyclone-II-6_beh_psr.mgc_mul(16,0,64,0,64) mgc_mul_16_0_64_0_64                                                       8.2450  10.1385 
        Adding:core/z.out                                                                                                                                0.0000  10.1385 
        Adding:core/mux1h#2                                                   mgc_mux1hot_64_3                                                           1.4021  11.5406 
        Adding:core/mux1h#2.itm                                                                                                                          0.0000  11.5406 
        Adding:core/reg(Temp2.reg)                                            mgc_reg_pos_64_0_0_1_1_0_0                                                 0.0000  11.5406 
                                                                                                                                                                         
      7                                                                       Adding:core/reg(exit:out#1.lpi) Adding:core/reg(Temp2.reg)                 11.5406 8.4594  
                                                                                                                                                                         
        Instance                                                              Component                                                                  Delta   Delay   
        --------                                                              ---------                                                                  -----   -----   
        Adding:core/reg(exit:out#1.lpi)                                       mgc_reg_pos_1_0_0_1_1_0_0                                                  0.0000  0.0000  
        Adding:core/exit:out#1.lpi                                                                                                                       0.0000  0.0000  
        Adding:core/mux                                                       mgc_mux_8_1_2                                                              0.9467  0.9467  
        Adding:core/E#1.lpi.dfm:mx0                                                                                                                      0.0000  0.9467  
        Adding:core/conc#4                                                                                                                               0.0000  0.9467  
        Adding:core/conc#4.itm                                                                                                                           0.0000  0.9467  
        Adding:core/mux#15                                                    mgc_mux_64_1_2                                                             0.9467  1.8935  
        Adding:core/mux#15.itm                                                                                                                           0.0000  1.8935  
        Adding:core/out:mgc_Altera-Cyclone-II-6_beh_psr.mgc_mul(16,0,64,0,64) mgc_mul_16_0_64_0_64                                                       8.2450  10.1385 
        Adding:core/z.out                                                                                                                                0.0000  10.1385 
        Adding:core/mux1h#2                                                   mgc_mux1hot_64_3                                                           1.4021  11.5406 
        Adding:core/mux1h#2.itm                                                                                                                          0.0000  11.5406 
        Adding:core/reg(Temp2.reg)                                            mgc_reg_pos_64_0_0_1_1_0_0                                                 0.0000  11.5406 
                                                                                                                                                                         
      8                                                                       Adding:core/A:rsc:mgc_in_wire.d Adding:core/reg(Temp2.reg)                 10.7445 9.2555  
                                                                                                                                                                         
        Instance                                                              Component                                                                  Delta   Delay   
        --------                                                              ---------                                                                  -----   -----   
        Adding:core/A:rsc:mgc_in_wire.d                                                                                                                  0.0000  0.0000  
        Adding:core/mux#8                                                     mgc_mux_8_1_2                                                              0.9467  0.9467  
        Adding:core/mux#8.itm                                                                                                                            0.0000  0.9467  
        Adding:core/in:acc#11                                                 mgc_add_8_0_7_0_9                                                          1.3964  2.3432  
        Adding:core/in:acc#11.itm                                                                                                                        0.0000  2.3432  
        Adding:core/in:conc#1                                                                                                                            0.0000  2.3432  
        Adding:core/in:conc#1.itm                                                                                                                        0.0000  2.3432  
        Adding:core/in:acc#8                                                  mgc_add_10_0_9_0_11                                                        1.5345  3.8777  
        Adding:core/in:acc#8.itm                                                                                                                         0.0000  3.8777  
        Adding:core/in:slc#1                                                                                                                             0.0000  3.8777  
        Adding:core/in:slc#1.itm                                                                                                                         0.0000  3.8777  
        Adding:core/in:acc#5                                                  mgc_add_64_0_9_0_64                                                        5.4647  9.3424  
        Adding:core/in:acc#5.itm                                                                                                                         0.0000  9.3424  
        Adding:core/mux1h#2                                                   mgc_mux1hot_64_3                                                           1.4021  10.7445 
        Adding:core/mux1h#2.itm                                                                                                                          0.0000  10.7445 
        Adding:core/reg(Temp2.reg)                                            mgc_reg_pos_64_0_0_1_1_0_0                                                 0.0000  10.7445 
                                                                                                                                                                         
      9                                                                       Adding:core/B:rsc:mgc_in_wire.d Adding:core/reg(Temp2.reg)                 10.7445 9.2555  
                                                                                                                                                                         
        Instance                                                              Component                                                                  Delta   Delay   
        --------                                                              ---------                                                                  -----   -----   
        Adding:core/B:rsc:mgc_in_wire.d                                                                                                                  0.0000  0.0000  
        Adding:core/mux#6                                                     mgc_mux_8_1_2                                                              0.9467  0.9467  
        Adding:core/B#1.lpi.dfm:mx0                                                                                                                      0.0000  0.9467  
        Adding:core/slc(B#1.lpi.dfm:mx0)                                                                                                                 0.0000  0.9467  
        Adding:core/slc(B#1.lpi.dfm:mx0).itm                                                                                                             0.0000  0.9467  
        Adding:core/in:acc#11                                                 mgc_add_8_0_7_0_9                                                          1.3964  2.3432  
        Adding:core/in:acc#11.itm                                                                                                                        0.0000  2.3432  
        Adding:core/in:conc#1                                                                                                                            0.0000  2.3432  
        Adding:core/in:conc#1.itm                                                                                                                        0.0000  2.3432  
        Adding:core/in:acc#8                                                  mgc_add_10_0_9_0_11                                                        1.5345  3.8777  
        Adding:core/in:acc#8.itm                                                                                                                         0.0000  3.8777  
        Adding:core/in:slc#1                                                                                                                             0.0000  3.8777  
        Adding:core/in:slc#1.itm                                                                                                                         0.0000  3.8777  
        Adding:core/in:acc#5                                                  mgc_add_64_0_9_0_64                                                        5.4647  9.3424  
        Adding:core/in:acc#5.itm                                                                                                                         0.0000  9.3424  
        Adding:core/mux1h#2                                                   mgc_mux1hot_64_3                                                           1.4021  10.7445 
        Adding:core/mux1h#2.itm                                                                                                                          0.0000  10.7445 
        Adding:core/reg(Temp2.reg)                                            mgc_reg_pos_64_0_0_1_1_0_0                                                 0.0000  10.7445 
                                                                                                                                                                         
      10                                                                      Adding:core/reg(exit:out#1.lpi) Adding:core/reg(Temp2.reg)                 10.7445 9.2555  
                                                                                                                                                                         
        Instance                                                              Component                                                                  Delta   Delay   
        --------                                                              ---------                                                                  -----   -----   
        Adding:core/reg(exit:out#1.lpi)                                       mgc_reg_pos_1_0_0_1_1_0_0                                                  0.0000  0.0000  
        Adding:core/exit:out#1.lpi                                                                                                                       0.0000  0.0000  
        Adding:core/mux#6                                                     mgc_mux_8_1_2                                                              0.9467  0.9467  
        Adding:core/B#1.lpi.dfm:mx0                                                                                                                      0.0000  0.9467  
        Adding:core/slc(B#1.lpi.dfm:mx0)                                                                                                                 0.0000  0.9467  
        Adding:core/slc(B#1.lpi.dfm:mx0).itm                                                                                                             0.0000  0.9467  
        Adding:core/in:acc#11                                                 mgc_add_8_0_7_0_9                                                          1.3964  2.3432  
        Adding:core/in:acc#11.itm                                                                                                                        0.0000  2.3432  
        Adding:core/in:conc#1                                                                                                                            0.0000  2.3432  
        Adding:core/in:conc#1.itm                                                                                                                        0.0000  2.3432  
        Adding:core/in:acc#8                                                  mgc_add_10_0_9_0_11                                                        1.5345  3.8777  
        Adding:core/in:acc#8.itm                                                                                                                         0.0000  3.8777  
        Adding:core/in:slc#1                                                                                                                             0.0000  3.8777  
        Adding:core/in:slc#1.itm                                                                                                                         0.0000  3.8777  
        Adding:core/in:acc#5                                                  mgc_add_64_0_9_0_64                                                        5.4647  9.3424  
        Adding:core/in:acc#5.itm                                                                                                                         0.0000  9.3424  
        Adding:core/mux1h#2                                                   mgc_mux1hot_64_3                                                           1.4021  10.7445 
        Adding:core/mux1h#2.itm                                                                                                                          0.0000  10.7445 
        Adding:core/reg(Temp2.reg)                                            mgc_reg_pos_64_0_0_1_1_0_0                                                 0.0000  10.7445 
                                                                                                                                                                         
      
    Register Input and Register-to-Output Slack
      Clock period or pin-to-reg delay constraint (clk): 20.0
      Clock uncertainty constraint (clk)               : 0.0
      
      Instance                                   Port                           Slack (Delay) Messages 
      ------------------------------------------ ---------------------------- ------- ------- --------
      Adding:core/reg(E#1.lpi.dfm)               mux#1.itm                    18.6444  1.3556          
      Adding:core/reg(D#1.lpi.dfm)               mux#3.itm                    18.6444  1.3556          
      Adding:core/reg(C#1.lpi.dfm)               mux#5.itm                    18.6444  1.3556          
      Adding:core/reg(B#1.lpi.dfm)               mux#7.itm                    18.6444  1.3556          
      Adding:core/reg(A#1.lpi.dfm)               mux#9.itm                    18.6444  1.3556          
      Adding:core/reg(out:mul#1.itm)             slc(out:mul#1.itm#1.pdr).itm  9.8615 10.1385          
      Adding:core/reg(exit:out#1.lpi)            mux#11.itm                   15.8800  4.1200          
      Adding:core/reg(Temp:rsc:mgc_out_stdreg.d) mux1h#4.itm                   8.4594 11.5406          
      Adding:core/reg(exit:in.sva)               in:not#1.itm                 17.4813  2.5187          
      Adding:core/reg(in:i#1.lpi)                and#13.itm                   14.9100  5.0900          
      Adding:core/reg(Temp2.reg)                 mux1h#2.itm                   8.4594 11.5406          
      Adding:core/reg(out:i#1.lpi)               mux1h#3.itm                  15.6703  4.3297          
      Adding                                     Temp:rsc.z                   20.0000  0.0000          
      
  Operator Bitwidth Summary
    Operation  Size (bits) Count 
    ---------- ----------- -----
    add                          
    -                   64     1 
    -                   11     1 
    -                    9     2 
    -                    5     1 
    -                    4     1 
    -                    3     2 
    and                          
    -                    2     9 
    mul                          
    -                   64     1 
    mux                          
    -                    1    14 
    mux1h                        
    -                    3     3 
    nand                         
    -                    2     2 
    nor                          
    -                    2     3 
    not                          
    -                    1     8 
    or                           
    -                    2     2 
    read_port                    
    -                    8     5 
    reg                          
    -                   64     2 
    -                   16     1 
    -                    8     5 
    -                    4     1 
    -                    3     1 
    -                    1     2 
    write_port                   
    -                   64     1 
    
  End of Report
