-- Catapult System Level Synthesis: Report                                              
-- -------------------------------- ---------------------------------------------------
-- Version:                         2011a.41 Production Release                         
-- Build Date:                      Thu Apr  7 20:28:55 PDT 2011                        
                                                                                        
-- Generated by:                    ss@DESKTOP-UB05SU4                                  
-- Generated date:                  Sat Apr 20 18:20:05 +0430 2019                      

Solution Settings: Convolotion.v4
  Current state: extract
  Project: Catapult
  
  Design Input Files Specified
    $PROJECT_HOME/ESL_CA2.c
      $MGC_HOME/shared/include/ac_int.h
      $MGC_HOME/shared/include/ac_fixed.h
  
  Processes/Blocks in Design
    Process           Real Operation(s) count Latency Throughput Reset Length II Comments 
    ----------------- ----------------------- ------- ---------- ------------ -- --------
    /Convolotion/core                      88 4718590    4718592            0  2          
    Design Total:                          88 4718590    4718592            0  2          
    
  Bill Of Materials (Datapath)
    Component Name                         Area Score Area(DSP_block_9-bit_elems) Area(LUTs) Delay Post Alloc Post Assign 
    -------------------------------------- ---------- --------------------------- ---------- ----- ---------- -----------
    [Lib: mgc_Altera-Cyclone-II-6_beh_psr]                                                                                
    mgc_add(2,0,1,0,2)                          3.357                       0.000      3.357 1.026          0           2 
    mgc_add(2,0,1,1,3)                          3.000                       0.000      3.000 0.809          2           2 
    mgc_add(2,0,2,0,2)                          3.353                       0.000      3.353 0.971          3           3 
    mgc_add(2,0,2,0,3)                          3.353                       0.000      3.353 0.971          1           2 
    mgc_add(3,0,3,0,4)                          4.343                       0.000      4.343 1.039          3           0 
    mgc_add(8,0,5,0,9)                          9.307                       0.000      9.307 1.422          1           1 
    mgc_add(9,0,3,1,11)                        10.000                       0.000     10.000 1.105          5           5 
    mgc_and(1,2)                                0.730                       0.000      0.730 0.409          0          26 
    mgc_and(1,3)                                1.054                       0.000      1.054 0.648          0           3 
    mgc_and(1,4)                                1.379                       0.000      1.379 0.818          0           1 
    mgc_and(10,2)                               7.298                       0.000      7.298 0.409          3           0 
    mgc_and(2,2)                                1.460                       0.000      1.460 0.409          7           4 
    mgc_and(6,2)                                4.379                       0.000      4.379 0.409          3           1 
    mgc_and(6,4)                                8.275                       0.000      8.275 0.818          0           1 
    mgc_and(9,2)                                6.568                       0.000      6.568 0.409          0           2 
    mgc_mul(5,0,8,0,12)                       340.285                       2.000     10.285 2.858          1           1 
    mgc_mux(1,1,2)                              0.919                       0.000      0.919 0.947         12          17 
    mgc_mux(1,4,16)                            10.065                       0.000     10.065 2.684          1           1 
    mgc_mux(10,1,2)                             9.194                       0.000      9.194 0.947          3           0 
    mgc_mux(2,1,2)                              1.839                       0.000      1.839 0.947          6           5 
    mgc_mux(2,4,16)                            20.129                       0.000     20.129 2.684          1           1 
    mgc_mux(6,1,2)                              5.517                       0.000      5.517 0.947          3           2 
    mgc_mux(9,1,2)                              8.275                       0.000      8.275 0.947          0           2 
    mgc_mux1hot(1,3)                            2.190                       0.000      2.190 1.402          0           2 
    mgc_mux1hot(1,4)                            2.829                       0.000      2.829 1.515          0           1 
    mgc_mux1hot(9,3)                           19.707                       0.000     19.707 1.402          0           2 
    mgc_nand(1,2)                               0.730                       0.000      0.730 0.398          0           3 
    mgc_nand(2,2)                               1.460                       0.000      1.460 0.398          0           2 
    mgc_nand(6,2)                               4.379                       0.000      4.379 0.398          0           2 
    mgc_nor(1,2)                                0.730                       0.000      0.730 0.409          0           3 
    mgc_nor(2,2)                                1.460                       0.000      1.460 0.409          0           3 
    mgc_nor(2,3)                                2.109                       0.000      2.109 0.648          0           2 
    mgc_nor(9,2)                                6.568                       0.000      6.568 0.409          0           2 
    mgc_not(1)                                  0.000                       0.000      0.000 0.000          0          33 
    mgc_not(2)                                  0.000                       0.000      0.000 0.000          0           1 
    mgc_or(1,2)                                 0.730                       0.000      0.730 0.398          0           6 
    mgc_or(1,4)                                 1.379                       0.000      1.379 0.796          0           1 
    mgc_or(6,2)                                 4.379                       0.000      4.379 0.398          0           1 
    mgc_or(8,2)                                 5.839                       0.000      5.839 0.398          1           1 
    mgc_reg_pos(1,0,0,1,1,0,0)                  0.000                       0.000      0.000 0.000          0          16 
    mgc_reg_pos(2,0,0,1,1,0,0)                  0.000                       0.000      0.000 0.000          0           3 
    mgc_reg_pos(6,0,0,1,1,0,0)                  0.000                       0.000      0.000 0.000          0           1 
    mgc_reg_pos(9,0,0,1,1,0,0)                  0.000                       0.000      0.000 0.000          0           6 
    [Lib: ram_Altera-Cyclone-II-6_RAMSB]                                                                                  
    singleport(1,262144,8,18,0,1,0,0,0,1,1      0.000                       0.000      0.000 0.010          1           0 
    singleport(2,262144,8,18,0,1,0,0,0,1,1      0.000                       0.000      0.000 0.010          1           0 
                                                                                                                          
    TOTAL AREA (After Assignment):            667.205                       2.000    337.000                              
    
  Area Scores
                      Post-Scheduling  Post-DP & FSM Post-Assignment 
    ----------------- --------------- -------------- ---------------
    Total Area Score:    579.5          739.4           667.2        
    Total Reg:             0.0            0.0             0.0        
                                                                     
    DataPath:            579.5 (100%)   739.4 (100%)    667.2 (100%) 
      MUX:                96.4  (17%)   209.6  (28%)    129.2  (19%) 
      FUNC:              432.0  (75%)   431.0  (58%)    429.1  (64%) 
      LOGIC:              51.1   (9%)    98.7  (13%)    108.9  (16%) 
      BUFFER:              0.0            0.0             0.0        
      MEM:                 0.0            0.0             0.0        
      ROM:                 0.0            0.0             0.0        
      REG:                 0.0            0.0             0.0        
                                                                     
    
    FSM:                   0.0            0.0             0.0        
      FSM-REG:             0.0            0.0             0.0        
      FSM-COMB:            0.0            0.0             0.0        
                                                                     
    
  Register-to-Variable Mappings
    Register                              Size(bits) Gated Register CG Opt Done Variables                                             
    ------------------------------------- ---------- -------------- ----------- -----------------------------------------------------
    Dcolumn#1.lpi#2                                9                            Dcolumn#1.lpi#2                                       
    Dcolumn:slc(Dcolumn)#1.reg                     9                            Dcolumn:slc(Dcolumn)#1.itm                            
                                                                                Dcolumn:slc(Dcolumn)#1.itm#1                          
    Drow#1.lpi#2                                   9                            Drow#1.lpi#2                                          
    Drow:slc(Drow)#1.reg                           9                            Drow:slc(Drow)#1.itm                                  
                                                                                Drow:slc(Drow)#1.itm#1                                
    for:for:for:for:else:acc.itm                   9                            for:for:for:for:else:acc.itm                          
    for:for:for:for:else:slc(conv1)#2.itm          9                            for:for:for:for:else:slc(conv1)#2.itm                 
    Result.sg1.lpi.reg                             6                            Result.sg1.lpi.dfm                                    
                                                                                Result.sg1.lpi.dfm#6                                  
    Kcolumn#1.lpi                                  2                            Kcolumn#1.lpi                                         
    Krow#1.lpi                                     2                            Krow#1.lpi                                            
    for:for:for:for:else:mux.reg                   2                            for:for:for:for:else:mux.itm                          
                                                                                for:for:for:for:else:mux.itm#1                        
    Dcolumn:slc(Dcolumn)#8.itm#1                   1                            Dcolumn:slc(Dcolumn)#8.itm#1                          
    Drow:slc(Drow)#7.reg                           1                            Drow:slc(Drow)#7.itm                                  
                                                                                Drow:slc(Drow)#7.itm#1                                
    Drow:slc(Drow)#8.itm#1                         1                            Drow:slc(Drow)#8.itm#1                                
    Result#1.lpi.reg                               1                            Result#1.lpi.dfm                                      
                                                                                Result#1.lpi.dfm#6                                    
    Result.sg2.lpi.reg                             1                            Result.sg2.lpi.dfm                                    
                                                                                Result.sg2.lpi.dfm#6                                  
    exit:for#1.lpi                                 1                            exit:for#1.lpi                                        
    exit:for.lpi.dfm#2                             1                            exit:for.lpi.dfm#2                                    
    exit:for:for#1.sva.reg                         1                            exit:for:for#1.sva                                    
                                                                                exit:for:for#1.sva.st#1                               
    exit:for:for.lpi                               1                            exit:for:for.lpi                                      
    exit:for:for:for#1.sva.reg                     1                            exit:for:for:for#1.sva                                
                                                                                exit:for:for:for#1.sva.st#1                           
    exit:for:for:for.lpi                           1                            exit:for:for:for.lpi                                  
    for:for:for:for:else:mux#1.reg                 1                            for:for:for:for:else:mux#1.itm                        
                                                                                for:for:for:for:else:mux#1.itm#1                      
    for:for:for:for:lor.lpi.reg                    1                            for:for:for:for:lor.lpi.dfm                           
                                                                                for:for:for:for:lor.lpi.dfm#1                         
    main.stage_0#2                                 1                            main.stage_0#2                                        
    reg(Dcolumn#1.sva#1).tmp                       1                            reg(Dcolumn#1.sva#1).tmp                              
    reg(Drow#1.sva#1).tmp                          1                            reg(Drow#1.sva#1).tmp                                 
                                                                                                                                      
    Total:                                        82              0           0 (Total Gating Ratio: 0.00, CG Opt Gating Ratio: 0.00) 
    
  Timing Report
    Critical Path
      Max Delay:  13.330473000000001
      Slack:      6.669526999999999
      
      Path                                                                            Startpoint                             Endpoint                                 Delay   Slack   
      ------------------------------------------------------------------------------- -------------------------------------- ---------------------------------------- ------- -------
      1                                                                               Convolotion/in:rsc:singleport.data_out Convolotion:core/reg(Result.sg2.lpi.reg) 13.3305 6.6695  
                                                                                                                                                                                      
        Instance                                                                      Component                                                                       Delta   Delay   
        --------                                                                      ---------                                                                       -----   -----   
        Convolotion/in:rsc:singleport.data_out                                                                                                                        3.4000  3.4000  
        Convolotion:core/in:rsc:singleport.data_out                                                                                                                   0.0000  3.4000  
        Convolotion:core/for:for:for:for:else:mul#1                                   mgc_mul_5_0_8_0_12                                                              2.8582  6.2582  
        Convolotion:core/for:for:for:for:else:mul#1.itm                                                                                                               0.0000  6.2582  
        Convolotion:core/for:for:for:for:else:slc(for:for:for:for:else:mul#1.sdt)                                                                                     0.0000  6.2582  
        Convolotion:core/for:for:for:for:else:slc(for:for:for:for:else:mul#1.sdt).itm                                                                                 0.0000  6.2582  
        Convolotion:core/for:for:for:for:else:acc#4                                   mgc_add_8_0_5_0_9                                                               1.4216  7.6797  
        Convolotion:core/slc.sat.sva                                                                                                                                  0.0000  7.6797  
        Convolotion:core/slc(slc.sat.sva)                                                                                                                             0.0000  7.6797  
        Convolotion:core/slc(slc.sat.sva).itm                                                                                                                         0.0000  7.6797  
        Convolotion:core/or#39                                                        mgc_or_8_2                                                                      0.3979  8.0776  
        Convolotion:core/for:for:for:for:else:ac_fixed:cctor.sva                                                                                                      0.0000  8.0776  
        Convolotion:core/slc(for:for:for:for:else:ac_fixed:cctor.sva)#2                                                                                               0.0000  8.0776  
        Convolotion:core/slc(for:for:for:for:else:ac_fixed:cctor.sva)#2.itm                                                                                           0.0000  8.0776  
        Convolotion:core/mux#1                                                        mgc_mux_1_1_2                                                                   0.9467  9.0244  
        Convolotion:core/Result.sg2.lpi.dfm#1:mx0                                                                                                                     0.0000  9.0244  
        Convolotion:core/for:for:for:for:and#31                                       mgc_and_1_2                                                                     0.4089  9.4333  
        Convolotion:core/for:for:for:for:and#31.itm                                                                                                                   0.0000  9.4333  
        Convolotion:core/mux#13                                                       mgc_mux_1_1_2                                                                   0.9467  10.3800 
        Convolotion:core/Result.sg2.lpi.dfm#3:mx0                                                                                                                     0.0000  10.3800 
        Convolotion:core/for:for:for:for:and#29                                       mgc_and_1_2                                                                     0.4089  10.7889 
        Convolotion:core/for:for:for:for:and#29.itm                                                                                                                   0.0000  10.7889 
        Convolotion:core/mux#30                                                       mgc_mux_1_1_2                                                                   0.9467  11.7357 
        Convolotion:core/mux#30.itm                                                                                                                                   0.0000  11.7357 
        Convolotion:core/for:for:for:for:and                                          mgc_and_1_3                                                                     0.6481  12.3837 
        Convolotion:core/for:for:for:for:and.itm                                                                                                                      0.0000  12.3837 
        Convolotion:core/mux#27                                                       mgc_mux_1_1_2                                                                   0.9467  13.3305 
        Convolotion:core/mux#27.itm                                                                                                                                   0.0000  13.3305 
        Convolotion:core/reg(Result.sg2.lpi.reg)                                      mgc_reg_pos_1_0_0_1_1_0_0                                                       0.0000  13.3305 
                                                                                                                                                                                      
      2                                                                               Convolotion/in:rsc:singleport.data_out Convolotion:core/reg(Result#1.lpi.reg)   13.3305 6.6695  
                                                                                                                                                                                      
        Instance                                                                      Component                                                                       Delta   Delay   
        --------                                                                      ---------                                                                       -----   -----   
        Convolotion/in:rsc:singleport.data_out                                                                                                                        3.4000  3.4000  
        Convolotion:core/in:rsc:singleport.data_out                                                                                                                   0.0000  3.4000  
        Convolotion:core/for:for:for:for:else:mul#1                                   mgc_mul_5_0_8_0_12                                                              2.8582  6.2582  
        Convolotion:core/for:for:for:for:else:mul#1.itm                                                                                                               0.0000  6.2582  
        Convolotion:core/for:for:for:for:else:slc(for:for:for:for:else:mul#1.sdt)                                                                                     0.0000  6.2582  
        Convolotion:core/for:for:for:for:else:slc(for:for:for:for:else:mul#1.sdt).itm                                                                                 0.0000  6.2582  
        Convolotion:core/for:for:for:for:else:acc#4                                   mgc_add_8_0_5_0_9                                                               1.4216  7.6797  
        Convolotion:core/slc.sat.sva                                                                                                                                  0.0000  7.6797  
        Convolotion:core/slc(slc.sat.sva)                                                                                                                             0.0000  7.6797  
        Convolotion:core/slc(slc.sat.sva).itm                                                                                                                         0.0000  7.6797  
        Convolotion:core/or#39                                                        mgc_or_8_2                                                                      0.3979  8.0776  
        Convolotion:core/for:for:for:for:else:ac_fixed:cctor.sva                                                                                                      0.0000  8.0776  
        Convolotion:core/slc(for:for:for:for:else:ac_fixed:cctor.sva)                                                                                                 0.0000  8.0776  
        Convolotion:core/slc(for:for:for:for:else:ac_fixed:cctor.sva).itm                                                                                             0.0000  8.0776  
        Convolotion:core/mux#3                                                        mgc_mux_1_1_2                                                                   0.9467  9.0244  
        Convolotion:core/Result#1.lpi.dfm#1:mx0                                                                                                                       0.0000  9.0244  
        Convolotion:core/for:for:for:for:and#30                                       mgc_and_1_2                                                                     0.4089  9.4333  
        Convolotion:core/for:for:for:for:and#30.itm                                                                                                                   0.0000  9.4333  
        Convolotion:core/mux#12                                                       mgc_mux_1_1_2                                                                   0.9467  10.3800 
        Convolotion:core/Result#1.lpi.dfm#3:mx0                                                                                                                       0.0000  10.3800 
        Convolotion:core/for:for:for:for:and#28                                       mgc_and_1_2                                                                     0.4089  10.7889 
        Convolotion:core/for:for:for:for:and#28.itm                                                                                                                   0.0000  10.7889 
        Convolotion:core/mux                                                          mgc_mux_1_1_2                                                                   0.9467  11.7357 
        Convolotion:core/mux.itm                                                                                                                                      0.0000  11.7357 
        Convolotion:core/for:for:for:for:and#2                                        mgc_and_1_3                                                                     0.6481  12.3837 
        Convolotion:core/for:for:for:for:and#2.itm                                                                                                                    0.0000  12.3837 
        Convolotion:core/mux#25                                                       mgc_mux_1_1_2                                                                   0.9467  13.3305 
        Convolotion:core/mux#25.itm                                                                                                                                   0.0000  13.3305 
        Convolotion:core/reg(Result#1.lpi.reg)                                        mgc_reg_pos_1_0_0_1_1_0_0                                                       0.0000  13.3305 
                                                                                                                                                                                      
      3                                                                               Convolotion/in:rsc:singleport.data_out Convolotion:core/reg(Result#1.lpi.reg)   13.3305 6.6695  
                                                                                                                                                                                      
        Instance                                                                      Component                                                                       Delta   Delay   
        --------                                                                      ---------                                                                       -----   -----   
        Convolotion/in:rsc:singleport.data_out                                                                                                                        3.4000  3.4000  
        Convolotion:core/in:rsc:singleport.data_out                                                                                                                   0.0000  3.4000  
        Convolotion:core/for:for:for:for:else:mul#1                                   mgc_mul_5_0_8_0_12                                                              2.8582  6.2582  
        Convolotion:core/for:for:for:for:else:mul#1.itm                                                                                                               0.0000  6.2582  
        Convolotion:core/for:for:for:for:else:slc(for:for:for:for:else:mul#1.sdt)                                                                                     0.0000  6.2582  
        Convolotion:core/for:for:for:for:else:slc(for:for:for:for:else:mul#1.sdt).itm                                                                                 0.0000  6.2582  
        Convolotion:core/for:for:for:for:else:acc#4                                   mgc_add_8_0_5_0_9                                                               1.4216  7.6797  
        Convolotion:core/slc.sat.sva                                                                                                                                  0.0000  7.6797  
        Convolotion:core/slc(slc.sat.sva)#3                                                                                                                           0.0000  7.6797  
        Convolotion:core/slc(slc.sat.sva)#3.itm                                                                                                                       0.0000  7.6797  
        Convolotion:core/exs#30                                                                                                                                       0.0000  7.6797  
        Convolotion:core/exs#30.itm                                                                                                                                   0.0000  7.6797  
        Convolotion:core/or#39                                                        mgc_or_8_2                                                                      0.3979  8.0776  
        Convolotion:core/for:for:for:for:else:ac_fixed:cctor.sva                                                                                                      0.0000  8.0776  
        Convolotion:core/slc(for:for:for:for:else:ac_fixed:cctor.sva)                                                                                                 0.0000  8.0776  
        Convolotion:core/slc(for:for:for:for:else:ac_fixed:cctor.sva).itm                                                                                             0.0000  8.0776  
        Convolotion:core/mux#3                                                        mgc_mux_1_1_2                                                                   0.9467  9.0244  
        Convolotion:core/Result#1.lpi.dfm#1:mx0                                                                                                                       0.0000  9.0244  
        Convolotion:core/for:for:for:for:and#30                                       mgc_and_1_2                                                                     0.4089  9.4333  
        Convolotion:core/for:for:for:for:and#30.itm                                                                                                                   0.0000  9.4333  
        Convolotion:core/mux#12                                                       mgc_mux_1_1_2                                                                   0.9467  10.3800 
        Convolotion:core/Result#1.lpi.dfm#3:mx0                                                                                                                       0.0000  10.3800 
        Convolotion:core/for:for:for:for:and#28                                       mgc_and_1_2                                                                     0.4089  10.7889 
        Convolotion:core/for:for:for:for:and#28.itm                                                                                                                   0.0000  10.7889 
        Convolotion:core/mux                                                          mgc_mux_1_1_2                                                                   0.9467  11.7357 
        Convolotion:core/mux.itm                                                                                                                                      0.0000  11.7357 
        Convolotion:core/for:for:for:for:and#2                                        mgc_and_1_3                                                                     0.6481  12.3837 
        Convolotion:core/for:for:for:for:and#2.itm                                                                                                                    0.0000  12.3837 
        Convolotion:core/mux#25                                                       mgc_mux_1_1_2                                                                   0.9467  13.3305 
        Convolotion:core/mux#25.itm                                                                                                                                   0.0000  13.3305 
        Convolotion:core/reg(Result#1.lpi.reg)                                        mgc_reg_pos_1_0_0_1_1_0_0                                                       0.0000  13.3305 
                                                                                                                                                                                      
      4                                                                               Convolotion/in:rsc:singleport.data_out Convolotion:core/reg(Result.sg2.lpi.reg) 12.9216 7.0784  
                                                                                                                                                                                      
        Instance                                                                      Component                                                                       Delta   Delay   
        --------                                                                      ---------                                                                       -----   -----   
        Convolotion/in:rsc:singleport.data_out                                                                                                                        3.4000  3.4000  
        Convolotion:core/in:rsc:singleport.data_out                                                                                                                   0.0000  3.4000  
        Convolotion:core/for:for:for:for:else:mul#1                                   mgc_mul_5_0_8_0_12                                                              2.8582  6.2582  
        Convolotion:core/for:for:for:for:else:mul#1.itm                                                                                                               0.0000  6.2582  
        Convolotion:core/for:for:for:for:else:slc(for:for:for:for:else:mul#1.sdt)                                                                                     0.0000  6.2582  
        Convolotion:core/for:for:for:for:else:slc(for:for:for:for:else:mul#1.sdt).itm                                                                                 0.0000  6.2582  
        Convolotion:core/for:for:for:for:else:acc#4                                   mgc_add_8_0_5_0_9                                                               1.4216  7.6797  
        Convolotion:core/slc.sat.sva                                                                                                                                  0.0000  7.6797  
        Convolotion:core/slc(slc.sat.sva)                                                                                                                             0.0000  7.6797  
        Convolotion:core/slc(slc.sat.sva).itm                                                                                                                         0.0000  7.6797  
        Convolotion:core/or#39                                                        mgc_or_8_2                                                                      0.3979  8.0776  
        Convolotion:core/for:for:for:for:else:ac_fixed:cctor.sva                                                                                                      0.0000  8.0776  
        Convolotion:core/slc(for:for:for:for:else:ac_fixed:cctor.sva)#2                                                                                               0.0000  8.0776  
        Convolotion:core/slc(for:for:for:for:else:ac_fixed:cctor.sva)#2.itm                                                                                           0.0000  8.0776  
        Convolotion:core/mux#1                                                        mgc_mux_1_1_2                                                                   0.9467  9.0244  
        Convolotion:core/Result.sg2.lpi.dfm#1:mx0                                                                                                                     0.0000  9.0244  
        Convolotion:core/for:for:for:for:and#31                                       mgc_and_1_2                                                                     0.4089  9.4333  
        Convolotion:core/for:for:for:for:and#31.itm                                                                                                                   0.0000  9.4333  
        Convolotion:core/mux#13                                                       mgc_mux_1_1_2                                                                   0.9467  10.3800 
        Convolotion:core/Result.sg2.lpi.dfm#3:mx0                                                                                                                     0.0000  10.3800 
        Convolotion:core/mux#30                                                       mgc_mux_1_1_2                                                                   0.9467  11.3268 
        Convolotion:core/mux#30.itm                                                                                                                                   0.0000  11.3268 
        Convolotion:core/for:for:for:for:and                                          mgc_and_1_3                                                                     0.6481  11.9748 
        Convolotion:core/for:for:for:for:and.itm                                                                                                                      0.0000  11.9748 
        Convolotion:core/mux#27                                                       mgc_mux_1_1_2                                                                   0.9467  12.9216 
        Convolotion:core/mux#27.itm                                                                                                                                   0.0000  12.9216 
        Convolotion:core/reg(Result.sg2.lpi.reg)                                      mgc_reg_pos_1_0_0_1_1_0_0                                                       0.0000  12.9216 
                                                                                                                                                                                      
      5                                                                               Convolotion/in:rsc:singleport.data_out Convolotion:core/reg(Result#1.lpi.reg)   12.9216 7.0784  
                                                                                                                                                                                      
        Instance                                                                      Component                                                                       Delta   Delay   
        --------                                                                      ---------                                                                       -----   -----   
        Convolotion/in:rsc:singleport.data_out                                                                                                                        3.4000  3.4000  
        Convolotion:core/in:rsc:singleport.data_out                                                                                                                   0.0000  3.4000  
        Convolotion:core/for:for:for:for:else:mul#1                                   mgc_mul_5_0_8_0_12                                                              2.8582  6.2582  
        Convolotion:core/for:for:for:for:else:mul#1.itm                                                                                                               0.0000  6.2582  
        Convolotion:core/for:for:for:for:else:slc(for:for:for:for:else:mul#1.sdt)                                                                                     0.0000  6.2582  
        Convolotion:core/for:for:for:for:else:slc(for:for:for:for:else:mul#1.sdt).itm                                                                                 0.0000  6.2582  
        Convolotion:core/for:for:for:for:else:acc#4                                   mgc_add_8_0_5_0_9                                                               1.4216  7.6797  
        Convolotion:core/slc.sat.sva                                                                                                                                  0.0000  7.6797  
        Convolotion:core/slc(slc.sat.sva)                                                                                                                             0.0000  7.6797  
        Convolotion:core/slc(slc.sat.sva).itm                                                                                                                         0.0000  7.6797  
        Convolotion:core/or#39                                                        mgc_or_8_2                                                                      0.3979  8.0776  
        Convolotion:core/for:for:for:for:else:ac_fixed:cctor.sva                                                                                                      0.0000  8.0776  
        Convolotion:core/slc(for:for:for:for:else:ac_fixed:cctor.sva)                                                                                                 0.0000  8.0776  
        Convolotion:core/slc(for:for:for:for:else:ac_fixed:cctor.sva).itm                                                                                             0.0000  8.0776  
        Convolotion:core/mux#3                                                        mgc_mux_1_1_2                                                                   0.9467  9.0244  
        Convolotion:core/Result#1.lpi.dfm#1:mx0                                                                                                                       0.0000  9.0244  
        Convolotion:core/for:for:for:for:and#30                                       mgc_and_1_2                                                                     0.4089  9.4333  
        Convolotion:core/for:for:for:for:and#30.itm                                                                                                                   0.0000  9.4333  
        Convolotion:core/mux#12                                                       mgc_mux_1_1_2                                                                   0.9467  10.3800 
        Convolotion:core/Result#1.lpi.dfm#3:mx0                                                                                                                       0.0000  10.3800 
        Convolotion:core/mux                                                          mgc_mux_1_1_2                                                                   0.9467  11.3268 
        Convolotion:core/mux.itm                                                                                                                                      0.0000  11.3268 
        Convolotion:core/for:for:for:for:and#2                                        mgc_and_1_3                                                                     0.6481  11.9748 
        Convolotion:core/for:for:for:for:and#2.itm                                                                                                                    0.0000  11.9748 
        Convolotion:core/mux#25                                                       mgc_mux_1_1_2                                                                   0.9467  12.9216 
        Convolotion:core/mux#25.itm                                                                                                                                   0.0000  12.9216 
        Convolotion:core/reg(Result#1.lpi.reg)                                        mgc_reg_pos_1_0_0_1_1_0_0                                                       0.0000  12.9216 
                                                                                                                                                                                      
      6                                                                               Convolotion/in:rsc:singleport.data_out Convolotion:core/reg(Result#1.lpi.reg)   12.9216 7.0784  
                                                                                                                                                                                      
        Instance                                                                      Component                                                                       Delta   Delay   
        --------                                                                      ---------                                                                       -----   -----   
        Convolotion/in:rsc:singleport.data_out                                                                                                                        3.4000  3.4000  
        Convolotion:core/in:rsc:singleport.data_out                                                                                                                   0.0000  3.4000  
        Convolotion:core/for:for:for:for:else:mul#1                                   mgc_mul_5_0_8_0_12                                                              2.8582  6.2582  
        Convolotion:core/for:for:for:for:else:mul#1.itm                                                                                                               0.0000  6.2582  
        Convolotion:core/for:for:for:for:else:slc(for:for:for:for:else:mul#1.sdt)                                                                                     0.0000  6.2582  
        Convolotion:core/for:for:for:for:else:slc(for:for:for:for:else:mul#1.sdt).itm                                                                                 0.0000  6.2582  
        Convolotion:core/for:for:for:for:else:acc#4                                   mgc_add_8_0_5_0_9                                                               1.4216  7.6797  
        Convolotion:core/slc.sat.sva                                                                                                                                  0.0000  7.6797  
        Convolotion:core/slc(slc.sat.sva)#3                                                                                                                           0.0000  7.6797  
        Convolotion:core/slc(slc.sat.sva)#3.itm                                                                                                                       0.0000  7.6797  
        Convolotion:core/exs#30                                                                                                                                       0.0000  7.6797  
        Convolotion:core/exs#30.itm                                                                                                                                   0.0000  7.6797  
        Convolotion:core/or#39                                                        mgc_or_8_2                                                                      0.3979  8.0776  
        Convolotion:core/for:for:for:for:else:ac_fixed:cctor.sva                                                                                                      0.0000  8.0776  
        Convolotion:core/slc(for:for:for:for:else:ac_fixed:cctor.sva)                                                                                                 0.0000  8.0776  
        Convolotion:core/slc(for:for:for:for:else:ac_fixed:cctor.sva).itm                                                                                             0.0000  8.0776  
        Convolotion:core/mux#3                                                        mgc_mux_1_1_2                                                                   0.9467  9.0244  
        Convolotion:core/Result#1.lpi.dfm#1:mx0                                                                                                                       0.0000  9.0244  
        Convolotion:core/for:for:for:for:and#30                                       mgc_and_1_2                                                                     0.4089  9.4333  
        Convolotion:core/for:for:for:for:and#30.itm                                                                                                                   0.0000  9.4333  
        Convolotion:core/mux#12                                                       mgc_mux_1_1_2                                                                   0.9467  10.3800 
        Convolotion:core/Result#1.lpi.dfm#3:mx0                                                                                                                       0.0000  10.3800 
        Convolotion:core/mux                                                          mgc_mux_1_1_2                                                                   0.9467  11.3268 
        Convolotion:core/mux.itm                                                                                                                                      0.0000  11.3268 
        Convolotion:core/for:for:for:for:and#2                                        mgc_and_1_3                                                                     0.6481  11.9748 
        Convolotion:core/for:for:for:for:and#2.itm                                                                                                                    0.0000  11.9748 
        Convolotion:core/mux#25                                                       mgc_mux_1_1_2                                                                   0.9467  12.9216 
        Convolotion:core/mux#25.itm                                                                                                                                   0.0000  12.9216 
        Convolotion:core/reg(Result#1.lpi.reg)                                        mgc_reg_pos_1_0_0_1_1_0_0                                                       0.0000  12.9216 
                                                                                                                                                                                      
      7                                                                               Convolotion/in:rsc:singleport.data_out Convolotion:core/reg(Result.sg2.lpi.reg) 12.5127 7.4873  
                                                                                                                                                                                      
        Instance                                                                      Component                                                                       Delta   Delay   
        --------                                                                      ---------                                                                       -----   -----   
        Convolotion/in:rsc:singleport.data_out                                                                                                                        3.4000  3.4000  
        Convolotion:core/in:rsc:singleport.data_out                                                                                                                   0.0000  3.4000  
        Convolotion:core/for:for:for:for:else:mul#1                                   mgc_mul_5_0_8_0_12                                                              2.8582  6.2582  
        Convolotion:core/for:for:for:for:else:mul#1.itm                                                                                                               0.0000  6.2582  
        Convolotion:core/for:for:for:for:else:slc(for:for:for:for:else:mul#1.sdt)                                                                                     0.0000  6.2582  
        Convolotion:core/for:for:for:for:else:slc(for:for:for:for:else:mul#1.sdt).itm                                                                                 0.0000  6.2582  
        Convolotion:core/for:for:for:for:else:acc#4                                   mgc_add_8_0_5_0_9                                                               1.4216  7.6797  
        Convolotion:core/slc.sat.sva                                                                                                                                  0.0000  7.6797  
        Convolotion:core/slc(slc.sat.sva)                                                                                                                             0.0000  7.6797  
        Convolotion:core/slc(slc.sat.sva).itm                                                                                                                         0.0000  7.6797  
        Convolotion:core/or#39                                                        mgc_or_8_2                                                                      0.3979  8.0776  
        Convolotion:core/for:for:for:for:else:ac_fixed:cctor.sva                                                                                                      0.0000  8.0776  
        Convolotion:core/slc(for:for:for:for:else:ac_fixed:cctor.sva)#2                                                                                               0.0000  8.0776  
        Convolotion:core/slc(for:for:for:for:else:ac_fixed:cctor.sva)#2.itm                                                                                           0.0000  8.0776  
        Convolotion:core/mux#1                                                        mgc_mux_1_1_2                                                                   0.9467  9.0244  
        Convolotion:core/Result.sg2.lpi.dfm#1:mx0                                                                                                                     0.0000  9.0244  
        Convolotion:core/mux#13                                                       mgc_mux_1_1_2                                                                   0.9467  9.9711  
        Convolotion:core/Result.sg2.lpi.dfm#3:mx0                                                                                                                     0.0000  9.9711  
        Convolotion:core/mux#30                                                       mgc_mux_1_1_2                                                                   0.9467  10.9179 
        Convolotion:core/mux#30.itm                                                                                                                                   0.0000  10.9179 
        Convolotion:core/for:for:for:for:and                                          mgc_and_1_3                                                                     0.6481  11.5660 
        Convolotion:core/for:for:for:for:and.itm                                                                                                                      0.0000  11.5660 
        Convolotion:core/mux#27                                                       mgc_mux_1_1_2                                                                   0.9467  12.5127 
        Convolotion:core/mux#27.itm                                                                                                                                   0.0000  12.5127 
        Convolotion:core/reg(Result.sg2.lpi.reg)                                      mgc_reg_pos_1_0_0_1_1_0_0                                                       0.0000  12.5127 
                                                                                                                                                                                      
      8                                                                               Convolotion/in:rsc:singleport.data_out Convolotion:core/reg(Result#1.lpi.reg)   12.5127 7.4873  
                                                                                                                                                                                      
        Instance                                                                      Component                                                                       Delta   Delay   
        --------                                                                      ---------                                                                       -----   -----   
        Convolotion/in:rsc:singleport.data_out                                                                                                                        3.4000  3.4000  
        Convolotion:core/in:rsc:singleport.data_out                                                                                                                   0.0000  3.4000  
        Convolotion:core/for:for:for:for:else:mul#1                                   mgc_mul_5_0_8_0_12                                                              2.8582  6.2582  
        Convolotion:core/for:for:for:for:else:mul#1.itm                                                                                                               0.0000  6.2582  
        Convolotion:core/for:for:for:for:else:slc(for:for:for:for:else:mul#1.sdt)                                                                                     0.0000  6.2582  
        Convolotion:core/for:for:for:for:else:slc(for:for:for:for:else:mul#1.sdt).itm                                                                                 0.0000  6.2582  
        Convolotion:core/for:for:for:for:else:acc#4                                   mgc_add_8_0_5_0_9                                                               1.4216  7.6797  
        Convolotion:core/slc.sat.sva                                                                                                                                  0.0000  7.6797  
        Convolotion:core/slc(slc.sat.sva)                                                                                                                             0.0000  7.6797  
        Convolotion:core/slc(slc.sat.sva).itm                                                                                                                         0.0000  7.6797  
        Convolotion:core/or#39                                                        mgc_or_8_2                                                                      0.3979  8.0776  
        Convolotion:core/for:for:for:for:else:ac_fixed:cctor.sva                                                                                                      0.0000  8.0776  
        Convolotion:core/slc(for:for:for:for:else:ac_fixed:cctor.sva)                                                                                                 0.0000  8.0776  
        Convolotion:core/slc(for:for:for:for:else:ac_fixed:cctor.sva).itm                                                                                             0.0000  8.0776  
        Convolotion:core/mux#3                                                        mgc_mux_1_1_2                                                                   0.9467  9.0244  
        Convolotion:core/Result#1.lpi.dfm#1:mx0                                                                                                                       0.0000  9.0244  
        Convolotion:core/mux#12                                                       mgc_mux_1_1_2                                                                   0.9467  9.9711  
        Convolotion:core/Result#1.lpi.dfm#3:mx0                                                                                                                       0.0000  9.9711  
        Convolotion:core/mux                                                          mgc_mux_1_1_2                                                                   0.9467  10.9179 
        Convolotion:core/mux.itm                                                                                                                                      0.0000  10.9179 
        Convolotion:core/for:for:for:for:and#2                                        mgc_and_1_3                                                                     0.6481  11.5660 
        Convolotion:core/for:for:for:for:and#2.itm                                                                                                                    0.0000  11.5660 
        Convolotion:core/mux#25                                                       mgc_mux_1_1_2                                                                   0.9467  12.5127 
        Convolotion:core/mux#25.itm                                                                                                                                   0.0000  12.5127 
        Convolotion:core/reg(Result#1.lpi.reg)                                        mgc_reg_pos_1_0_0_1_1_0_0                                                       0.0000  12.5127 
                                                                                                                                                                                      
      9                                                                               Convolotion/in:rsc:singleport.data_out Convolotion:core/reg(Result#1.lpi.reg)   12.5127 7.4873  
                                                                                                                                                                                      
        Instance                                                                      Component                                                                       Delta   Delay   
        --------                                                                      ---------                                                                       -----   -----   
        Convolotion/in:rsc:singleport.data_out                                                                                                                        3.4000  3.4000  
        Convolotion:core/in:rsc:singleport.data_out                                                                                                                   0.0000  3.4000  
        Convolotion:core/for:for:for:for:else:mul#1                                   mgc_mul_5_0_8_0_12                                                              2.8582  6.2582  
        Convolotion:core/for:for:for:for:else:mul#1.itm                                                                                                               0.0000  6.2582  
        Convolotion:core/for:for:for:for:else:slc(for:for:for:for:else:mul#1.sdt)                                                                                     0.0000  6.2582  
        Convolotion:core/for:for:for:for:else:slc(for:for:for:for:else:mul#1.sdt).itm                                                                                 0.0000  6.2582  
        Convolotion:core/for:for:for:for:else:acc#4                                   mgc_add_8_0_5_0_9                                                               1.4216  7.6797  
        Convolotion:core/slc.sat.sva                                                                                                                                  0.0000  7.6797  
        Convolotion:core/slc(slc.sat.sva)#3                                                                                                                           0.0000  7.6797  
        Convolotion:core/slc(slc.sat.sva)#3.itm                                                                                                                       0.0000  7.6797  
        Convolotion:core/exs#30                                                                                                                                       0.0000  7.6797  
        Convolotion:core/exs#30.itm                                                                                                                                   0.0000  7.6797  
        Convolotion:core/or#39                                                        mgc_or_8_2                                                                      0.3979  8.0776  
        Convolotion:core/for:for:for:for:else:ac_fixed:cctor.sva                                                                                                      0.0000  8.0776  
        Convolotion:core/slc(for:for:for:for:else:ac_fixed:cctor.sva)                                                                                                 0.0000  8.0776  
        Convolotion:core/slc(for:for:for:for:else:ac_fixed:cctor.sva).itm                                                                                             0.0000  8.0776  
        Convolotion:core/mux#3                                                        mgc_mux_1_1_2                                                                   0.9467  9.0244  
        Convolotion:core/Result#1.lpi.dfm#1:mx0                                                                                                                       0.0000  9.0244  
        Convolotion:core/mux#12                                                       mgc_mux_1_1_2                                                                   0.9467  9.9711  
        Convolotion:core/Result#1.lpi.dfm#3:mx0                                                                                                                       0.0000  9.9711  
        Convolotion:core/mux                                                          mgc_mux_1_1_2                                                                   0.9467  10.9179 
        Convolotion:core/mux.itm                                                                                                                                      0.0000  10.9179 
        Convolotion:core/for:for:for:for:and#2                                        mgc_and_1_3                                                                     0.6481  11.5660 
        Convolotion:core/for:for:for:for:and#2.itm                                                                                                                    0.0000  11.5660 
        Convolotion:core/mux#25                                                       mgc_mux_1_1_2                                                                   0.9467  12.5127 
        Convolotion:core/mux#25.itm                                                                                                                                   0.0000  12.5127 
        Convolotion:core/reg(Result#1.lpi.reg)                                        mgc_reg_pos_1_0_0_1_1_0_0                                                       0.0000  12.5127 
                                                                                                                                                                                      
      10                                                                              Convolotion/in:rsc:singleport.data_out Convolotion:core/reg(Result.sg1.lpi.reg) 12.3915 7.6085  
                                                                                                                                                                                      
        Instance                                                                      Component                                                                       Delta   Delay   
        --------                                                                      ---------                                                                       -----   -----   
        Convolotion/in:rsc:singleport.data_out                                                                                                                        3.4000  3.4000  
        Convolotion:core/in:rsc:singleport.data_out                                                                                                                   0.0000  3.4000  
        Convolotion:core/for:for:for:for:else:mul#1                                   mgc_mul_5_0_8_0_12                                                              2.8582  6.2582  
        Convolotion:core/for:for:for:for:else:mul#1.itm                                                                                                               0.0000  6.2582  
        Convolotion:core/for:for:for:for:else:slc(for:for:for:for:else:mul#1.sdt)                                                                                     0.0000  6.2582  
        Convolotion:core/for:for:for:for:else:slc(for:for:for:for:else:mul#1.sdt).itm                                                                                 0.0000  6.2582  
        Convolotion:core/for:for:for:for:else:acc#4                                   mgc_add_8_0_5_0_9                                                               1.4216  7.6797  
        Convolotion:core/slc.sat.sva                                                                                                                                  0.0000  7.6797  
        Convolotion:core/slc(slc.sat.sva)                                                                                                                             0.0000  7.6797  
        Convolotion:core/slc(slc.sat.sva).itm                                                                                                                         0.0000  7.6797  
        Convolotion:core/or#39                                                        mgc_or_8_2                                                                      0.3979  8.0776  
        Convolotion:core/for:for:for:for:else:ac_fixed:cctor.sva                                                                                                      0.0000  8.0776  
        Convolotion:core/slc(for:for:for:for:else:ac_fixed:cctor.sva)#1                                                                                               0.0000  8.0776  
        Convolotion:core/slc(for:for:for:for:else:ac_fixed:cctor.sva)#1.itm                                                                                           0.0000  8.0776  
        Convolotion:core/mux#2                                                        mgc_mux_6_1_2                                                                   0.9467  9.0244  
        Convolotion:core/Result.sg1.lpi.dfm#1:mx0                                                                                                                     0.0000  9.0244  
        Convolotion:core/and#119                                                      mgc_and_6_2                                                                     0.4089  9.4333  
        Convolotion:core/and#119.itm                                                                                                                                  0.0000  9.4333  
        Convolotion:core/or#44                                                        mgc_or_6_2                                                                      0.3979  9.8312  
        Convolotion:core/or#44.itm                                                                                                                                    0.0000  9.8312  
        Convolotion:core/nand#4                                                       mgc_nand_6_2                                                                    0.3979  10.2291 
        Convolotion:core/nand#4.itm                                                                                                                                   0.0000  10.2291 
        Convolotion:core/nand#3                                                       mgc_nand_6_2                                                                    0.3979  10.6270 
        Convolotion:core/nand#3.itm                                                                                                                                   0.0000  10.6270 
        Convolotion:core/for:for:for:for:and#1                                        mgc_and_6_4                                                                     0.8178  11.4448 
        Convolotion:core/for:for:for:for:and#1.itm                                                                                                                    0.0000  11.4448 
        Convolotion:core/mux#26                                                       mgc_mux_6_1_2                                                                   0.9467  12.3915 
        Convolotion:core/mux#26.itm                                                                                                                                   0.0000  12.3915 
        Convolotion:core/reg(Result.sg1.lpi.reg)                                      mgc_reg_pos_6_0_0_1_1_0_0                                                       0.0000  12.3915 
                                                                                                                                                                                      
      
    Register Input and Register-to-Output Slack
      Clock period or pin-to-reg delay constraint (clk): 20.0
      Clock uncertainty constraint (clk)               : 0.0
      
      Instance                                                    Port                             Slack (Delay) Messages 
      ----------------------------------------------------------- ------------------------------ ------- ------- --------
      Convolotion:core/reg(for:for:for:for:else:slc(conv1)#2.itm) slc(conv1.sva).itm             17.6773  2.3227          
      Convolotion:core/reg(for:for:for:for:else:acc.itm)          for:for:for:for:else:acc.itm#2 16.5722  3.4278          
      Convolotion:core/reg(exit:for:for.lpi)                      mux1h.itm                      14.8472  5.1528          
      Convolotion:core/reg(exit:for#1.lpi)                        mux#5.itm                      14.4738  5.5262          
      Convolotion:core/reg(exit:for:for:for.lpi)                  mux1h#1.itm                    14.4651  5.5349          
      Convolotion:core/reg(for:for:for:for:lor.lpi.reg)           mux#7.itm                      14.9633  5.0367          
      Convolotion:core/reg(exit:for:for#1.sva.reg)                mux#9.itm                      14.8827  5.1173          
      Convolotion:core/reg(exit:for:for:for#1.sva.reg)            mux#10.itm                     15.2916  4.7084          
      Convolotion:core/reg(Kcolumn#1.lpi)                         nor#20.itm                     10.9965  9.0035          
      Convolotion:core/reg(Krow#1.lpi)                            nor#22.itm                     11.0074  8.9926          
      Convolotion:core/reg(Dcolumn#1.lpi#2)                       mux1h#4.itm                    14.9871  5.0129          
      Convolotion:core/reg(Drow#1.lpi#2)                          nor#24.itm                     12.5448  7.4552          
      Convolotion:core/reg(main.stage_0#2)                        kernel.rom#25                  20.0000  0.0000          
      Convolotion:core/reg(Dcolumn:slc(Dcolumn)#8.itm#1)          reg(Dcolumn#1.sva#1).tmp       20.0000  0.0000          
      Convolotion:core/reg(Drow:slc(Drow)#8.itm#1)                reg(Drow#1.sva#1).tmp          20.0000  0.0000          
      Convolotion:core/reg(for:for:for:for:else:mux#1.reg)        mux#14.itm                     14.0169  5.9831          
      Convolotion:core/reg(for:for:for:for:else:mux.reg)          mux#15.itm                     14.0169  5.9831          
      Convolotion:core/reg(exit:for.lpi.dfm#2)                    mux1h#9.itm                    14.9871  5.0129          
      Convolotion:core/reg(Dcolumn:slc(Dcolumn)#1.reg)            mux#21.itm                     18.6444  1.3556          
      Convolotion:core/reg(Drow:slc(Drow)#1.reg)                  mux#22.itm                     18.6444  1.3556          
      Convolotion:core/reg(Result#1.lpi.reg)                      mux#25.itm                      6.6695 13.3305          
      Convolotion:core/reg(Result.sg1.lpi.reg)                    mux#26.itm                      7.6085 12.3915          
      Convolotion:core/reg(Result.sg2.lpi.reg)                    mux#27.itm                      6.6695 13.3305          
      Convolotion:core/reg(Drow:slc(Drow)#7.reg)                  mux#28.itm                     17.5392  2.4608          
      Convolotion:core/reg(Drow#1.sva#1)                          slc(Drow#1.sva#4).itm          18.4860  1.5140          
      Convolotion:core/reg(Dcolumn#1.sva#1)                       slc(Dcolumn#1.sva#4).itm       18.4860  1.5140          
      Convolotion                                                 in:rsc:singleport.data_in      19.8000  0.2000          
      Convolotion                                                 in:rsc:singleport.addr         19.8000  0.2000          
      Convolotion                                                 in:rsc:singleport.re           19.4021  0.5979          
      Convolotion                                                 in:rsc:singleport.we           19.8000  0.2000          
      Convolotion                                                 out:rsc:singleport.data_in     10.7756  9.2244          
      Convolotion                                                 out:rsc:singleport.addr        19.8000  0.2000          
      Convolotion                                                 out:rsc:singleport.re          19.8000  0.2000          
      Convolotion                                                 out:rsc:singleport.we          19.0042  0.9958          
      
  Operator Bitwidth Summary
    Operation Size (bits) Count 
    --------- ----------- -----
    add                         
    -                  11     5 
    -                   9     1 
    -                   3     4 
    -                   2     5 
    and                         
    -                   4     2 
    -                   3     3 
    -                   2    33 
    mul                         
    -                  12     1 
    mux                         
    -                   4     2 
    -                   1    26 
    mux1h                       
    -                   4     1 
    -                   3     4 
    nand                        
    -                   2     7 
    nor                         
    -                   3     2 
    -                   2     8 
    not                         
    -                   2     1 
    -                   1    33 
    or                          
    -                   4     1 
    -                   2     8 
    reg                         
    -                   9     6 
    -                   6     1 
    -                   2     3 
    -                   1    16 
    
  End of Report
